#
# There is insufficient memory for the Java Runtime Environment to continue.
# Native memory allocation (mmap) failed to map 38797312 bytes for committing reserved memory.
# Possible reasons:
#   The system is out of physical RAM or swap space
#   In 32 bit mode, the process size limit was hit
# Possible solutions:
#   Reduce memory load on the system
#   Increase physical memory or swap space
#   Check if swap backing store is full
#   Use 64 bit Java on a 64 bit OS
#   Decrease Java heap size (-Xmx/-Xms)
#   Decrease number of Java threads
#   Decrease Java thread stack sizes (-Xss)
#   Set larger code cache with -XX:ReservedCodeCacheSize=
# This output file may be truncated or incomplete.
#
#  Out of Memory Error (os_linux.cpp:2640), pid=30860, tid=0x00007fd584fff700
#
# JRE version: Java(TM) SE Runtime Environment (8.0_181-b13) (build 1.8.0_181-b13)
# Java VM: Java HotSpot(TM) 64-Bit Server VM (25.181-b13 mixed mode linux-amd64 compressed oops)
# Failed to write core dump. Core dumps have been disabled. To enable core dumping, try "ulimit -c unlimited" before starting Java again
#

---------------  T H R E A D  ---------------

Current thread (0x00007fd594148000):  VMThread [stack: 0x00007fd584eff000,0x00007fd585000000] [id=30875]

Stack: [0x00007fd584eff000,0x00007fd585000000],  sp=0x00007fd584ffe320,  free space=1020k
Native frames: (J=compiled Java code, j=interpreted, Vv=VM code, C=native code)
V  [libjvm.so+0xad21aa]  VMError::report_and_die()+0x2ba
V  [libjvm.so+0x5022db]  report_vm_out_of_memory(char const*, int, unsigned long, VMErrorType, char const*)+0x8b
V  [libjvm.so+0x92fe33]  os::Linux::commit_memory_impl(char*, unsigned long, bool)+0x123
V  [libjvm.so+0x930059]  os::pd_commit_memory(char*, unsigned long, unsigned long, bool)+0x29
V  [libjvm.so+0x9272ba]  os::commit_memory(char*, unsigned long, unsigned long, bool)+0x2a
V  [libjvm.so+0x99d2e3]  PSVirtualSpace::expand_by(unsigned long)+0x53
V  [libjvm.so+0x99e6e8]  PSYoungGen::resize_generation(unsigned long, unsigned long)+0xf8
V  [libjvm.so+0x99d842]  PSYoungGen::resize(unsigned long, unsigned long)+0x22
V  [libjvm.so+0x99ab1b]  PSScavenge::invoke_no_policy()+0xf3b
V  [libjvm.so+0x99b2a1]  PSScavenge::invoke()+0x41
V  [libjvm.so+0x951d70]  ParallelScavengeHeap::failed_mem_allocate(unsigned long)+0x70
V  [libjvm.so+0xad3c27]  VM_ParallelGCFailedAllocation::doit()+0x97
V  [libjvm.so+0xadb745]  VM_Operation::evaluate()+0x55
V  [libjvm.so+0xad9b0a]  VMThread::evaluate_operation(VM_Operation*)+0xba
V  [libjvm.so+0xad9e8e]  VMThread::loop()+0x1ce
V  [libjvm.so+0xada300]  VMThread::run()+0x70
V  [libjvm.so+0x930198]  java_start(Thread*)+0x108

VM_Operation (0x00007fd59d7f0bb0): ParallelGCFailedAllocation, mode: safepoint, requested by thread 0x00007fd594013000


---------------  P R O C E S S  ---------------

Java Threads: ( => current thread )
  0x00007fd538027000 JavaThread "task-result-getter-1" daemon [_thread_blocked, id=31109, stack(0x00007fd5060e2000,0x00007fd5061e3000)]
  0x00007fd53c006800 JavaThread "task-result-getter-0" daemon [_thread_blocked, id=31107, stack(0x00007fd5061e3000,0x00007fd5062e4000)]
  0x00007fd595449800 JavaThread "org.apache.hadoop.fs.FileSystem$Statistics$StatisticsDataReferenceCleaner" daemon [_thread_blocked, id=31083, stack(0x00007fd506bf2000,0x00007fd506cf3000)]
  0x00007fd5952a8800 JavaThread "SparkListenerBus" daemon [_thread_blocked, id=31080, stack(0x00007fd506ef3000,0x00007fd506ff4000)]
  0x00007fd5952a4800 JavaThread "context-cleaner-periodic-gc" daemon [_thread_blocked, id=31079, stack(0x00007fd506ff4000,0x00007fd5070f5000)]
  0x00007fd5952a3000 JavaThread "Spark Context Cleaner" daemon [_thread_blocked, id=31078, stack(0x00007fd5070f5000,0x00007fd5071f6000)]
  0x00007fd59518e000 JavaThread "shuffle-server-0" daemon [_thread_blocked, id=31077, stack(0x00007fd5073f6000,0x00007fd5074f7000)]
  0x00007fd595188000 JavaThread "driver-heartbeater" daemon [_thread_blocked, id=31076, stack(0x00007fd5074f7000,0x00007fd5075f8000)]
  0x00007fd595173800 JavaThread "dag-scheduler-event-loop" daemon [_thread_blocked, id=31075, stack(0x00007fd5075f8000,0x00007fd5076f9000)]
  0x00007fd53400e000 JavaThread "netty-rpc-env-timeout" daemon [_thread_blocked, id=31074, stack(0x00007fd5078f9000,0x00007fd5079fa000)]
  0x00007fd59514a800 JavaThread "Timer-0" daemon [_thread_blocked, id=31073, stack(0x00007fd5079fa000,0x00007fd507afb000)]
  0x00007fd538002000 JavaThread "heartbeat-receiver-event-loop-thread" daemon [_thread_blocked, id=31072, stack(0x00007fd507afb000,0x00007fd507bfc000)]
  0x00007fd5950f1000 JavaThread "SparkUI-53" daemon [_thread_blocked, id=31071, stack(0x00007fd5742f4000,0x00007fd5743f5000)]
  0x00007fd595107800 JavaThread "SparkUI-52" daemon [_thread_blocked, id=31070, stack(0x00007fd5743f5000,0x00007fd5744f6000)]
  0x00007fd5950fd800 JavaThread "SparkUI-51" daemon [_thread_blocked, id=31069, stack(0x00007fd5741f3000,0x00007fd5742f4000)]
  0x00007fd5950fa000 JavaThread "SparkUI-50" daemon [_thread_blocked, id=31068, stack(0x00007fd5740f2000,0x00007fd5741f3000)]
  0x00007fd5950fb800 JavaThread "SparkUI-49" daemon [_thread_blocked, id=31067, stack(0x00007fd507eff000,0x00007fd508000000)]
  0x00007fd5950ff000 JavaThread "SparkUI-48-acceptor-0@170baf4e-ServerConnector@19cc43df{HTTP/1.1}{0.0.0.0:4041}" daemon [_thread_in_native, id=31066, stack(0x00007fd507dfe000,0x00007fd507eff000)]
  0x00007fd5950f8000 JavaThread "SparkUI-47-selector-ServerConnectorManager@7ebc6a2e/1" daemon [_thread_in_native, id=31065, stack(0x00007fd507bfc000,0x00007fd507cfd000)]
  0x00007fd595100800 JavaThread "SparkUI-46-selector-ServerConnectorManager@7ebc6a2e/0" daemon [_thread_in_native, id=31064, stack(0x00007fd507cfd000,0x00007fd507dfe000)]
  0x00007fd594ff4800 JavaThread "map-output-dispatcher-7" daemon [_thread_blocked, id=31052, stack(0x00007fd5746f6000,0x00007fd5747f7000)]
  0x00007fd594ff2800 JavaThread "map-output-dispatcher-6" daemon [_thread_blocked, id=31051, stack(0x00007fd5747f7000,0x00007fd5748f8000)]
  0x00007fd594ff1000 JavaThread "map-output-dispatcher-5" daemon [_thread_blocked, id=31050, stack(0x00007fd5748f8000,0x00007fd5749f9000)]
  0x00007fd594fef000 JavaThread "map-output-dispatcher-4" daemon [_thread_blocked, id=31049, stack(0x00007fd5749f9000,0x00007fd574afa000)]
  0x00007fd594fed800 JavaThread "map-output-dispatcher-3" daemon [_thread_blocked, id=31048, stack(0x00007fd574afa000,0x00007fd574bfb000)]
  0x00007fd594fec000 JavaThread "map-output-dispatcher-2" daemon [_thread_blocked, id=31047, stack(0x00007fd574bfb000,0x00007fd574cfc000)]
  0x00007fd594fea000 JavaThread "map-output-dispatcher-1" daemon [_thread_blocked, id=31046, stack(0x00007fd574cfc000,0x00007fd574dfd000)]
  0x00007fd594fe9000 JavaThread "map-output-dispatcher-0" daemon [_thread_blocked, id=31045, stack(0x00007fd574dfd000,0x00007fd574efe000)]
  0x00007fd594fc2800 JavaThread "shuffle-server-0" daemon [_thread_blocked, id=31044, stack(0x00007fd574efe000,0x00007fd574fff000)]
  0x00007fd594e38000 JavaThread "dispatcher-event-loop-3" daemon [_thread_blocked, id=31039, stack(0x00007fd57c458000,0x00007fd57c559000)]
  0x00007fd594e2e000 JavaThread "dispatcher-event-loop-2" daemon [_thread_blocked, id=31038, stack(0x00007fd57c559000,0x00007fd57c65a000)]
  0x00007fd594e2c800 JavaThread "dispatcher-event-loop-1" daemon [_thread_blocked, id=31037, stack(0x00007fd57c65a000,0x00007fd57c75b000)]
  0x00007fd594e2b800 JavaThread "dispatcher-event-loop-0" daemon [_thread_blocked, id=31036, stack(0x00007fd57cb89000,0x00007fd57cc8a000)]
  0x00007fd5949b1800 JavaThread "Service Thread" daemon [_thread_blocked, id=30907, stack(0x00007fd57d5dc000,0x00007fd57d6dd000)]
  0x00007fd59499c800 JavaThread "C1 CompilerThread2" daemon [_thread_blocked, id=30906, stack(0x00007fd57d6dd000,0x00007fd57d7de000)]
  0x00007fd59499a800 JavaThread "C2 CompilerThread1" daemon [_thread_blocked, id=30905, stack(0x00007fd57d7de000,0x00007fd57d8df000)]
  0x00007fd594998800 JavaThread "C2 CompilerThread0" daemon [_thread_blocked, id=30904, stack(0x00007fd57daf6000,0x00007fd57dbf7000)]
  0x00007fd594986000 JavaThread "Monitor Ctrl-Break" daemon [_thread_in_native, id=30903, stack(0x00007fd57dbf7000,0x00007fd57dcf8000)]
  0x00007fd594188000 JavaThread "Signal Dispatcher" daemon [_thread_blocked, id=30895, stack(0x00007fd58423d000,0x00007fd58433e000)]
  0x00007fd594154800 JavaThread "Finalizer" daemon [_thread_blocked, id=30881, stack(0x00007fd584cfd000,0x00007fd584dfe000)]
  0x00007fd594152000 JavaThread "Reference Handler" daemon [_thread_blocked, id=30879, stack(0x00007fd584dfe000,0x00007fd584eff000)]
  0x00007fd594013000 JavaThread "main" [_thread_blocked, id=30861, stack(0x00007fd59d6f4000,0x00007fd59d7f5000)]

Other Threads:
=>0x00007fd594148000 VMThread [stack: 0x00007fd584eff000,0x00007fd585000000] [id=30875]
  0x00007fd5949b4800 WatcherThread [stack: 0x00007fd57d4db000,0x00007fd57d5dc000] [id=30908]

VM state:at safepoint (normal execution)

VM Mutex/Monitor currently owned by a thread:  ([mutex/lock_event])
[0x00007fd59400a5c0] Threads_lock - owner thread: 0x00007fd594148000
[0x00007fd59400fc80] Heap_lock - owner thread: 0x00007fd594013000

Heap:
 PSYoungGen      total 142336K, used 10217K [0x00000000ed000000, 0x00000000f6c80000, 0x0000000100000000)
  eden space 132096K, 0% used [0x00000000ed000000,0x00000000ed000000,0x00000000f5100000)
  from space 10240K, 99% used [0x00000000f5880000,0x00000000f627a630,0x00000000f6280000)
  to   space 9216K, 0% used [0x00000000f6380000,0x00000000f6380000,0x00000000f6c80000)
 ParOldGen       total 44032K, used 19429K [0x00000000c7000000, 0x00000000c9b00000, 0x00000000ed000000)
  object space 44032K, 44% used [0x00000000c7000000,0x00000000c82f95c8,0x00000000c9b00000)
 Metaspace       used 54183K, capacity 54590K, committed 54912K, reserved 1095680K
  class space    used 8085K, capacity 8220K, committed 8320K, reserved 1048576K

Card table byte_map: [0x00007fd59a0b9000,0x00007fd59a282000] byte_map_base: 0x00007fd599a81000

Marking Bits: (ParMarkBitMap*) 0x00007fd59cbc80a0
 Begin Bits: [0x00007fd57e380000, 0x00007fd57f1c0000)
 End Bits:   [0x00007fd57f1c0000, 0x00007fd580000000)

Polling page: 0x00007fd59d81a000

CodeCache: size=245760Kb used=11555Kb max_used=11555Kb free=234204Kb
 bounds [0x00007fd585000000, 0x00007fd585b60000, 0x00007fd594000000]
 total_blobs=4610 nmethods=4059 adapters=460
 compilation: enabled

Compilation events (10 events):
Event: 68,424 Thread 0x00007fd59499c800 4428       3       io.netty.util.internal.MpscLinkedQueueNode::setNext (9 bytes)
Event: 68,959 Thread 0x00007fd59499c800 nmethod 4428 0x00007fd5854ebfd0 code [0x00007fd5854ec140, 0x00007fd5854ec350]
Event: 69,025 Thread 0x00007fd59499c800 4430       3       io.netty.util.internal.UnsafeAtomicReferenceFieldUpdater::lazySet (14 bytes)
Event: 69,283 Thread 0x00007fd59499c800 nmethod 4430 0x00007fd5854ebc10 code [0x00007fd5854ebd80, 0x00007fd5854ebf10]
Event: 69,283 Thread 0x00007fd59499c800 4431       3       io.netty.util.internal.UnsafeAtomicIntegerFieldUpdater::get (13 bytes)
Event: 69,286 Thread 0x00007fd59499c800 nmethod 4431 0x00007fd5854eb890 code [0x00007fd5854eba00, 0x00007fd5854ebb70]
Event: 69,320 Thread 0x00007fd59499c800 4432       3       org.apache.spark.sql.catalyst.trees.TreeNode$$anonfun$transformUp$1::<init> (21 bytes)
Event: 69,326 Thread 0x00007fd59499c800 nmethod 4432 0x00007fd5854eb2d0 code [0x00007fd5854eb440, 0x00007fd5854eb730]
Event: 69,326 Thread 0x00007fd59499c800 4433       3       org.apache.spark.sql.catalyst.trees.TreeNode$$anonfun$transformUp$1::apply (5 bytes)
Event: 69,327 Thread 0x00007fd59499c800 nmethod 4433 0x00007fd585b55a90 code [0x00007fd585b55c40, 0x00007fd585b561e8]

GC Heap History (10 events):
Event: 5,079 GC heap after
Heap after GC invocations=8 (full 1):
 PSYoungGen      total 66560K, used 6123K [0x00000000ed000000, 0x00000000f4300000, 0x0000000100000000)
  eden space 60416K, 0% used [0x00000000ed000000,0x00000000ed000000,0x00000000f0b00000)
  from space 6144K, 99% used [0x00000000f0b00000,0x00000000f10faef0,0x00000000f1100000)
  to   space 7680K, 0% used [0x00000000f3b80000,0x00000000f3b80000,0x00000000f4300000)
 ParOldGen       total 32256K, used 11011K [0x00000000c7000000, 0x00000000c8f80000, 0x00000000ed000000)
  object space 32256K, 34% used [0x00000000c7000000,0x00000000c7ac0f68,0x00000000c8f80000)
 Metaspace       used 27194K, capacity 27406K, committed 27648K, reserved 1073152K
  class space    used 3762K, capacity 3819K, committed 3840K, reserved 1048576K
}
Event: 6,244 GC heap before
{Heap before GC invocations=9 (full 1):
 PSYoungGen      total 66560K, used 66539K [0x00000000ed000000, 0x00000000f4300000, 0x0000000100000000)
  eden space 60416K, 100% used [0x00000000ed000000,0x00000000f0b00000,0x00000000f0b00000)
  from space 6144K, 99% used [0x00000000f0b00000,0x00000000f10faef0,0x00000000f1100000)
  to   space 7680K, 0% used [0x00000000f3b80000,0x00000000f3b80000,0x00000000f4300000)
 ParOldGen       total 32256K, used 11011K [0x00000000c7000000, 0x00000000c8f80000, 0x00000000ed000000)
  object space 32256K, 34% used [0x00000000c7000000,0x00000000c7ac0f68,0x00000000c8f80000)
 Metaspace       used 30637K, capacity 30798K, committed 30976K, reserved 1075200K
  class space    used 4277K, capacity 4331K, committed 4352K, reserved 1048576K
Event: 6,256 GC heap after
Heap after GC invocations=9 (full 1):
 PSYoungGen      total 109056K, used 6870K [0x00000000ed000000, 0x00000000f4300000, 0x0000000100000000)
  eden space 101376K, 0% used [0x00000000ed000000,0x00000000ed000000,0x00000000f3300000)
  from space 7680K, 89% used [0x00000000f3b80000,0x00000000f4235870,0x00000000f4300000)
  to   space 8192K, 0% used [0x00000000f3300000,0x00000000f3300000,0x00000000f3b00000)
 ParOldGen       total 32256K, used 11011K [0x00000000c7000000, 0x00000000c8f80000, 0x00000000ed000000)
  object space 32256K, 34% used [0x00000000c7000000,0x00000000c7ac0f68,0x00000000c8f80000)
 Metaspace       used 30637K, capacity 30798K, committed 30976K, reserved 1075200K
  class space    used 4277K, capacity 4331K, committed 4352K, reserved 1048576K
}
Event: 7,083 GC heap before
{Heap before GC invocations=10 (full 1):
 PSYoungGen      total 109056K, used 45424K [0x00000000ed000000, 0x00000000f4300000, 0x0000000100000000)
  eden space 101376K, 38% used [0x00000000ed000000,0x00000000ef5a6790,0x00000000f3300000)
  from space 7680K, 89% used [0x00000000f3b80000,0x00000000f4235870,0x00000000f4300000)
  to   space 8192K, 0% used [0x00000000f3300000,0x00000000f3300000,0x00000000f3b00000)
 ParOldGen       total 32256K, used 11011K [0x00000000c7000000, 0x00000000c8f80000, 0x00000000ed000000)
  object space 32256K, 34% used [0x00000000c7000000,0x00000000c7ac0f68,0x00000000c8f80000)
 Metaspace       used 34918K, capacity 35194K, committed 35416K, reserved 1079296K
  class space    used 4942K, capacity 5014K, committed 5120K, reserved 1048576K
Event: 7,093 GC heap after
Heap after GC invocations=10 (full 1):
 PSYoungGen      total 109568K, used 7297K [0x00000000ed000000, 0x00000000f6c80000, 0x0000000100000000)
  eden space 101376K, 0% used [0x00000000ed000000,0x00000000ed000000,0x00000000f3300000)
  from space 8192K, 89% used [0x00000000f3300000,0x00000000f3a20700,0x00000000f3b00000)
  to   space 9216K, 0% used [0x00000000f6380000,0x00000000f6380000,0x00000000f6c80000)
 ParOldGen       total 32256K, used 11019K [0x00000000c7000000, 0x00000000c8f80000, 0x00000000ed000000)
  object space 32256K, 34% used [0x00000000c7000000,0x00000000c7ac2f68,0x00000000c8f80000)
 Metaspace       used 34918K, capacity 35194K, committed 35416K, reserved 1079296K
  class space    used 4942K, capacity 5014K, committed 5120K, reserved 1048576K
}
Event: 7,093 GC heap before
{Heap before GC invocations=11 (full 2):
 PSYoungGen      total 109568K, used 7297K [0x00000000ed000000, 0x00000000f6c80000, 0x0000000100000000)
  eden space 101376K, 0% used [0x00000000ed000000,0x00000000ed000000,0x00000000f3300000)
  from space 8192K, 89% used [0x00000000f3300000,0x00000000f3a20700,0x00000000f3b00000)
  to   space 9216K, 0% used [0x00000000f6380000,0x00000000f6380000,0x00000000f6c80000)
 ParOldGen       total 32256K, used 11019K [0x00000000c7000000, 0x00000000c8f80000, 0x00000000ed000000)
  object space 32256K, 34% used [0x00000000c7000000,0x00000000c7ac2f68,0x00000000c8f80000)
 Metaspace       used 34918K, capacity 35194K, committed 35416K, reserved 1079296K
  class space    used 4942K, capacity 5014K, committed 5120K, reserved 1048576K
Event: 7,147 GC heap after
Heap after GC invocations=11 (full 2):
 PSYoungGen      total 109568K, used 0K [0x00000000ed000000, 0x00000000f6c80000, 0x0000000100000000)
  eden space 101376K, 0% used [0x00000000ed000000,0x00000000ed000000,0x00000000f3300000)
  from space 8192K, 0% used [0x00000000f3300000,0x00000000f3300000,0x00000000f3b00000)
  to   space 9216K, 0% used [0x00000000f6380000,0x00000000f6380000,0x00000000f6c80000)
 ParOldGen       total 44032K, used 11336K [0x00000000c7000000, 0x00000000c9b00000, 0x00000000ed000000)
  object space 44032K, 25% used [0x00000000c7000000,0x00000000c7b12168,0x00000000c9b00000)
 Metaspace       used 34910K, capacity 35182K, committed 35416K, reserved 1079296K
  class space    used 4941K, capacity 5012K, committed 5120K, reserved 1048576K
}
Event: 8,813 GC heap before
{Heap before GC invocations=12 (full 2):
 PSYoungGen      total 109568K, used 101376K [0x00000000ed000000, 0x00000000f6c80000, 0x0000000100000000)
  eden space 101376K, 100% used [0x00000000ed000000,0x00000000f3300000,0x00000000f3300000)
  from space 8192K, 0% used [0x00000000f3300000,0x00000000f3300000,0x00000000f3b00000)
  to   space 9216K, 0% used [0x00000000f6380000,0x00000000f6380000,0x00000000f6c80000)
 ParOldGen       total 44032K, used 11336K [0x00000000c7000000, 0x00000000c9b00000, 0x00000000ed000000)
  object space 44032K, 25% used [0x00000000c7000000,0x00000000c7b12178,0x00000000c9b00000)
 Metaspace       used 41628K, capacity 41964K, committed 42368K, reserved 1085440K
  class space    used 6057K, capacity 6169K, committed 6272K, reserved 1048576K
Event: 8,831 GC heap after
Heap after GC invocations=12 (full 2):
 PSYoungGen      total 141312K, used 9152K [0x00000000ed000000, 0x00000000f6c80000, 0x0000000100000000)
  eden space 132096K, 0% used [0x00000000ed000000,0x00000000ed000000,0x00000000f5100000)
  from space 9216K, 99% used [0x00000000f6380000,0x00000000f6c70198,0x00000000f6c80000)
  to   space 10240K, 0% used [0x00000000f5880000,0x00000000f5880000,0x00000000f6280000)
 ParOldGen       total 44032K, used 11336K [0x00000000c7000000, 0x00000000c9b00000, 0x00000000ed000000)
  object space 44032K, 25% used [0x00000000c7000000,0x00000000c7b12178,0x00000000c9b00000)
 Metaspace       used 41628K, capacity 41964K, committed 42368K, reserved 1085440K
  class space    used 6057K, capacity 6169K, committed 6272K, reserved 1048576K
}
Event: 69,388 GC heap before
{Heap before GC invocations=13 (full 2):
 PSYoungGen      total 141312K, used 141248K [0x00000000ed000000, 0x00000000f6c80000, 0x0000000100000000)
  eden space 132096K, 100% used [0x00000000ed000000,0x00000000f5100000,0x00000000f5100000)
  from space 9216K, 99% used [0x00000000f6380000,0x00000000f6c70198,0x00000000f6c80000)
  to   space 10240K, 0% used [0x00000000f5880000,0x00000000f5880000,0x00000000f6280000)
 ParOldGen       total 44032K, used 11349K [0x00000000c7000000, 0x00000000c9b00000, 0x00000000ed000000)
  object space 44032K, 25% used [0x00000000c7000000,0x00000000c7b154a8,0x00000000c9b00000)
 Metaspace       used 54183K, capacity 54590K, committed 54912K, reserved 1095680K
  class space    used 8085K, capacity 8220K, committed 8320K, reserved 1048576K

Deoptimization events (10 events):
Event: 11,745 Thread 0x00007fd594013000 Uncommon trap: reason=array_check action=maybe_recompile pc=0x00007fd585a39bc0 method=scala.runtime.ScalaRunTime$.array_update(Ljava/lang/Object;ILjava/lang/Object;)V @ 17
Event: 11,746 Thread 0x00007fd594013000 Uncommon trap: reason=array_check action=maybe_recompile pc=0x00007fd585a39bc0 method=scala.runtime.ScalaRunTime$.array_update(Ljava/lang/Object;ILjava/lang/Object;)V @ 17
Event: 11,746 Thread 0x00007fd594013000 Uncommon trap: reason=array_check action=maybe_recompile pc=0x00007fd585a39bc0 method=scala.runtime.ScalaRunTime$.array_update(Ljava/lang/Object;ILjava/lang/Object;)V @ 17
Event: 11,750 Thread 0x00007fd594013000 Uncommon trap: reason=bimorphic action=maybe_recompile pc=0x00007fd58587fc44 method=scala.collection.generic.Growable$class.loop$1(Lscala/collection/generic/Growable;Lscala/collection/LinearSeq;)V @ 11
Event: 11,757 Thread 0x00007fd594013000 Uncommon trap: reason=class_check action=maybe_recompile pc=0x00007fd5855efc08 method=java.net.URLClassLoader.defineClass(Ljava/lang/String;Lsun/misc/Resource;)Ljava/lang/Class; @ 13
Event: 11,845 Thread 0x00007fd594013000 Uncommon trap: reason=unstable_if action=reinterpret pc=0x00007fd5854ff770 method=sun.misc.URLClassPath$JarLoader.getResource(Ljava/lang/String;ZLjava/util/Set;)Lsun/misc/Resource; @ 17
Event: 11,987 Thread 0x00007fd594013000 Uncommon trap: reason=unstable_if action=reinterpret pc=0x00007fd58541339c method=java.util.regex.Pattern.closure(Ljava/util/regex/Pattern$Node;)Ljava/util/regex/Pattern$Node; @ 113
Event: 13,591 Thread 0x00007fd594013000 Uncommon trap: reason=unloaded action=reinterpret pc=0x00007fd5855900a4 method=java.util.regex.Pattern.newSingle(I)Ljava/util/regex/Pattern$CharProperty; @ 63
Event: 15,885 Thread 0x00007fd594013000 Uncommon trap: reason=unstable_if action=reinterpret pc=0x00007fd585305dd0 method=java.util.concurrent.ConcurrentHashMap.addCount(JI)V @ 34
Event: 64,404 Thread 0x00007fd5950fd800 Uncommon trap: reason=unstable_if action=reinterpret pc=0x00007fd5857efea4 method=java.util.concurrent.locks.ReentrantLock$Sync.nonfairTryAcquire(I)Z @ 19

Classes redefined (0 events):
No events

Internal exceptions (10 events):
Event: 13,607 Thread 0x00007fd594013000 Exception <a 'java/lang/ClassNotFoundException': scala/reflect/ScalaSignature> (0x00000000f3b24258) thrown at [/HUDSON/workspace/8-2-build-linux-amd64/jdk8u181/11358/hotspot/src/share/vm/classfile/systemDictionary.cpp, line 210]
Event: 13,607 Thread 0x00007fd594013000 Exception <a 'java/lang/ClassNotFoundException': scala/reflect/ScalaLongSignature> (0x00000000f3b24ad0) thrown at [/HUDSON/workspace/8-2-build-linux-amd64/jdk8u181/11358/hotspot/src/share/vm/classfile/systemDictionary.cpp, line 210]
Event: 13,609 Thread 0x00007fd594013000 Exception <a 'java/lang/ClassNotFoundException': scala/reflect/ScalaSignature> (0x00000000f3b2a588) thrown at [/HUDSON/workspace/8-2-build-linux-amd64/jdk8u181/11358/hotspot/src/share/vm/classfile/systemDictionary.cpp, line 210]
Event: 13,609 Thread 0x00007fd594013000 Exception <a 'java/lang/ClassNotFoundException': scala/reflect/ScalaLongSignature> (0x00000000f3b2afe8) thrown at [/HUDSON/workspace/8-2-build-linux-amd64/jdk8u181/11358/hotspot/src/share/vm/classfile/systemDictionary.cpp, line 210]
Event: 13,611 Thread 0x00007fd594013000 Exception <a 'java/lang/ClassNotFoundException': scala/reflect/ScalaSignature> (0x00000000f3b40788) thrown at [/HUDSON/workspace/8-2-build-linux-amd64/jdk8u181/11358/hotspot/src/share/vm/classfile/systemDictionary.cpp, line 210]
Event: 13,611 Thread 0x00007fd594013000 Exception <a 'java/lang/ClassNotFoundException': scala/reflect/ScalaLongSignature> (0x00000000f3b411e8) thrown at [/HUDSON/workspace/8-2-build-linux-amd64/jdk8u181/11358/hotspot/src/share/vm/classfile/systemDictionary.cpp, line 210]
Event: 13,638 Thread 0x00007fd594013000 Exception <a 'java/lang/ClassNotFoundException': scala/reflect/ScalaSignature> (0x00000000f3b93f18) thrown at [/HUDSON/workspace/8-2-build-linux-amd64/jdk8u181/11358/hotspot/src/share/vm/classfile/systemDictionary.cpp, line 210]
Event: 13,638 Thread 0x00007fd594013000 Exception <a 'java/lang/ClassNotFoundException': scala/reflect/ScalaLongSignature> (0x00000000f3b943c0) thrown at [/HUDSON/workspace/8-2-build-linux-amd64/jdk8u181/11358/hotspot/src/share/vm/classfile/systemDictionary.cpp, line 210]
Event: 13,672 Thread 0x00007fd594013000 Exception <a 'java/lang/ClassNotFoundException': scala/reflect/ScalaSignature> (0x00000000f3ba9c88) thrown at [/HUDSON/workspace/8-2-build-linux-amd64/jdk8u181/11358/hotspot/src/share/vm/classfile/systemDictionary.cpp, line 210]
Event: 13,672 Thread 0x00007fd594013000 Exception <a 'java/lang/ClassNotFoundException': scala/reflect/ScalaLongSignature> (0x00000000f3baa318) thrown at [/HUDSON/workspace/8-2-build-linux-amd64/jdk8u181/11358/hotspot/src/share/vm/classfile/systemDictionary.cpp, line 210]

Events (10 events):
Event: 69,351 loading class org/apache/spark/sql/catalyst/expressions/MaxOf done
Event: 69,355 loading class org/apache/spark/sql/catalyst/expressions/MinOf
Event: 69,355 loading class org/apache/spark/sql/catalyst/expressions/MinOf done
Event: 69,365 loading class org/apache/spark/sql/catalyst/optimizer/FoldablePropagation$$anonfun$26
Event: 69,365 loading class org/apache/spark/sql/catalyst/optimizer/FoldablePropagation$$anonfun$26 done
Event: 69,370 loading class org/apache/spark/sql/catalyst/trees/TreeNode$$anonfun$flatMap$1
Event: 69,370 loading class org/apache/spark/sql/catalyst/trees/TreeNode$$anonfun$flatMap$1 done
Event: 69,373 loading class org/apache/spark/sql/catalyst/optimizer/FoldablePropagation$$anonfun$26$$anonfun$apply$13
Event: 69,373 loading class org/apache/spark/sql/catalyst/optimizer/FoldablePropagation$$anonfun$26$$anonfun$apply$13 done
Event: 69,383 Executing VM operation: ParallelGCFailedAllocation


Dynamic libraries:
00400000-00401000 r-xp 00000000 08:01 5393833                            /usr/lib/jvm/java-8-oracle/bin/java
00600000-00601000 rw-p 00000000 08:01 5393833                            /usr/lib/jvm/java-8-oracle/bin/java
0224c000-0226d000 rw-p 00000000 00:00 0                                  [heap]
c7000000-c9b00000 rw-p 00000000 00:00 0 
c9b00000-ed000000 ---p 00000000 00:00 0 
ed000000-f6c80000 rw-p 00000000 00:00 0 
f9180000-100000000 ---p 00000000 00:00 0 
100000000-100820000 rw-p 00000000 00:00 0 
100820000-140000000 ---p 00000000 00:00 0 
7fd500000000-7fd500021000 rw-p 00000000 00:00 0 
7fd500021000-7fd504000000 ---p 00000000 00:00 0 
7fd504cdc000-7fd504e5c000 rw-p 00000000 00:00 0 
7fd504e5c000-7fd504edc000 ---p 00000000 00:00 0 
7fd504edc000-7fd5050dc000 rw-p 00000000 00:00 0 
7fd5050dc000-7fd5052dc000 rw-p 00000000 00:00 0 
7fd5052dc000-7fd5054dc000 rw-p 00000000 00:00 0 
7fd5054dc000-7fd5056dc000 rw-p 00000000 00:00 0 
7fd5056dc000-7fd5056df000 ---p 00000000 00:00 0 
7fd5056df000-7fd5057dd000 rw-p 00000000 00:00 0 
7fd5057dd000-7fd5057e0000 ---p 00000000 00:00 0 
7fd5057e0000-7fd5058de000 rw-p 00000000 00:00 0 
7fd5058de000-7fd5058e1000 ---p 00000000 00:00 0 
7fd5058e1000-7fd5059df000 rw-p 00000000 00:00 0 
7fd5059df000-7fd5059e2000 ---p 00000000 00:00 0 
7fd5059e2000-7fd505ae0000 rw-p 00000000 00:00 0 
7fd505ae0000-7fd505ae3000 ---p 00000000 00:00 0 
7fd505ae3000-7fd505be1000 rw-p 00000000 00:00 0 
7fd505be1000-7fd505be4000 ---p 00000000 00:00 0 
7fd505be4000-7fd505ee2000 rw-p 00000000 00:00 0 
7fd505ee2000-7fd5060e2000 rw-p 00000000 00:00 0 
7fd5060e2000-7fd5060e5000 ---p 00000000 00:00 0 
7fd5060e5000-7fd5061e3000 rw-p 00000000 00:00 0 
7fd5061e3000-7fd5061e6000 ---p 00000000 00:00 0 
7fd5061e6000-7fd5062e4000 rw-p 00000000 00:00 0 
7fd5062e4000-7fd5062e7000 ---p 00000000 00:00 0 
7fd5062e7000-7fd5065e5000 rw-p 00000000 00:00 0 
7fd5065e5000-7fd5065f2000 r-xp 00000000 08:01 7340061                    /tmp/liblz4-java8992705876486997402.so
7fd5065f2000-7fd5067f1000 ---p 0000d000 08:01 7340061                    /tmp/liblz4-java8992705876486997402.so
7fd5067f1000-7fd5067f2000 rw-p 0000c000 08:01 7340061                    /tmp/liblz4-java8992705876486997402.so
7fd5067f2000-7fd5069f2000 rw-p 00000000 00:00 0 
7fd5069f2000-7fd506bf2000 rw-p 00000000 00:00 0 
7fd506bf2000-7fd506bf5000 ---p 00000000 00:00 0 
7fd506bf5000-7fd506ef3000 rw-p 00000000 00:00 0 
7fd506ef3000-7fd506ef6000 ---p 00000000 00:00 0 
7fd506ef6000-7fd506ff4000 rw-p 00000000 00:00 0 
7fd506ff4000-7fd506ff7000 ---p 00000000 00:00 0 
7fd506ff7000-7fd5070f5000 rw-p 00000000 00:00 0 
7fd5070f5000-7fd5070f8000 ---p 00000000 00:00 0 
7fd5070f8000-7fd5073f6000 rw-p 00000000 00:00 0 
7fd5073f6000-7fd5073f9000 ---p 00000000 00:00 0 
7fd5073f9000-7fd5074f7000 rw-p 00000000 00:00 0 
7fd5074f7000-7fd5074fa000 ---p 00000000 00:00 0 
7fd5074fa000-7fd5075f8000 rw-p 00000000 00:00 0 
7fd5075f8000-7fd5075fb000 ---p 00000000 00:00 0 
7fd5075fb000-7fd5078f9000 rw-p 00000000 00:00 0 
7fd5078f9000-7fd5078fc000 ---p 00000000 00:00 0 
7fd5078fc000-7fd5079fa000 rw-p 00000000 00:00 0 
7fd5079fa000-7fd5079fd000 ---p 00000000 00:00 0 
7fd5079fd000-7fd507afb000 rw-p 00000000 00:00 0 
7fd507afb000-7fd507afe000 ---p 00000000 00:00 0 
7fd507afe000-7fd507bfc000 rw-p 00000000 00:00 0 
7fd507bfc000-7fd507bff000 ---p 00000000 00:00 0 
7fd507bff000-7fd507cfd000 rw-p 00000000 00:00 0 
7fd507cfd000-7fd507d00000 ---p 00000000 00:00 0 
7fd507d00000-7fd507dfe000 rw-p 00000000 00:00 0 
7fd507dfe000-7fd507e01000 ---p 00000000 00:00 0 
7fd507e01000-7fd507eff000 rw-p 00000000 00:00 0 
7fd507eff000-7fd507f02000 ---p 00000000 00:00 0 
7fd507f02000-7fd508000000 rw-p 00000000 00:00 0 
7fd508000000-7fd508021000 rw-p 00000000 00:00 0 
7fd508021000-7fd50c000000 ---p 00000000 00:00 0 
7fd50c000000-7fd50c021000 rw-p 00000000 00:00 0 
7fd50c021000-7fd510000000 ---p 00000000 00:00 0 
7fd510000000-7fd510021000 rw-p 00000000 00:00 0 
7fd510021000-7fd514000000 ---p 00000000 00:00 0 
7fd514000000-7fd514021000 rw-p 00000000 00:00 0 
7fd514021000-7fd518000000 ---p 00000000 00:00 0 
7fd518000000-7fd518021000 rw-p 00000000 00:00 0 
7fd518021000-7fd51c000000 ---p 00000000 00:00 0 
7fd51c000000-7fd51c021000 rw-p 00000000 00:00 0 
7fd51c021000-7fd520000000 ---p 00000000 00:00 0 
7fd520000000-7fd520021000 rw-p 00000000 00:00 0 
7fd520021000-7fd524000000 ---p 00000000 00:00 0 
7fd524000000-7fd524021000 rw-p 00000000 00:00 0 
7fd524021000-7fd528000000 ---p 00000000 00:00 0 
7fd528000000-7fd528021000 rw-p 00000000 00:00 0 
7fd528021000-7fd52c000000 ---p 00000000 00:00 0 
7fd52c000000-7fd52c021000 rw-p 00000000 00:00 0 
7fd52c021000-7fd530000000 ---p 00000000 00:00 0 
7fd530000000-7fd530027000 rw-p 00000000 00:00 0 
7fd530027000-7fd534000000 ---p 00000000 00:00 0 
7fd534000000-7fd53402b000 rw-p 00000000 00:00 0 
7fd53402b000-7fd538000000 ---p 00000000 00:00 0 
7fd538000000-7fd538031000 rw-p 00000000 00:00 0 
7fd538031000-7fd53c000000 ---p 00000000 00:00 0 
7fd53c000000-7fd53c021000 rw-p 00000000 00:00 0 
7fd53c021000-7fd540000000 ---p 00000000 00:00 0 
7fd540000000-7fd540021000 rw-p 00000000 00:00 0 
7fd540021000-7fd544000000 ---p 00000000 00:00 0 
7fd544000000-7fd544021000 rw-p 00000000 00:00 0 
7fd544021000-7fd548000000 ---p 00000000 00:00 0 
7fd548000000-7fd5488a1000 rw-p 00000000 00:00 0 
7fd5488a1000-7fd54c000000 ---p 00000000 00:00 0 
7fd54c000000-7fd54c021000 rw-p 00000000 00:00 0 
7fd54c021000-7fd550000000 ---p 00000000 00:00 0 
7fd550000000-7fd550acf000 rw-p 00000000 00:00 0 
7fd550acf000-7fd554000000 ---p 00000000 00:00 0 
7fd554000000-7fd55591e000 rw-p 00000000 00:00 0 
7fd55591e000-7fd558000000 ---p 00000000 00:00 0 
7fd558000000-7fd558021000 rw-p 00000000 00:00 0 
7fd558021000-7fd55c000000 ---p 00000000 00:00 0 
7fd55c000000-7fd55c051000 rw-p 00000000 00:00 0 
7fd55c051000-7fd560000000 ---p 00000000 00:00 0 
7fd560000000-7fd560021000 rw-p 00000000 00:00 0 
7fd560021000-7fd564000000 ---p 00000000 00:00 0 
7fd564000000-7fd564021000 rw-p 00000000 00:00 0 
7fd564021000-7fd568000000 ---p 00000000 00:00 0 
7fd568000000-7fd568021000 rw-p 00000000 00:00 0 
7fd568021000-7fd56c000000 ---p 00000000 00:00 0 
7fd56c000000-7fd56c297000 rw-p 00000000 00:00 0 
7fd56c297000-7fd570000000 ---p 00000000 00:00 0 
7fd570000000-7fd570021000 rw-p 00000000 00:00 0 
7fd570021000-7fd574000000 ---p 00000000 00:00 0 
7fd5740f2000-7fd5740f5000 ---p 00000000 00:00 0 
7fd5740f5000-7fd5741f3000 rw-p 00000000 00:00 0 
7fd5741f3000-7fd5741f6000 ---p 00000000 00:00 0 
7fd5741f6000-7fd5742f4000 rw-p 00000000 00:00 0 
7fd5742f4000-7fd5742f7000 ---p 00000000 00:00 0 
7fd5742f7000-7fd5743f5000 rw-p 00000000 00:00 0 
7fd5743f5000-7fd5743f8000 ---p 00000000 00:00 0 
7fd5743f8000-7fd5746f6000 rw-p 00000000 00:00 0 
7fd5746f6000-7fd5746f9000 ---p 00000000 00:00 0 
7fd5746f9000-7fd5747f7000 rw-p 00000000 00:00 0 
7fd5747f7000-7fd5747fa000 ---p 00000000 00:00 0 
7fd5747fa000-7fd5748f8000 rw-p 00000000 00:00 0 
7fd5748f8000-7fd5748fb000 ---p 00000000 00:00 0 
7fd5748fb000-7fd5749f9000 rw-p 00000000 00:00 0 
7fd5749f9000-7fd5749fc000 ---p 00000000 00:00 0 
7fd5749fc000-7fd574afa000 rw-p 00000000 00:00 0 
7fd574afa000-7fd574afd000 ---p 00000000 00:00 0 
7fd574afd000-7fd574bfb000 rw-p 00000000 00:00 0 
7fd574bfb000-7fd574bfe000 ---p 00000000 00:00 0 
7fd574bfe000-7fd574cfc000 rw-p 00000000 00:00 0 
7fd574cfc000-7fd574cff000 ---p 00000000 00:00 0 
7fd574cff000-7fd574dfd000 rw-p 00000000 00:00 0 
7fd574dfd000-7fd574e00000 ---p 00000000 00:00 0 
7fd574e00000-7fd574efe000 rw-p 00000000 00:00 0 
7fd574efe000-7fd574f01000 ---p 00000000 00:00 0 
7fd574f01000-7fd578000000 rw-p 00000000 00:00 0 
7fd578000000-7fd578021000 rw-p 00000000 00:00 0 
7fd578021000-7fd57c000000 ---p 00000000 00:00 0 
7fd57c047000-7fd57c247000 rw-p 00000000 00:00 0 
7fd57c247000-7fd57c258000 r-xp 00000000 08:01 5395590                    /usr/lib/jvm/java-8-oracle/jre/lib/amd64/libnio.so
7fd57c258000-7fd57c457000 ---p 00011000 08:01 5395590                    /usr/lib/jvm/java-8-oracle/jre/lib/amd64/libnio.so
7fd57c457000-7fd57c458000 rw-p 00010000 08:01 5395590                    /usr/lib/jvm/java-8-oracle/jre/lib/amd64/libnio.so
7fd57c458000-7fd57c45b000 ---p 00000000 00:00 0 
7fd57c45b000-7fd57c559000 rw-p 00000000 00:00 0 
7fd57c559000-7fd57c55c000 ---p 00000000 00:00 0 
7fd57c55c000-7fd57c65a000 rw-p 00000000 00:00 0 
7fd57c65a000-7fd57c65d000 ---p 00000000 00:00 0 
7fd57c65d000-7fd57c95b000 rw-p 00000000 00:00 0 
7fd57c95b000-7fd57c95c000 r-xp 00000000 08:01 5395571                    /usr/lib/jvm/java-8-oracle/jre/lib/amd64/libjaas_unix.so
7fd57c95c000-7fd57cb5b000 ---p 00001000 08:01 5395571                    /usr/lib/jvm/java-8-oracle/jre/lib/amd64/libjaas_unix.so
7fd57cb5b000-7fd57cb5c000 rw-p 00000000 08:01 5395571                    /usr/lib/jvm/java-8-oracle/jre/lib/amd64/libjaas_unix.so
7fd57cb5c000-7fd57cb63000 r--s 00000000 08:01 5639224                    /usr/lib/x86_64-linux-gnu/gconv/gconv-modules.cache
7fd57cb63000-7fd57cb89000 r--p 00000000 08:01 6577273                    /usr/share/locale-langpack/fr/LC_MESSAGES/libc.mo
7fd57cb89000-7fd57cb8c000 ---p 00000000 00:00 0 
7fd57cb8c000-7fd57cc8a000 rw-p 00000000 00:00 0 
7fd57cc8a000-7fd57cc8d000 ---p 00000000 00:00 0 
7fd57cc8d000-7fd57cec3000 rw-p 00000000 00:00 0 
7fd57cec3000-7fd57d0c3000 rw-p 00000000 00:00 0 
7fd57d0c3000-7fd57d0cc000 r-xp 00000000 08:01 5395598                    /usr/lib/jvm/java-8-oracle/jre/lib/amd64/libmanagement.so
7fd57d0cc000-7fd57d2cb000 ---p 00009000 08:01 5395598                    /usr/lib/jvm/java-8-oracle/jre/lib/amd64/libmanagement.so
7fd57d2cb000-7fd57d2cc000 rw-p 00008000 08:01 5395598                    /usr/lib/jvm/java-8-oracle/jre/lib/amd64/libmanagement.so
7fd57d2cc000-7fd57d2d6000 r--s 00116000 08:01 5395412                    /usr/lib/jvm/java-8-oracle/jre/lib/ext/localedata.jar
7fd57d2d6000-7fd57d4d6000 rw-p 00000000 00:00 0 
7fd57d4d6000-7fd57d4db000 r--s 0009d000 08:01 5395400                    /usr/lib/jvm/java-8-oracle/jre/lib/jsse.jar
7fd57d4db000-7fd57d4dc000 ---p 00000000 00:00 0 
7fd57d4dc000-7fd57d5dc000 rw-p 00000000 00:00 0 
7fd57d5dc000-7fd57d5df000 ---p 00000000 00:00 0 
7fd57d5df000-7fd57d6dd000 rw-p 00000000 00:00 0 
7fd57d6dd000-7fd57d6e0000 ---p 00000000 00:00 0 
7fd57d6e0000-7fd57d7de000 rw-p 00000000 00:00 0 
7fd57d7de000-7fd57d7e1000 ---p 00000000 00:00 0 
7fd57d7e1000-7fd57d8df000 rw-p 00000000 00:00 0 
7fd57d8df000-7fd57d8f5000 r-xp 00000000 08:01 5395587                    /usr/lib/jvm/java-8-oracle/jre/lib/amd64/libnet.so
7fd57d8f5000-7fd57daf5000 ---p 00016000 08:01 5395587                    /usr/lib/jvm/java-8-oracle/jre/lib/amd64/libnet.so
7fd57daf5000-7fd57daf6000 rw-p 00016000 08:01 5395587                    /usr/lib/jvm/java-8-oracle/jre/lib/amd64/libnet.so
7fd57daf6000-7fd57daf9000 ---p 00000000 00:00 0 
7fd57daf9000-7fd57dbf7000 rw-p 00000000 00:00 0 
7fd57dbf7000-7fd57dbfa000 ---p 00000000 00:00 0 
7fd57dbfa000-7fd57dcf8000 rw-p 00000000 00:00 0 
7fd57dcf8000-7fd57dcfa000 r--s 0001a000 08:01 4456711                    /home/raphael/Téléchargements/intellij/idea-IC-181.5281.24/lib/idea_rt.jar
7fd57dcfa000-7fd57dd04000 r--s 00095000 08:01 2755421                    /home/raphael/.m2/repository/org/scala-lang/modules/scala-xml_2.11/1.0.2/scala-xml_2.11-1.0.2.jar
7fd57dd04000-7fd57dd50000 r--s 00412000 08:01 1315892                    /home/raphael/.m2/repository/org/scala-lang/scala-reflect/2.11.7/scala-reflect-2.11.7.jar
7fd57dd50000-7fd57dd54000 r--s 00014000 08:01 9576124                    /home/raphael/.m2/repository/org/tukaani/xz/1.0/xz-1.0.jar
7fd57dd54000-7fd57dd59000 r--s 00036000 08:01 9459297                    /home/raphael/.m2/repository/org/apache/commons/commons-compress/1.4.1/commons-compress-1.4.1.jar
7fd57dd59000-7fd57dd65000 r--s 000b6000 08:01 2100030                    /home/raphael/.m2/repository/org/apache/zookeeper/zookeeper/3.4.6/zookeeper-3.4.6.jar
7fd57dd65000-7fd57dd7e000 r--s 00150000 08:01 3415790                    /home/raphael/.m2/repository/org/apache/htrace/htrace-core/3.1.0-incubating/htrace-core-3.1.0-incubating.jar
7fd57dd7e000-7fd57dd80000 r--s 0000f000 08:01 3415785                    /home/raphael/.m2/repository/org/apache/curator/curator-client/2.7.1/curator-client-2.7.1.jar
7fd57dd80000-7fd57dd85000 r--s 00040000 08:01 3415783                    /home/raphael/.m2/repository/com/jcraft/jsch/0.1.54/jsch-0.1.54.jar
7fd57dd85000-7fd57dd87000 r--s 00012000 08:01 2100026                    /home/raphael/.m2/repository/org/apache/directory/api/api-util/1.0.0-M20/api-util-1.0.0-M20.jar
7fd57dd87000-7fd57dd89000 r--s 00003000 08:01 1969353                    /home/raphael/.m2/repository/org/apache/directory/api/api-asn1-api/1.0.0-M20/api-asn1-api-1.0.0-M20.jar
7fd57dd89000-7fd57dd8a000 r--s 0000a000 08:01 1969351                    /home/raphael/.m2/repository/org/apache/directory/server/apacheds-i18n/2.0.0-M15/apacheds-i18n-2.0.0-M15.jar
7fd57dd8a000-7fd57dd9c000 r--s 00097000 08:01 1315890                    /home/raphael/.m2/repository/org/apache/directory/server/apacheds-kerberos-codec/2.0.0-M15/apacheds-kerberos-codec-2.0.0-M15.jar
7fd57dd9c000-7fd57dda2000 r--s 00032000 08:01 1315219                    /home/raphael/.m2/repository/org/apache/httpcomponents/httpcore/4.2.4/httpcore-4.2.4.jar
7fd57dda2000-7fd57ddab000 r--s 00061000 08:01 10625648                   /home/raphael/.m2/repository/org/apache/httpcomponents/httpclient/4.2.5/httpclient-4.2.5.jar
7fd57ddab000-7fd57ddae000 r--s 00015000 08:01 2232490                    /home/raphael/.m2/repository/org/apache/hadoop/hadoop-auth/2.7.7/hadoop-auth-2.7.7.jar
7fd57ddae000-7fd57ddb3000 r--s 0002a000 08:01 10625643                   /home/raphael/.m2/repository/com/google/code/gson/gson/2.2.4/gson-2.2.4.jar
7fd57ddb3000-7fd57ddbb000 r--s 0007b000 08:01 10625641                   /home/raphael/.m2/repository/com/google/protobuf/protobuf-java/2.5.0/protobuf-java-2.5.0.jar
7fd57ddbb000-7fd57ddbd000 r--s 00006000 08:01 9459301                    /home/raphael/.m2/repository/com/thoughtworks/paranamer/paranamer/2.3/paranamer-2.3.jar
7fd57ddbd000-7fd57ddc4000 r--s 00044000 08:01 10505739                   /home/raphael/.m2/repository/org/apache/avro/avro/1.7.4/avro-1.7.4.jar
7fd57ddc4000-7fd57ddd2000 r--s 000b1000 08:01 8925018                    /home/raphael/.m2/repository/org/codehaus/jackson/jackson-mapper-asl/1.9.13/jackson-mapper-asl-1.9.13.jar
7fd57ddd2000-7fd57ddd6000 r--s 00035000 08:01 8657082                    /home/raphael/.m2/repository/org/codehaus/jackson/jackson-core-asl/1.9.13/jackson-core-asl-1.9.13.jar
7fd57ddd6000-7fd57ddda000 r--s 0002f000 08:01 10505734                   /home/raphael/.m2/repository/commons-beanutils/commons-beanutils-core/1.8.0/commons-beanutils-core-1.8.0.jar
7fd57ddda000-7fd57dddf000 r--s 0002a000 08:01 10505726                   /home/raphael/.m2/repository/commons-beanutils/commons-beanutils/1.7.0/commons-beanutils-1.7.0.jar
7fd57dddf000-7fd57dde3000 r--s 00020000 08:01 10366408                   /home/raphael/.m2/repository/commons-digester/commons-digester/1.8/commons-digester-1.8.jar
7fd57dde3000-7fd57dde9000 r--s 00043000 08:01 10366421                   /home/raphael/.m2/repository/commons-configuration/commons-configuration/1.6/commons-configuration-1.6.jar
7fd57dde9000-7fd57ddee000 r--s 00041000 08:01 9054290                    /home/raphael/.m2/repository/commons-lang/commons-lang/2.6/commons-lang-2.6.jar
7fd57ddee000-7fd57ddf0000 r--s 0000e000 08:01 9840952                    /home/raphael/.m2/repository/commons-logging/commons-logging/1.1.3/commons-logging-1.1.3.jar
7fd57ddf0000-7fd57ddf1000 r--s 0000a000 08:01 8393574                    /home/raphael/.m2/repository/asm/asm/3.1/asm-3.1.jar
7fd57ddf1000-7fd57de03000 r--s 0009d000 08:01 3415781                    /home/raphael/.m2/repository/com/sun/jersey/jersey-server/1.9/jersey-server-1.9.jar
7fd57de03000-7fd57de04000 r--s 00007000 08:01 2629799                    /home/raphael/.m2/repository/org/codehaus/jackson/jackson-xc/1.8.3/jackson-xc-1.8.3.jar
7fd57de04000-7fd57de05000 r--s 00004000 08:01 8532177                    /home/raphael/.m2/repository/org/codehaus/jackson/jackson-jaxrs/1.8.3/jackson-jaxrs-1.8.3.jar
7fd57de05000-7fd57de07000 r--s 0000e000 08:01 2500995                    /home/raphael/.m2/repository/javax/activation/activation/1.1/activation-1.1.jar
7fd57de07000-7fd57de09000 r--s 00004000 08:01 2500994                    /home/raphael/.m2/repository/javax/xml/stream/stax-api/1.0-2/stax-api-1.0-2.jar
7fd57de09000-7fd57de0c000 r--s 00017000 08:01 2500992                    /home/raphael/.m2/repository/javax/xml/bind/jaxb-api/2.2.2/jaxb-api-2.2.2.jar
7fd57de0c000-7fd57de1f000 r--s 000c7000 08:01 3415779                    /home/raphael/.m2/repository/com/sun/xml/bind/jaxb-impl/2.2.3-1/jaxb-impl-2.2.3-1.jar
7fd57de1f000-7fd57de21000 r--s 0000f000 08:01 2629797                    /home/raphael/.m2/repository/org/codehaus/jettison/jettison/1.1/jettison-1.1.jar
7fd57de21000-7fd57de25000 r--s 00021000 08:01 3415777                    /home/raphael/.m2/repository/com/sun/jersey/jersey-json/1.9/jersey-json-1.9.jar
7fd57de25000-7fd57de2f000 r--s 00066000 08:01 3287521                    /home/raphael/.m2/repository/com/sun/jersey/jersey-core/1.9/jersey-core-1.9.jar
7fd57de2f000-7fd57de32000 r--s 00016000 08:01 3024017                    /home/raphael/.m2/repository/javax/servlet/jsp/jsp-api/2.1/jsp-api-2.1.jar
7fd57de32000-7fd57de33000 r--s 00004000 08:01 2363774                    /home/raphael/.m2/repository/org/mortbay/jetty/jetty-sslengine/6.1.26/jetty-sslengine-6.1.26.jar
7fd57de33000-7fd57de37000 r--s 00028000 08:01 2232097                    /home/raphael/.m2/repository/org/mortbay/jetty/jetty-util/6.1.26/jetty-util-6.1.26.jar
7fd57de37000-7fd57de3e000 r--s 0007d000 08:01 2756139                    /home/raphael/.m2/repository/org/mortbay/jetty/jetty/6.1.26/jetty-6.1.26.jar
7fd57de3e000-7fd57de40000 r--s 00018000 08:01 2628381                    /home/raphael/.m2/repository/javax/servlet/servlet-api/2.5/servlet-api-2.5.jar
7fd57de40000-7fd57de4d000 r--s 00083000 08:01 8531988                    /home/raphael/.m2/repository/commons-collections/commons-collections/3.2.2/commons-collections-3.2.2.jar
7fd57de4d000-7fd57de51000 r--s 0002a000 08:01 8268877                    /home/raphael/.m2/repository/commons-io/commons-io/2.4/commons-io-2.4.jar
7fd57de51000-7fd57de53000 r--s 0000d000 08:01 10229399                   /home/raphael/.m2/repository/commons-codec/commons-codec/1.4/commons-codec-1.4.jar
7fd57de53000-7fd57de59000 r--s 00045000 08:01 10229402                   /home/raphael/.m2/repository/commons-httpclient/commons-httpclient/3.1/commons-httpclient-3.1.jar
7fd57de59000-7fd57de5a000 r--s 00003000 08:01 10229401                   /home/raphael/.m2/repository/xmlenc/xmlenc/0.52/xmlenc-0.52.jar
7fd57de5a000-7fd57de5c000 r--s 00009000 08:01 10107194                   /home/raphael/.m2/repository/commons-cli/commons-cli/1.2/commons-cli-1.2.jar
7fd57de5c000-7fd57de7d000 r--s 00172000 08:01 10107188                   /home/raphael/.m2/repository/com/google/guava/guava/11.0.2/guava-11.0.2.jar
7fd57de7d000-7fd57def6000 r--s 010f9000 08:01 5393943                    /usr/lib/jvm/java-8-oracle/lib/tools.jar
7fd57def6000-7fd57def8000 r--s 00009000 08:01 2756145                    /home/raphael/.m2/repository/org/apache/hadoop/hadoop-annotations/2.7.7/hadoop-annotations-2.7.7.jar
7fd57def8000-7fd57df2f000 r--s 00320000 08:01 10106254                   /home/raphael/.m2/repository/org/apache/hadoop/hadoop-common/2.7.7/hadoop-common-2.7.7.jar
7fd57df2f000-7fd57df43000 r--s 000ec000 08:01 2885523                    /home/raphael/.m2/repository/org/apache/parquet/parquet-jackson/1.7.0/parquet-jackson-1.7.0.jar
7fd57df43000-7fd57df4a000 r--s 00058000 08:01 2885519                    /home/raphael/.m2/repository/org/apache/parquet/parquet-format/2.3.0-incubating/parquet-format-2.3.0-incubating.jar
7fd57df4a000-7fd57df4f000 r--s 0002f000 08:01 2885510                    /home/raphael/.m2/repository/org/apache/parquet/parquet-hadoop/1.7.0/parquet-hadoop-1.7.0.jar
7fd57df4f000-7fd57df51000 r--s 00004000 08:01 2885515                    /home/raphael/.m2/repository/org/apache/parquet/parquet-generator/1.7.0/parquet-generator-1.7.0.jar
7fd57df51000-7fd57df57000 r--s 00040000 08:01 2885511                    /home/raphael/.m2/repository/org/apache/parquet/parquet-encoding/1.7.0/parquet-encoding-1.7.0.jar
7fd57df57000-7fd57df59000 r--s 00004000 08:01 2885521                    /home/raphael/.m2/repository/org/apache/parquet/parquet-common/1.7.0/parquet-common-1.7.0.jar
7fd57df59000-7fd57df6f000 r--s 000ca000 08:01 2885513                    /home/raphael/.m2/repository/org/apache/parquet/parquet-column/1.7.0/parquet-column-1.7.0.jar
7fd57df6f000-7fd57df75000 r--s 00044000 08:01 2755022                    /home/raphael/.m2/repository/org/antlr/antlr4-runtime/4.5.3/antlr4-runtime-4.5.3.jar
7fd57df75000-7fd57df77000 r--s 00006000 08:01 2885505                    /home/raphael/.m2/repository/org/codehaus/janino/commons-compiler/2.7.8/commons-compiler-2.7.8.jar
7fd57df77000-7fd57df80000 r--s 0008d000 08:01 2885503                    /home/raphael/.m2/repository/org/codehaus/janino/janino/2.7.8/janino-2.7.8.jar
7fd57df80000-7fd57dffe000 r--s 00610000 08:01 2885501                    /home/raphael/.m2/repository/org/apache/spark/spark-catalyst_2.11/2.0.1/spark-catalyst_2.11-2.0.1.jar
7fd57dffe000-7fd57e000000 r--s 00006000 08:01 2755321                    /home/raphael/.m2/repository/org/apache/spark/spark-sketch_2.11/2.0.1/spark-sketch_2.11-2.0.1.jar
7fd57e000000-7fd57e006000 r--s 00041000 08:01 2755327                    /home/raphael/.m2/repository/com/univocity/univocity-parsers/2.1.1/univocity-parsers-2.1.1.jar
7fd57e006000-7fd57e07e000 r--s 00588000 08:01 2755323                    /home/raphael/.m2/repository/org/apache/spark/spark-sql_2.11/2.0.1/spark-sql_2.11-2.0.1.jar
7fd57e07e000-7fd57e07f000 r--s 00000000 08:01 2628459                    /home/raphael/.m2/repository/org/spark-project/spark/unused/1.0.0/unused-1.0.0.jar
7fd57e07f000-7fd57e080000 r--s 00003000 08:01 2755333                    /home/raphael/.m2/repository/org/apache/spark/spark-tags_2.11/2.0.1/spark-tags_2.11-2.0.1.jar
7fd57e080000-7fd57e083000 r--s 0001a000 08:01 2885532                    /home/raphael/.m2/repository/net/sf/py4j/py4j/0.10.3/py4j-0.10.3.jar
7fd57e083000-7fd57e085000 r--s 00015000 08:01 2885529                    /home/raphael/.m2/repository/net/razorvine/pyrolite/4.9/pyrolite-4.9.jar
7fd57e085000-7fd57e087000 r--s 0000e000 08:01 2628406                    /home/raphael/.m2/repository/oro/oro/2.0.8/oro-2.0.8.jar
7fd57e087000-7fd57e09d000 r--s 00124000 08:01 2100029                    /home/raphael/.m2/repository/org/apache/ivy/ivy/2.4.0/ivy-2.4.0.jar
7fd57e09d000-7fd57e09f000 r--s 00009000 08:01 1969352                    /home/raphael/.m2/repository/com/fasterxml/jackson/module/jackson-module-paranamer/2.6.5/jackson-module-paranamer-2.6.5.jar
7fd57e09f000-7fd57e0ac000 r--s 00071000 08:01 10625649                   /home/raphael/.m2/repository/com/fasterxml/jackson/module/jackson-module-scala_2.11/2.6.5/jackson-module-scala_2.11-2.6.5.jar
7fd57e0ac000-7fd57e0b0000 r--s 0003c000 08:01 9841163                    /home/raphael/.m2/repository/com/fasterxml/jackson/core/jackson-core/2.6.5/jackson-core-2.6.5.jar
7fd57e0b0000-7fd57e0c1000 r--s 0010d000 08:01 9317932                    /home/raphael/.m2/repository/com/fasterxml/jackson/core/jackson-databind/2.6.5/jackson-databind-2.6.5.jar
7fd57e0c1000-7fd57e0c3000 r--s 00004000 08:01 2754808                    /home/raphael/.m2/repository/io/dropwizard/metrics/metrics-graphite/3.1.2/metrics-graphite-3.1.2.jar
7fd57e0c3000-7fd57e0c4000 r--s 00003000 08:01 2754825                    /home/raphael/.m2/repository/io/dropwizard/metrics/metrics-json/3.1.2/metrics-json-3.1.2.jar
7fd57e0c4000-7fd57e0c6000 r--s 00008000 08:01 2500996                    /home/raphael/.m2/repository/io/dropwizard/metrics/metrics-jvm/3.1.2/metrics-jvm-3.1.2.jar
7fd57e0c6000-7fd57e0ca000 r--s 00018000 08:01 2363310                    /home/raphael/.m2/repository/io/dropwizard/metrics/metrics-core/3.1.2/metrics-core-3.1.2.jar
7fd57e0ca000-7fd57e0cd000 r--s 00028000 08:01 2754806                    /home/raphael/.m2/repository/com/clearspring/analytics/stream/2.7.0/stream-2.7.0.jar
7fd57e0cd000-7fd57e0e5000 r--s 00115000 08:01 2885527                    /home/raphael/.m2/repository/io/netty/netty/3.8.0.Final/netty-3.8.0.Final.jar
7fd57e0e5000-7fd57e107000 r--s 001d4000 08:01 2755402                    /home/raphael/.m2/repository/io/netty/netty-all/4.0.29.Final/netty-all-4.0.29.Final.jar
7fd57e107000-7fd57e115000 r--s 0012a000 08:01 2885525                    /home/raphael/.m2/repository/org/apache/mesos/mesos/0.21.1/mesos-0.21.1-shaded-protobuf.jar
7fd57e115000-7fd57e118000 r--s 0000e000 08:01 2754795                    /home/raphael/.m2/repository/org/glassfish/jersey/containers/jersey-container-servlet-core/2.22.2/jersey-container-servlet-core-2.22.2.jar
7fd57e118000-7fd57e11a000 r--s 00003000 08:01 2754796                    /home/raphael/.m2/repository/org/glassfish/jersey/containers/jersey-container-servlet/2.22.2/jersey-container-servlet-2.22.2.jar
7fd57e11a000-7fd57e11e000 r--s 0000c000 08:01 2754800                    /home/raphael/.m2/repository/javax/validation/validation-api/1.1.0.Final/validation-api-1.1.0.Final.jar
7fd57e11e000-7fd57e120000 r--s 00010000 08:01 2754790                    /home/raphael/.m2/repository/org/glassfish/jersey/media/jersey-media-jaxb/2.22.2/jersey-media-jaxb-2.22.2.jar
7fd57e120000-7fd57e136000 r--s 000d3000 08:01 2754821                    /home/raphael/.m2/repository/org/glassfish/jersey/core/jersey-server/2.22.2/jersey-server-2.22.2.jar
7fd57e136000-7fd57e137000 r--s 00004000 08:01 2754824                    /home/raphael/.m2/repository/org/glassfish/hk2/osgi-resource-locator/1.0.1/osgi-resource-locator-1.0.1.jar
7fd57e137000-7fd57e14f000 r--s 000d6000 08:01 2754792                    /home/raphael/.m2/repository/org/glassfish/jersey/bundles/repackaged/jersey-guava/2.22.2/jersey-guava-2.22.2.jar
7fd57e14f000-7fd57e151000 r--s 00005000 08:01 2754801                    /home/raphael/.m2/repository/javax/annotation/javax.annotation-api/1.2/javax.annotation-api-1.2.jar
7fd57e151000-7fd57e15f000 r--s 0009d000 08:01 2754820                    /home/raphael/.m2/repository/org/glassfish/jersey/core/jersey-common/2.22.2/jersey-common-2.22.2.jar
7fd57e15f000-7fd57e169000 r--s 000a5000 08:01 2754812                    /home/raphael/.m2/repository/org/javassist/javassist/3.18.1-GA/javassist-3.18.1-GA.jar
7fd57e169000-7fd57e16d000 r--s 00029000 08:01 2754793                    /home/raphael/.m2/repository/org/glassfish/hk2/hk2-locator/2.4.0-b34/hk2-locator-2.4.0-b34.jar
7fd57e16d000-7fd57e16e000 r--s 00001000 08:01 2754794                    /home/raphael/.m2/repository/org/glassfish/hk2/external/javax.inject/2.4.0-b34/javax.inject-2.4.0-b34.jar
7fd57e16e000-7fd57e170000 r--s 00002000 08:01 2754797                    /home/raphael/.m2/repository/org/glassfish/hk2/external/aopalliance-repackaged/2.4.0-b34/aopalliance-repackaged-2.4.0-b34.jar
7fd57e170000-7fd57e174000 r--s 0001a000 08:01 2754809                    /home/raphael/.m2/repository/org/glassfish/hk2/hk2-utils/2.4.0-b34/hk2-utils-2.4.0-b34.jar
7fd57e174000-7fd57e179000 r--s 00027000 08:01 2754802                    /home/raphael/.m2/repository/org/glassfish/hk2/hk2-api/2.4.0-b34/hk2-api-2.4.0-b34.jar
7fd57e179000-7fd57e17d000 r--s 00019000 08:01 2754804                    /home/raphael/.m2/repository/javax/ws/rs/javax.ws.rs-api/2.0.1/javax.ws.rs-api-2.0.1.jar
7fd57e17d000-7fd57e181000 r--s 00025000 08:01 2754807                    /home/raphael/.m2/repository/org/glassfish/jersey/core/jersey-client/2.22.2/jersey-client-2.22.2.jar
7fd57e181000-7fd57e18c000 r--s 0005c000 08:01 9187095                    /home/raphael/.m2/repository/org/scala-lang/modules/scala-parser-combinators_2.11/1.0.1/scala-parser-combinators_2.11-1.0.1.jar
7fd57e18c000-7fd57e27c000 r--s 00c16000 08:01 8798760                    /home/raphael/.m2/repository/org/scala-lang/scala-compiler/2.11.0/scala-compiler-2.11.0.jar
7fd57e27c000-7fd57e28e000 r--s 000ab000 08:01 8657080                    /home/raphael/.m2/repository/org/scala-lang/scalap/2.11.0/scalap-2.11.0.jar
7fd57e28e000-7fd57e291000 r--s 00012000 08:01 2754785                    /home/raphael/.m2/repository/org/json4s/json4s-ast_2.11/3.2.11/json4s-ast_2.11-3.2.11.jar
7fd57e291000-7fd57e29b000 r--s 00086000 08:01 2754783                    /home/raphael/.m2/repository/org/json4s/json4s-core_2.11/3.2.11/json4s-core_2.11-3.2.11.jar
7fd57e29b000-7fd57e29c000 r--s 00009000 08:01 2754782                    /home/raphael/.m2/repository/org/json4s/json4s-jackson_2.11/3.2.11/json4s-jackson_2.11-3.2.11.jar
7fd57e29c000-7fd57e2a0000 r--s 00030000 08:01 10366423                   /home/raphael/.m2/repository/commons-net/commons-net/2.2/commons-net-2.2.jar
7fd57e2a0000-7fd57e2a3000 r--s 0002f000 08:01 2754779                    /home/raphael/.m2/repository/org/roaringbitmap/RoaringBitmap/0.5.11/RoaringBitmap-0.5.11.jar
7fd57e2a3000-7fd57e2a5000 r--s 00038000 08:01 2754778                    /home/raphael/.m2/repository/net/jpountz/lz4/lz4/1.3.0/lz4-1.3.0.jar
7fd57e2a5000-7fd57e2a7000 r--s 00100000 08:01 9459299                    /home/raphael/.m2/repository/org/xerial/snappy/snappy-java/1.1.2.6/snappy-java-1.1.2.6.jar
7fd57e2a7000-7fd57e2a9000 r--s 00012000 08:01 2754775                    /home/raphael/.m2/repository/com/ning/compress-lzf/1.0.3/compress-lzf-1.0.3.jar
7fd57e2a9000-7fd57e2aa000 r--s 00002000 08:01 10505742                   /home/raphael/.m2/repository/org/slf4j/slf4j-log4j12/1.7.16/slf4j-log4j12-1.7.16.jar
7fd57e2aa000-7fd57e2b3000 r--s 0006f000 08:01 9841155                    /home/raphael/.m2/repository/log4j/log4j/1.2.17/log4j-1.2.17.jar
7fd57e2b3000-7fd57e2b5000 r--s 00003000 08:01 9317928                    /home/raphael/.m2/repository/org/slf4j/jcl-over-slf4j/1.7.16/jcl-over-slf4j-1.7.16.jar
7fd57e2b5000-7fd57e2b7000 r--s 00000000 08:01 8531994                    /home/raphael/.m2/repository/org/slf4j/jul-to-slf4j/1.7.16/jul-to-slf4j-1.7.16.jar
7fd57e2b7000-7fd57e2b8000 r--s 00009000 08:01 2754773                    /home/raphael/.m2/repository/org/slf4j/slf4j-api/1.7.16/slf4j-api-1.7.16.jar
7fd57e2b8000-7fd57e2bb000 r--s 00006000 08:01 10107196                   /home/raphael/.m2/repository/com/google/code/findbugs/jsr305/1.3.9/jsr305-1.3.9.jar
7fd57e2bb000-7fd57e2df000 r--s 001cd000 08:01 10107192                   /home/raphael/.m2/repository/org/apache/commons/commons-math3/3.4.1/commons-math3-3.4.1.jar
7fd57e2df000-7fd57e2e6000 r--s 0005e000 08:01 2755422                    /home/raphael/.m2/repository/org/apache/commons/commons-lang3/3.3.2/commons-lang3-3.3.2.jar
7fd57e2e6000-7fd57e2e9000 r--s 00015000 08:01 2754767                    /home/raphael/.m2/repository/javax/servlet/javax.servlet-api/3.1.0/javax.servlet-api-3.1.0.jar
7fd57e2e9000-7fd57e2ee000 r--s 00027000 08:01 2755404                    /home/raphael/.m2/repository/org/apache/curator/curator-framework/2.4.0/curator-framework-2.4.0.jar
7fd57e2ee000-7fd57e2f4000 r--s 00035000 08:01 2755384                    /home/raphael/.m2/repository/org/apache/curator/curator-recipes/2.4.0/curator-recipes-2.4.0.jar
7fd57e2f4000-7fd57e2fa000 r--s 00057000 08:01 2755388                    /home/raphael/.m2/repository/net/java/dev/jets3t/jets3t/0.7.1/jets3t-0.7.1.jar
7fd57e2fa000-7fd57e2fc000 r--s 00009000 08:01 2755325                    /home/raphael/.m2/repository/org/apache/spark/spark-unsafe_2.11/2.0.1/spark-unsafe_2.11-2.0.1.jar
7fd57e2fc000-7fd57e2fe000 r--s 0000c000 08:01 2755383                    /home/raphael/.m2/repository/org/apache/spark/spark-network-shuffle_2.11/2.0.1/spark-network-shuffle_2.11-2.0.1.jar
7fd57e2fe000-7fd57e301000 r--s 00009000 08:01 9841165                    /home/raphael/.m2/repository/com/fasterxml/jackson/core/jackson-annotations/2.6.5/jackson-annotations-2.6.5.jar
7fd57e301000-7fd57e304000 r--s 000fd000 08:01 2628450                    /home/raphael/.m2/repository/org/fusesource/leveldbjni/leveldbjni-all/1.8/leveldbjni-all-1.8.jar
7fd57e304000-7fd57e332000 r--s 00212000 08:01 2755371                    /home/raphael/.m2/repository/org/apache/spark/spark-network-common_2.11/2.0.1/spark-network-common_2.11-2.0.1.jar
7fd57e332000-7fd57e335000 r--s 0000e000 08:01 2755400                    /home/raphael/.m2/repository/org/apache/spark/spark-launcher_2.11/2.0.1/spark-launcher_2.11-2.0.1.jar
7fd57e335000-7fd57e336000 r--s 00008000 08:01 2755366                    /home/raphael/.m2/repository/org/apache/hadoop/hadoop-mapreduce-client-jobclient/2.2.0/hadoop-mapreduce-client-jobclient-2.2.0.jar
7fd57e336000-7fd57e348000 r--s 0012c000 08:01 2755385                    /home/raphael/.m2/repository/org/apache/hadoop/hadoop-yarn-common/2.2.0/hadoop-yarn-common-2.2.0.jar
7fd57e348000-7fd57e360000 r--s 0014c000 08:01 2755405                    /home/raphael/.m2/repository/org/apache/hadoop/hadoop-mapreduce-client-core/2.2.0/hadoop-mapreduce-client-core-2.2.0.jar
7fd57e360000-7fd57e371000 r--s 0010a000 08:01 2755392                    /home/raphael/.m2/repository/org/apache/hadoop/hadoop-yarn-api/2.2.0/hadoop-yarn-api-2.2.0.jar
7fd57e371000-7fd57e380000 r--s 0009f000 08:01 2628487                    /home/raphael/.m2/repository/com/google/inject/guice/3.0/guice-3.0.jar
7fd57e380000-7fd580000000 rw-p 00000000 00:00 0 
7fd580000000-7fd580021000 rw-p 00000000 00:00 0 
7fd580021000-7fd584000000 ---p 00000000 00:00 0 
7fd584000000-7fd584002000 r--s 00004000 08:01 2755406                    /home/raphael/.m2/repository/org/apache/hadoop/hadoop-mapreduce-client-shuffle/2.2.0/hadoop-mapreduce-client-shuffle-2.2.0.jar
7fd584002000-7fd584006000 r--s 00027000 08:01 2755381                    /home/raphael/.m2/repository/org/apache/hadoop/hadoop-yarn-server-common/2.2.0/hadoop-yarn-server-common-2.2.0.jar
7fd584006000-7fd584008000 r--s 00000000 08:01 2628488                    /home/raphael/.m2/repository/aopalliance/aopalliance/1.0/aopalliance-1.0.jar
7fd584008000-7fd584009000 r--s 00000000 08:01 2628486                    /home/raphael/.m2/repository/javax/inject/javax.inject/1/javax.inject-1.jar
7fd584009000-7fd58400c000 r--s 00015000 08:01 2755387                    /home/raphael/.m2/repository/org/apache/hadoop/hadoop-yarn-client/2.2.0/hadoop-yarn-client-2.2.0.jar
7fd58400c000-7fd584018000 r--s 00095000 08:01 2755382                    /home/raphael/.m2/repository/org/apache/hadoop/hadoop-mapreduce-client-common/2.2.0/hadoop-mapreduce-client-common-2.2.0.jar
7fd584018000-7fd584021000 r--s 0006d000 08:01 2755370                    /home/raphael/.m2/repository/org/apache/hadoop/hadoop-mapreduce-client-app/2.2.0/hadoop-mapreduce-client-app-2.2.0.jar
7fd584021000-7fd584066000 r--s 004bb000 08:01 2755378                    /home/raphael/.m2/repository/org/apache/hadoop/hadoop-hdfs/2.2.0/hadoop-hdfs-2.2.0.jar
7fd584066000-7fd584067000 r--s 00000000 08:01 2755364                    /home/raphael/.m2/repository/org/apache/hadoop/hadoop-client/2.2.0/hadoop-client-2.2.0.jar
7fd584067000-7fd58406a000 r--s 00021000 08:01 9841153                    /home/raphael/.m2/repository/org/apache/xbean/xbean-asm5-shaded/4.4/xbean-asm5-shaded-4.4.jar
7fd58406a000-7fd58406c000 r--s 0000b000 08:01 9706670                    /home/raphael/.m2/repository/com/twitter/chill-java/0.8.0/chill-java-0.8.0.jar
7fd58406c000-7fd584141000 r--s 00a59000 08:01 2755329                    /home/raphael/.m2/repository/org/apache/spark/spark-core_2.11/2.0.1/spark-core_2.11-2.0.1.jar
7fd584141000-7fd584199000 r--s 00523000 08:01 8531997                    /home/raphael/.m2/repository/org/scala-lang/scala-library/2.11.7/scala-library-2.11.7.jar
7fd584199000-7fd5841f1000 r--s 00523000 08:01 4867174                    /home/raphael/.ivy2/cache/org.scala-lang/scala-library/jars/scala-library-2.11.7.jar
7fd5841f1000-7fd58423d000 r--s 00412000 08:01 8126482                    /home/raphael/.ivy2/cache/org.scala-lang/scala-reflect/jars/scala-reflect-2.11.7.jar
7fd58423d000-7fd584240000 ---p 00000000 00:00 0 
7fd584240000-7fd58433e000 rw-p 00000000 00:00 0 
7fd58433e000-7fd584cfd000 r--p 00000000 08:01 5381250                    /usr/lib/locale/locale-archive
7fd584cfd000-7fd584d00000 ---p 00000000 00:00 0 
7fd584d00000-7fd584dfe000 rw-p 00000000 00:00 0 
7fd584dfe000-7fd584e01000 ---p 00000000 00:00 0 
7fd584e01000-7fd584eff000 rw-p 00000000 00:00 0 
7fd584eff000-7fd584f00000 ---p 00000000 00:00 0 
7fd584f00000-7fd585000000 rw-p 00000000 00:00 0 
7fd585000000-7fd585b60000 rwxp 00000000 00:00 0 
7fd585b60000-7fd594000000 ---p 00000000 00:00 0 
7fd594000000-7fd595ba8000 rw-p 00000000 00:00 0 
7fd595ba8000-7fd598000000 ---p 00000000 00:00 0 
7fd598000000-7fd598002000 r--s 00009000 08:01 9841151                    /home/raphael/.m2/repository/org/objenesis/objenesis/2.1/objenesis-2.1.jar
7fd598002000-7fd598009000 r--s 00051000 08:01 9706665                    /home/raphael/.m2/repository/com/esotericsoftware/kryo-shaded/3.0.3/kryo-shaded-3.0.3.jar
7fd598009000-7fd59800e000 r--s 00032000 08:01 9576133                    /home/raphael/.m2/repository/com/twitter/chill_2.11/0.8.0/chill_2.11-0.8.0.jar
7fd59800e000-7fd598015000 r--s 0004e000 08:01 9576134                    /home/raphael/.m2/repository/org/apache/avro/avro-ipc/1.7.7/avro-ipc-1.7.7-tests.jar
7fd598015000-7fd598019000 r--s 0002c000 08:01 9576131                    /home/raphael/.m2/repository/org/apache/avro/avro-ipc/1.7.7/avro-ipc-1.7.7.jar
7fd598019000-7fd59801e000 r--s 00028000 08:01 9576128                    /home/raphael/.m2/repository/org/apache/avro/avro-mapred/1.7.7/avro-mapred-1.7.7-hadoop2.jar
7fd59801e000-7fd59802b000 r--s 000d1000 08:01 4867175                    /home/raphael/.ivy2/cache/org.scala-lang/scala-library/srcs/scala-library-2.11.7-sources.jar
7fd59802b000-7fd598030000 r--s 00085000 08:01 5651583                    /home/raphael/.ivy2/cache/org.scala-lang/scala-reflect/srcs/scala-reflect-2.11.7-sources.jar
7fd598030000-7fd598043000 r--s 00345000 08:01 5395381                    /usr/lib/jvm/java-8-oracle/jre/lib/resources.jar
7fd598043000-7fd598056000 r--s 000d6000 08:01 5395284                    /usr/lib/jvm/java-8-oracle/jre/lib/plugin.jar
7fd598056000-7fd59805b000 r--s 0009d000 08:01 5395400                    /usr/lib/jvm/java-8-oracle/jre/lib/jsse.jar
7fd59805b000-7fd598060000 r--s 00084000 08:01 5395258                    /usr/lib/jvm/java-8-oracle/jre/lib/jfr.jar
7fd598060000-7fd598069000 r--s 0006d000 08:01 5395268                    /usr/lib/jvm/java-8-oracle/jre/lib/javaws.jar
7fd598069000-7fd598085000 r--s 0020b000 08:01 5395259                    /usr/lib/jvm/java-8-oracle/jre/lib/deploy.jar
7fd598085000-7fd598fe3000 rw-p 00000000 00:00 0 
7fd598fe3000-7fd5991bd000 r--s 03d6b000 08:01 5395342                    /usr/lib/jvm/java-8-oracle/jre/lib/rt.jar
7fd5991bd000-7fd599b85000 rw-p 00000000 00:00 0 
7fd599b85000-7fd599b86000 ---p 00000000 00:00 0 
7fd599b86000-7fd599c86000 rw-p 00000000 00:00 0 
7fd599c86000-7fd599c87000 ---p 00000000 00:00 0 
7fd599c87000-7fd599d87000 rw-p 00000000 00:00 0 
7fd599d87000-7fd599d88000 ---p 00000000 00:00 0 
7fd599d88000-7fd599e88000 rw-p 00000000 00:00 0 
7fd599e88000-7fd599e89000 ---p 00000000 00:00 0 
7fd599e89000-7fd599f9f000 rw-p 00000000 00:00 0 
7fd599f9f000-7fd59a0b9000 ---p 00000000 00:00 0 
7fd59a0b9000-7fd59a0cf000 rw-p 00000000 00:00 0 
7fd59a0cf000-7fd59a1e9000 ---p 00000000 00:00 0 
7fd59a1e9000-7fd59a238000 rw-p 00000000 00:00 0 
7fd59a238000-7fd59a281000 ---p 00000000 00:00 0 
7fd59a281000-7fd59a2b0000 rw-p 00000000 00:00 0 
7fd59a2b0000-7fd59a642000 ---p 00000000 00:00 0 
7fd59a642000-7fd59a65d000 r-xp 00000000 08:01 5395582                    /usr/lib/jvm/java-8-oracle/jre/lib/amd64/libzip.so
7fd59a65d000-7fd59a85d000 ---p 0001b000 08:01 5395582                    /usr/lib/jvm/java-8-oracle/jre/lib/amd64/libzip.so
7fd59a85d000-7fd59a85e000 rw-p 0001b000 08:01 5395582                    /usr/lib/jvm/java-8-oracle/jre/lib/amd64/libzip.so
7fd59a85e000-7fd59a869000 r-xp 00000000 08:01 3150453                    /lib/x86_64-linux-gnu/libnss_files-2.23.so
7fd59a869000-7fd59aa68000 ---p 0000b000 08:01 3150453                    /lib/x86_64-linux-gnu/libnss_files-2.23.so
7fd59aa68000-7fd59aa69000 r--p 0000a000 08:01 3150453                    /lib/x86_64-linux-gnu/libnss_files-2.23.so
7fd59aa69000-7fd59aa6a000 rw-p 0000b000 08:01 3150453                    /lib/x86_64-linux-gnu/libnss_files-2.23.so
7fd59aa6a000-7fd59aa70000 rw-p 00000000 00:00 0 
7fd59aa70000-7fd59aa7b000 r-xp 00000000 08:01 3150463                    /lib/x86_64-linux-gnu/libnss_nis-2.23.so
7fd59aa7b000-7fd59ac7a000 ---p 0000b000 08:01 3150463                    /lib/x86_64-linux-gnu/libnss_nis-2.23.so
7fd59ac7a000-7fd59ac7b000 r--p 0000a000 08:01 3150463                    /lib/x86_64-linux-gnu/libnss_nis-2.23.so
7fd59ac7b000-7fd59ac7c000 rw-p 0000b000 08:01 3150463                    /lib/x86_64-linux-gnu/libnss_nis-2.23.so
7fd59ac7c000-7fd59ac92000 r-xp 00000000 08:01 3150447                    /lib/x86_64-linux-gnu/libnsl-2.23.so
7fd59ac92000-7fd59ae91000 ---p 00016000 08:01 3150447                    /lib/x86_64-linux-gnu/libnsl-2.23.so
7fd59ae91000-7fd59ae92000 r--p 00015000 08:01 3150447                    /lib/x86_64-linux-gnu/libnsl-2.23.so
7fd59ae92000-7fd59ae93000 rw-p 00016000 08:01 3150447                    /lib/x86_64-linux-gnu/libnsl-2.23.so
7fd59ae93000-7fd59ae95000 rw-p 00000000 00:00 0 
7fd59ae95000-7fd59ae9d000 r-xp 00000000 08:01 3150449                    /lib/x86_64-linux-gnu/libnss_compat-2.23.so
7fd59ae9d000-7fd59b09c000 ---p 00008000 08:01 3150449                    /lib/x86_64-linux-gnu/libnss_compat-2.23.so
7fd59b09c000-7fd59b09d000 r--p 00007000 08:01 3150449                    /lib/x86_64-linux-gnu/libnss_compat-2.23.so
7fd59b09d000-7fd59b09e000 rw-p 00008000 08:01 3150449                    /lib/x86_64-linux-gnu/libnss_compat-2.23.so
7fd59b09e000-7fd59b0a8000 r-xp 00000000 08:01 5395594                    /usr/lib/jvm/java-8-oracle/jre/lib/amd64/libinstrument.so
7fd59b0a8000-7fd59b2a7000 ---p 0000a000 08:01 5395594                    /usr/lib/jvm/java-8-oracle/jre/lib/amd64/libinstrument.so
7fd59b2a7000-7fd59b2a8000 rw-p 00009000 08:01 5395594                    /usr/lib/jvm/java-8-oracle/jre/lib/amd64/libinstrument.so
7fd59b2a8000-7fd59b2d3000 r-xp 00000000 08:01 5395576                    /usr/lib/jvm/java-8-oracle/jre/lib/amd64/libjava.so
7fd59b2d3000-7fd59b4d2000 ---p 0002b000 08:01 5395576                    /usr/lib/jvm/java-8-oracle/jre/lib/amd64/libjava.so
7fd59b4d2000-7fd59b4d4000 rw-p 0002a000 08:01 5395576                    /usr/lib/jvm/java-8-oracle/jre/lib/amd64/libjava.so
7fd59b4d4000-7fd59b4e1000 r-xp 00000000 08:01 5395581                    /usr/lib/jvm/java-8-oracle/jre/lib/amd64/libverify.so
7fd59b4e1000-7fd59b6e1000 ---p 0000d000 08:01 5395581                    /usr/lib/jvm/java-8-oracle/jre/lib/amd64/libverify.so
7fd59b6e1000-7fd59b6e3000 rw-p 0000d000 08:01 5395581                    /usr/lib/jvm/java-8-oracle/jre/lib/amd64/libverify.so
7fd59b6e3000-7fd59b6ea000 r-xp 00000000 08:01 3150508                    /lib/x86_64-linux-gnu/librt-2.23.so
7fd59b6ea000-7fd59b8e9000 ---p 00007000 08:01 3150508                    /lib/x86_64-linux-gnu/librt-2.23.so
7fd59b8e9000-7fd59b8ea000 r--p 00006000 08:01 3150508                    /lib/x86_64-linux-gnu/librt-2.23.so
7fd59b8ea000-7fd59b8eb000 rw-p 00007000 08:01 3150508                    /lib/x86_64-linux-gnu/librt-2.23.so
7fd59b8eb000-7fd59b9f3000 r-xp 00000000 08:01 3150424                    /lib/x86_64-linux-gnu/libm-2.23.so
7fd59b9f3000-7fd59bbf2000 ---p 00108000 08:01 3150424                    /lib/x86_64-linux-gnu/libm-2.23.so
7fd59bbf2000-7fd59bbf3000 r--p 00107000 08:01 3150424                    /lib/x86_64-linux-gnu/libm-2.23.so
7fd59bbf3000-7fd59bbf4000 rw-p 00108000 08:01 3150424                    /lib/x86_64-linux-gnu/libm-2.23.so
7fd59bbf4000-7fd59c8d0000 r-xp 00000000 08:01 5395556                    /usr/lib/jvm/java-8-oracle/jre/lib/amd64/server/libjvm.so
7fd59c8d0000-7fd59cad0000 ---p 00cdc000 08:01 5395556                    /usr/lib/jvm/java-8-oracle/jre/lib/amd64/server/libjvm.so
7fd59cad0000-7fd59cbaa000 rw-p 00cdc000 08:01 5395556                    /usr/lib/jvm/java-8-oracle/jre/lib/amd64/server/libjvm.so
7fd59cbaa000-7fd59cbf5000 rw-p 00000000 00:00 0 
7fd59cbf5000-7fd59cdb5000 r-xp 00000000 08:01 3150354                    /lib/x86_64-linux-gnu/libc-2.23.so
7fd59cdb5000-7fd59cfb5000 ---p 001c0000 08:01 3150354                    /lib/x86_64-linux-gnu/libc-2.23.so
7fd59cfb5000-7fd59cfb9000 r--p 001c0000 08:01 3150354                    /lib/x86_64-linux-gnu/libc-2.23.so
7fd59cfb9000-7fd59cfbb000 rw-p 001c4000 08:01 3150354                    /lib/x86_64-linux-gnu/libc-2.23.so
7fd59cfbb000-7fd59cfbf000 rw-p 00000000 00:00 0 
7fd59cfbf000-7fd59cfc2000 r-xp 00000000 08:01 3150378                    /lib/x86_64-linux-gnu/libdl-2.23.so
7fd59cfc2000-7fd59d1c1000 ---p 00003000 08:01 3150378                    /lib/x86_64-linux-gnu/libdl-2.23.so
7fd59d1c1000-7fd59d1c2000 r--p 00002000 08:01 3150378                    /lib/x86_64-linux-gnu/libdl-2.23.so
7fd59d1c2000-7fd59d1c3000 rw-p 00003000 08:01 3150378                    /lib/x86_64-linux-gnu/libdl-2.23.so
7fd59d1c3000-7fd59d1d9000 r-xp 00000000 08:01 5395203                    /usr/lib/jvm/java-8-oracle/lib/amd64/jli/libjli.so
7fd59d1d9000-7fd59d3d8000 ---p 00016000 08:01 5395203                    /usr/lib/jvm/java-8-oracle/lib/amd64/jli/libjli.so
7fd59d3d8000-7fd59d3d9000 rw-p 00015000 08:01 5395203                    /usr/lib/jvm/java-8-oracle/lib/amd64/jli/libjli.so
7fd59d3d9000-7fd59d3f1000 r-xp 00000000 08:01 3150500                    /lib/x86_64-linux-gnu/libpthread-2.23.so
7fd59d3f1000-7fd59d5f0000 ---p 00018000 08:01 3150500                    /lib/x86_64-linux-gnu/libpthread-2.23.so
7fd59d5f0000-7fd59d5f1000 r--p 00017000 08:01 3150500                    /lib/x86_64-linux-gnu/libpthread-2.23.so
7fd59d5f1000-7fd59d5f2000 rw-p 00018000 08:01 3150500                    /lib/x86_64-linux-gnu/libpthread-2.23.so
7fd59d5f2000-7fd59d5f6000 rw-p 00000000 00:00 0 
7fd59d5f6000-7fd59d61c000 r-xp 00000000 08:01 3150326                    /lib/x86_64-linux-gnu/ld-2.23.so
7fd59d61c000-7fd59d61d000 r--s 00001000 08:01 9706669                    /home/raphael/.m2/repository/com/esotericsoftware/minlog/1.3.0/minlog-1.3.0.jar
7fd59d61d000-7fd59d61e000 r--s 00000000 08:01 5395265                    /usr/lib/jvm/java-8-oracle/jre/lib/management-agent.jar
7fd59d61e000-7fd59d620000 r--s 00007000 08:01 5395520                    /usr/lib/jvm/java-8-oracle/jre/lib/jfxswt.jar
7fd59d620000-7fd59d623000 r--s 0001a000 08:01 5395518                    /usr/lib/jvm/java-8-oracle/jre/lib/jce.jar
7fd59d623000-7fd59d6f4000 rw-p 00000000 00:00 0 
7fd59d6f4000-7fd59d6f7000 ---p 00000000 00:00 0 
7fd59d6f7000-7fd59d7fa000 rw-p 00000000 00:00 0 
7fd59d7fa000-7fd59d7ff000 r--s 002f9000 08:01 5395340                    /usr/lib/jvm/java-8-oracle/jre/lib/charsets.jar
7fd59d7ff000-7fd59d811000 rw-p 00000000 00:00 0 
7fd59d811000-7fd59d819000 rw-s 00000000 08:01 7879463                    /tmp/hsperfdata_raphael/30860
7fd59d819000-7fd59d81a000 rw-p 00000000 00:00 0 
7fd59d81a000-7fd59d81b000 ---p 00000000 00:00 0 
7fd59d81b000-7fd59d81c000 r--p 00025000 08:01 3150326                    /lib/x86_64-linux-gnu/ld-2.23.so
7fd59d81c000-7fd59d81d000 rw-p 00026000 08:01 3150326                    /lib/x86_64-linux-gnu/ld-2.23.so
7fd59d81d000-7fd59d81e000 rw-p 00000000 00:00 0 
7ffdcb7e9000-7ffdcb80e000 rw-p 00000000 00:00 0                          [stack]
7ffdcb86e000-7ffdcb871000 r--p 00000000 00:00 0                          [vvar]
7ffdcb871000-7ffdcb873000 r-xp 00000000 00:00 0                          [vdso]
ffffffffff600000-ffffffffff601000 r-xp 00000000 00:00 0                  [vsyscall]

VM Arguments:
jvm_args: -XX:MaxPermSize -javaagent:/home/raphael/Téléchargements/intellij/idea-IC-181.5281.24/lib/idea_rt.jar=44409:/home/raphael/Téléchargements/intellij/idea-IC-181.5281.24/bin -Dfile.encoding=UTF-8 
java_command: BP2I.DAG.App
java_class_path (initial): /usr/lib/jvm/java-8-oracle/jre/lib/charsets.jar:/usr/lib/jvm/java-8-oracle/jre/lib/deploy.jar:/usr/lib/jvm/java-8-oracle/jre/lib/ext/cldrdata.jar:/usr/lib/jvm/java-8-oracle/jre/lib/ext/dnsns.jar:/usr/lib/jvm/java-8-oracle/jre/lib/ext/jaccess.jar:/usr/lib/jvm/java-8-oracle/jre/lib/ext/jfxrt.jar:/usr/lib/jvm/java-8-oracle/jre/lib/ext/localedata.jar:/usr/lib/jvm/java-8-oracle/jre/lib/ext/nashorn.jar:/usr/lib/jvm/java-8-oracle/jre/lib/ext/sunec.jar:/usr/lib/jvm/java-8-oracle/jre/lib/ext/sunjce_provider.jar:/usr/lib/jvm/java-8-oracle/jre/lib/ext/sunpkcs11.jar:/usr/lib/jvm/java-8-oracle/jre/lib/ext/zipfs.jar:/usr/lib/jvm/java-8-oracle/jre/lib/javaws.jar:/usr/lib/jvm/java-8-oracle/jre/lib/jce.jar:/usr/lib/jvm/java-8-oracle/jre/lib/jfr.jar:/usr/lib/jvm/java-8-oracle/jre/lib/jfxswt.jar:/usr/lib/jvm/java-8-oracle/jre/lib/jsse.jar:/usr/lib/jvm/java-8-oracle/jre/lib/management-agent.jar:/usr/lib/jvm/java-8-oracle/jre/lib/plugin.jar:/usr/lib/jvm/java-8-oracle/jre/lib/resources.jar:/usr/lib/jvm/java-8-oracle/jre/lib/rt.jar:/home/raphael/workspace/BP2I_Spark/target/classes:/home/raphael/.ivy2/cache/org.scala-lang/scala-reflect/jars/scala-reflect-2.11.7.jar:/home/raphael/.ivy2/cache/org.scala-lang/scala-library/jars/scala-library-2.11.7.jar:/home/raphael/.ivy2/cache/org.scala-lang/scala-reflect/srcs/scala-reflect-2.11.7-sources.jar:/home/raphael/.ivy2/cache/org.scala-lang/scala-library/srcs/scala-library-2.11.7-sources.jar:/home/raphael/.m2/repository/org/scala-lang/scala-library/2.11.7/scala-library-2.11.7.jar:/home/raphael/.m2/repository/org/apache/spark/spark-core_2.11/2.0.1/spark-core_2.11-2.0.1.jar:/home/raphael/.m2/repository/org/apache/avro/avro-mapred/1.7.7/avro-mapred-1.7.7-hadoop2.jar:/home/raphael/.m2/repository/org/apache/avro/avro-ipc/1.7.7/avro-ipc-1.7.7.jar:/home/raphael/.m2/repository/org/apache/avro/avro-ipc/1.7.7/avro-ipc-1.7.7-tests.jar:/home/raphael/.m2/repository/com/twitter/chill_2.11/0.8.0/chill_2.11-0.8.0.jar:/home/raphael/.m2/re
Launcher Type: SUN_STANDARD

Environment Variables:
JAVA_HOME=/usr/lib/jvm/java-8-oracle
PATH=/home/raphael/bin:/home/raphael/.local/bin:/usr/local/sbin:/usr/local/bin:/usr/sbin:/usr/bin:/sbin:/bin:/usr/games:/usr/local/games:/snap/bin:/usr/lib/jvm/java-8-oracle/bin:/usr/lib/jvm/java-8-oracle/db/bin:/usr/lib/jvm/java-8-oracle/jre/bin
SHELL=/bin/bash
DISPLAY=:0

Signal Handlers:
SIGSEGV: [libjvm.so+0xad2a40], sa_mask[0]=11111111011111111101111111111110, sa_flags=SA_RESTART|SA_SIGINFO
SIGBUS: [libjvm.so+0xad2a40], sa_mask[0]=11111111011111111101111111111110, sa_flags=SA_RESTART|SA_SIGINFO
SIGFPE: [libjvm.so+0x92a610], sa_mask[0]=11111111011111111101111111111110, sa_flags=SA_RESTART|SA_SIGINFO
SIGPIPE: [libjvm.so+0x92a610], sa_mask[0]=11111111011111111101111111111110, sa_flags=SA_RESTART|SA_SIGINFO
SIGXFSZ: [libjvm.so+0x92a610], sa_mask[0]=11111111011111111101111111111110, sa_flags=SA_RESTART|SA_SIGINFO
SIGILL: [libjvm.so+0x92a610], sa_mask[0]=11111111011111111101111111111110, sa_flags=SA_RESTART|SA_SIGINFO
SIGUSR1: SIG_DFL, sa_mask[0]=00000000000000000000000000000000, sa_flags=none
SIGUSR2: [libjvm.so+0x92be70], sa_mask[0]=00100000000000000000000000000000, sa_flags=SA_RESTART|SA_SIGINFO
SIGHUP: [libjvm.so+0x92d270], sa_mask[0]=11111111011111111101111111111110, sa_flags=SA_RESTART|SA_SIGINFO
SIGINT: [libjvm.so+0x92d270], sa_mask[0]=11111111011111111101111111111110, sa_flags=SA_RESTART|SA_SIGINFO
SIGTERM: [libjvm.so+0x92d270], sa_mask[0]=11111111011111111101111111111110, sa_flags=SA_RESTART|SA_SIGINFO
SIGQUIT: [libjvm.so+0x92d270], sa_mask[0]=11111111011111111101111111111110, sa_flags=SA_RESTART|SA_SIGINFO


---------------  S Y S T E M  ---------------

OS:DISTRIB_ID=Ubuntu
DISTRIB_RELEASE=16.04
DISTRIB_CODENAME=xenial
DISTRIB_DESCRIPTION="Ubuntu 16.04.5 LTS"

uname:Linux 4.15.0-30-generic #32~16.04.1-Ubuntu SMP Thu Jul 26 20:25:39 UTC 2018 x86_64
libc:glibc 2.23 NPTL 2.23 
rlimit: STACK 8192k, CORE 0k, NPROC 14349, NOFILE 1048576, AS infinity
load average:17,43 6,58 9,45

/proc/meminfo:
MemTotal:        3733024 kB
MemFree:           86144 kB
MemAvailable:          0 kB
Buffers:             280 kB
Cached:           221608 kB
SwapCached:          228 kB
Active:          2824736 kB
Inactive:         583328 kB
Active(anon):    2817924 kB
Inactive(anon):   573740 kB
Active(file):       6812 kB
Inactive(file):     9588 kB
Unevictable:          48 kB
Mlocked:              48 kB
SwapTotal:       3881980 kB
SwapFree:              0 kB
Dirty:                60 kB
Writeback:            68 kB
AnonPages:       3186288 kB
Mapped:            40252 kB
Shmem:            205408 kB
Slab:              94928 kB
SReclaimable:      40736 kB
SUnreclaim:        54192 kB
KernelStack:       17472 kB
PageTables:        63952 kB
NFS_Unstable:          0 kB
Bounce:                0 kB
WritebackTmp:          0 kB
CommitLimit:     5748492 kB
Committed_AS:   15242820 kB
VmallocTotal:   34359738367 kB
VmallocUsed:           0 kB
VmallocChunk:          0 kB
HardwareCorrupted:     0 kB
AnonHugePages:         0 kB
ShmemHugePages:        0 kB
ShmemPmdMapped:        0 kB
CmaTotal:              0 kB
CmaFree:               0 kB
HugePages_Total:       0
HugePages_Free:        0
HugePages_Rsvd:        0
HugePages_Surp:        0
Hugepagesize:       2048 kB
DirectMap4k:      201916 kB
DirectMap2M:     3682304 kB


CPU:total 4 (initial active 4) (2 cores per cpu, 2 threads per core) family 6 model 58 stepping 9, cmov, cx8, fxsr, mmx, sse, sse2, sse3, ssse3, sse4.1, sse4.2, popcnt, avx, aes, clmul, erms, ht, tsc, tscinvbit, tscinv

/proc/cpuinfo:
processor	: 0
vendor_id	: GenuineIntel
cpu family	: 6
model		: 58
model name	: Intel(R) Core(TM) i7-3520M CPU @ 2.90GHz
stepping	: 9
microcode	: 0x1f
cpu MHz		: 2506.375
cache size	: 4096 KB
physical id	: 0
siblings	: 4
core id		: 0
cpu cores	: 2
apicid		: 0
initial apicid	: 0
fpu		: yes
fpu_exception	: yes
cpuid level	: 13
wp		: yes
flags		: fpu vme de pse tsc msr pae mce cx8 apic sep mtrr pge mca cmov pat pse36 clflush dts acpi mmx fxsr sse sse2 ss ht tm pbe syscall nx rdtscp lm constant_tsc arch_perfmon pebs bts rep_good nopl xtopology nonstop_tsc cpuid aperfmperf pni pclmulqdq dtes64 monitor ds_cpl vmx smx est tm2 ssse3 cx16 xtpr pdcm pcid sse4_1 sse4_2 x2apic popcnt tsc_deadline_timer aes xsave avx f16c rdrand lahf_lm cpuid_fault epb pti ibrs ibpb stibp tpr_shadow vnmi flexpriority ept vpid fsgsbase smep erms xsaveopt dtherm ida arat pln pts
bugs		: cpu_meltdown spectre_v1 spectre_v2 spec_store_bypass
bogomips	: 5786.47
clflush size	: 64
cache_alignment	: 64
address sizes	: 36 bits physical, 48 bits virtual
power management:

processor	: 1
vendor_id	: GenuineIntel
cpu family	: 6
model		: 58
model name	: Intel(R) Core(TM) i7-3520M CPU @ 2.90GHz
stepping	: 9
microcode	: 0x1f
cpu MHz		: 2400.155
cache size	: 4096 KB
physical id	: 0
siblings	: 4
core id		: 0
cpu cores	: 3
apicid		: 1
initial apicid	: 1
fpu		: yes
fpu_exception	: yes
cpuid level	: 13
wp		: yes
flags		: fpu vme de pse tsc msr pae mce cx8 apic sep mtrr pge mca cmov pat pse36 clflush dts acpi mmx fxsr sse sse2 ss ht tm pbe syscall nx rdtscp lm constant_tsc arch_perfmon pebs bts rep_good nopl xtopology nonstop_tsc cpuid aperfmperf pni pclmulqdq dtes64 monitor ds_cpl vmx smx est tm2 ssse3 cx16 xtpr pdcm pcid sse4_1 sse4_2 x2apic popcnt tsc_deadline_timer aes xsave avx f16c rdrand lahf_lm cpuid_fault epb pti ibrs ibpb stibp tpr_shadow vnmi flexpriority ept vpid fsgsbase smep erms xsaveopt dtherm ida arat pln pts
bugs		: cpu_meltdown spectre_v1 spectre_v2 spec_store_bypass
bogomips	: 5786.47
clflush size	: 64
cache_alignment	: 64
address sizes	: 36 bits physical, 48 bits virtual
power management:

processor	: 2
vendor_id	: GenuineIntel
cpu family	: 6
model		: 58
model name	: Intel(R) Core(TM) i7-3520M CPU @ 2.90GHz
stepping	: 9
microcode	: 0x1f
cpu MHz		: 2265.684
cache size	: 4096 KB
physical id	: 0
siblings	: 4
core id		: 1
cpu cores	: 4
apicid		: 2
initial apicid	: 2
fpu		: yes
fpu_exception	: yes
cpuid level	: 13
wp		: yes
flags		: fpu vme de pse tsc msr pae mce cx8 apic sep mtrr pge mca cmov pat pse36 clflush dts acpi mmx fxsr sse sse2 ss ht tm pbe syscall nx rdtscp lm constant_tsc arch_perfmon pebs bts rep_good nopl xtopology nonstop_tsc cpuid aperfmperf pni pclmulqdq dtes64 monitor ds_cpl vmx smx est tm2 ssse3 cx16 xtpr pdcm pcid sse4_1 sse4_2 x2apic popcnt tsc_deadline_timer aes xsave avx f16c rdrand lahf_lm cpuid_fault epb pti ibrs ibpb stibp tpr_shadow vnmi flexpriority ept vpid fsgsbase smep erms xsaveopt dtherm ida arat pln pts
bugs		: cpu_meltdown spectre_v1 spectre_v2 spec_store_bypass
bogomips	: 5786.47
clflush size	: 64
cache_alignment	: 64
address sizes	: 36 bits physical, 48 bits virtual
power management:

processor	: 3
vendor_id	: GenuineIntel
cpu family	: 6
model		: 58
model name	: Intel(R) Core(TM) i7-3520M CPU @ 2.90GHz
stepping	: 9
microcode	: 0x1f
cpu MHz		: 2390.469
cache size	: 4096 KB
physical id	: 0
siblings	: 4
core id		: 1
cpu cores	: 1
apicid		: 3
initial apicid	: 3
fpu		: yes
fpu_exception	: yes
cpuid level	: 13
wp		: yes
flags		: fpu vme de pse tsc msr pae mce cx8 apic sep mtrr pge mca cmov pat pse36 clflush dts acpi mmx fxsr sse sse2 ss ht tm pbe syscall nx rdtscp lm constant_tsc arch_perfmon pebs bts rep_good nopl xtopology nonstop_tsc cpuid aperfmperf pni pclmulqdq dtes64 monitor ds_cpl vmx smx est tm2 ssse3 cx16 xtpr pdcm pcid sse4_1 sse4_2 x2apic popcnt tsc_deadline_timer aes xsave avx f16c rdrand lahf_lm cpuid_fault epb pti ibrs ibpb stibp tpr_shadow vnmi flexpriority ept vpid fsgsbase smep erms xsaveopt dtherm ida arat pln pts
bugs		: cpu_meltdown spectre_v1 spectre_v2 spec_store_bypass
bogomips	: 5786.47
clflush size	: 64
cache_alignment	: 64
address sizes	: 36 bits physical, 48 bits virtual
power management:



Memory: 4k page, physical 3733024k(85544k free), swap 3881980k(0k free)

vm_info: Java HotSpot(TM) 64-Bit Server VM (25.181-b13) for linux-amd64 JRE (1.8.0_181-b13), built on Jul  7 2018 00:56:38 by "java_re" with gcc 4.3.0 20080428 (Red Hat 4.3.0-8)

time: Fri Aug 17 10:34:41 2018
elapsed time: 73 seconds (0d 0h 1m 13s)

