#
# There is insufficient memory for the Java Runtime Environment to continue.
# Native memory allocation (mmap) failed to map 39321600 bytes for committing reserved memory.
# Possible reasons:
#   The system is out of physical RAM or swap space
#   In 32 bit mode, the process size limit was hit
# Possible solutions:
#   Reduce memory load on the system
#   Increase physical memory or swap space
#   Check if swap backing store is full
#   Use 64 bit Java on a 64 bit OS
#   Decrease Java heap size (-Xmx/-Xms)
#   Decrease number of Java threads
#   Decrease Java thread stack sizes (-Xss)
#   Set larger code cache with -XX:ReservedCodeCacheSize=
# This output file may be truncated or incomplete.
#
#  Out of Memory Error (os_linux.cpp:2640), pid=28694, tid=0x00007f04ecfff700
#
# JRE version: Java(TM) SE Runtime Environment (8.0_181-b13) (build 1.8.0_181-b13)
# Java VM: Java HotSpot(TM) 64-Bit Server VM (25.181-b13 mixed mode linux-amd64 compressed oops)
# Failed to write core dump. Core dumps have been disabled. To enable core dumping, try "ulimit -c unlimited" before starting Java again
#

---------------  T H R E A D  ---------------

Current thread (0x00007f04fc148000):  VMThread [stack: 0x00007f04eceff000,0x00007f04ed000000] [id=28702]

Stack: [0x00007f04eceff000,0x00007f04ed000000],  sp=0x00007f04ecffe220,  free space=1020k
Native frames: (J=compiled Java code, j=interpreted, Vv=VM code, C=native code)
V  [libjvm.so+0xad21aa]  VMError::report_and_die()+0x2ba
V  [libjvm.so+0x5022db]  report_vm_out_of_memory(char const*, int, unsigned long, VMErrorType, char const*)+0x8b
V  [libjvm.so+0x92fe33]  os::Linux::commit_memory_impl(char*, unsigned long, bool)+0x123
V  [libjvm.so+0x930059]  os::pd_commit_memory(char*, unsigned long, unsigned long, bool)+0x29
V  [libjvm.so+0x9272ba]  os::commit_memory(char*, unsigned long, unsigned long, bool)+0x2a
V  [libjvm.so+0x99d2e3]  PSVirtualSpace::expand_by(unsigned long)+0x53
V  [libjvm.so+0x99e6e8]  PSYoungGen::resize_generation(unsigned long, unsigned long)+0xf8
V  [libjvm.so+0x99d842]  PSYoungGen::resize(unsigned long, unsigned long)+0x22
V  [libjvm.so+0x99ab1b]  PSScavenge::invoke_no_policy()+0xf3b
V  [libjvm.so+0x99b2a1]  PSScavenge::invoke()+0x41
V  [libjvm.so+0x951d70]  ParallelScavengeHeap::failed_mem_allocate(unsigned long)+0x70
V  [libjvm.so+0xad3c27]  VM_ParallelGCFailedAllocation::doit()+0x97
V  [libjvm.so+0xadb745]  VM_Operation::evaluate()+0x55
V  [libjvm.so+0xad9b0a]  VMThread::evaluate_operation(VM_Operation*)+0xba
V  [libjvm.so+0xad9e8e]  VMThread::loop()+0x1ce
V  [libjvm.so+0xada300]  VMThread::run()+0x70
V  [libjvm.so+0x930198]  java_start(Thread*)+0x108

VM_Operation (0x00007f05057e20e0): ParallelGCFailedAllocation, mode: safepoint, requested by thread 0x00007f04fc013000


---------------  P R O C E S S  ---------------

Java Threads: ( => current thread )
  0x00007f04c8007800 JavaThread "block-manager-ask-thread-pool-1" daemon [_thread_blocked, id=28781, stack(0x00007f046d7dd000,0x00007f046d8de000)]
  0x00007f04d400e800 JavaThread "block-manager-slave-async-thread-pool-2" daemon [_thread_blocked, id=28780, stack(0x00007f046d8de000,0x00007f046d9df000)]
  0x00007f04d400d000 JavaThread "block-manager-slave-async-thread-pool-1" daemon [_thread_blocked, id=28779, stack(0x00007f046d9df000,0x00007f046dae0000)]
  0x00007f049c021800 JavaThread "block-manager-slave-async-thread-pool-0" daemon [_thread_blocked, id=28778, stack(0x00007f046dae0000,0x00007f046dbe1000)]
  0x00007f0498024800 JavaThread "block-manager-ask-thread-pool-0" daemon [_thread_blocked, id=28777, stack(0x00007f046dde1000,0x00007f046dee2000)]
  0x00007f04a4003800 JavaThread "task-result-getter-1" daemon [_thread_blocked, id=28776, stack(0x00007f046e0e2000,0x00007f046e1e3000)]
  0x00007f04a0033000 JavaThread "task-result-getter-0" daemon [_thread_blocked, id=28775, stack(0x00007f046e1e3000,0x00007f046e2e4000)]
  0x00007f049801c800 JavaThread "Executor task launch worker-0" daemon [_thread_blocked, id=28774, stack(0x00007f046e2e4000,0x00007f046e3e5000)]
  0x00007f04fd481800 JavaThread "org.apache.hadoop.fs.FileSystem$Statistics$StatisticsDataReferenceCleaner" daemon [_thread_blocked, id=28773, stack(0x00007f046ebf2000,0x00007f046ecf3000)]
  0x00007f04fd2d8800 JavaThread "SparkListenerBus" daemon [_thread_blocked, id=28770, stack(0x00007f046eef3000,0x00007f046eff4000)]
  0x00007f04fd2d5000 JavaThread "context-cleaner-periodic-gc" daemon [_thread_blocked, id=28769, stack(0x00007f046eff4000,0x00007f046f0f5000)]
  0x00007f04fd2d3800 JavaThread "Spark Context Cleaner" daemon [_thread_blocked, id=28768, stack(0x00007f046f0f5000,0x00007f046f1f6000)]
  0x00007f04fd1bc000 JavaThread "shuffle-server-0" daemon [_thread_blocked, id=28767, stack(0x00007f046f3f6000,0x00007f046f4f7000)]
  0x00007f04fd1b8000 JavaThread "driver-heartbeater" daemon [_thread_blocked, id=28766, stack(0x00007f046f4f7000,0x00007f046f5f8000)]
  0x00007f04fd1a4800 JavaThread "dag-scheduler-event-loop" daemon [_thread_blocked, id=28765, stack(0x00007f046f5f8000,0x00007f046f6f9000)]
  0x00007f049c00c000 JavaThread "netty-rpc-env-timeout" daemon [_thread_blocked, id=28764, stack(0x00007f046f8f9000,0x00007f046f9fa000)]
  0x00007f04fd17c800 JavaThread "Timer-0" daemon [_thread_blocked, id=28763, stack(0x00007f046f9fa000,0x00007f046fafb000)]
  0x00007f04a4002000 JavaThread "heartbeat-receiver-event-loop-thread" daemon [_thread_blocked, id=28762, stack(0x00007f046fafb000,0x00007f046fbfc000)]
  0x00007f04fd11e800 JavaThread "SparkUI-53" daemon [_thread_blocked, id=28761, stack(0x00007f04dc3f5000,0x00007f04dc4f6000)]
  0x00007f04fd130800 JavaThread "SparkUI-52" daemon [_thread_blocked, id=28760, stack(0x00007f04dc1f3000,0x00007f04dc2f4000)]
  0x00007f04fd12b800 JavaThread "SparkUI-51" daemon [_thread_blocked, id=28759, stack(0x00007f04dc2f4000,0x00007f04dc3f5000)]
  0x00007f04fd12d800 JavaThread "SparkUI-50" daemon [_thread_blocked, id=28758, stack(0x00007f046feff000,0x00007f0470000000)]
  0x00007f04fd12f000 JavaThread "SparkUI-49" daemon [_thread_blocked, id=28757, stack(0x00007f046fcfd000,0x00007f046fdfe000)]
  0x00007f04fd12a000 JavaThread "SparkUI-48-acceptor-0@57598e24-ServerConnector@599e6abf{HTTP/1.1}{0.0.0.0:4041}" daemon [_thread_in_native, id=28756, stack(0x00007f046fdfe000,0x00007f046feff000)]
  0x00007f04fd128800 JavaThread "SparkUI-47-selector-ServerConnectorManager@168d8eb6/1" daemon [_thread_in_native, id=28755, stack(0x00007f046fbfc000,0x00007f046fcfd000)]
  0x00007f04fd125000 JavaThread "SparkUI-46-selector-ServerConnectorManager@168d8eb6/0" daemon [_thread_in_native, id=28754, stack(0x00007f04dc0f2000,0x00007f04dc1f3000)]
  0x00007f04fd02e000 JavaThread "map-output-dispatcher-7" daemon [_thread_blocked, id=28743, stack(0x00007f04dc6f6000,0x00007f04dc7f7000)]
  0x00007f04fd02c800 JavaThread "map-output-dispatcher-6" daemon [_thread_blocked, id=28742, stack(0x00007f04dc7f7000,0x00007f04dc8f8000)]
  0x00007f04fd02a800 JavaThread "map-output-dispatcher-5" daemon [_thread_blocked, id=28741, stack(0x00007f04dc8f8000,0x00007f04dc9f9000)]
  0x00007f04fd029000 JavaThread "map-output-dispatcher-4" daemon [_thread_blocked, id=28740, stack(0x00007f04dc9f9000,0x00007f04dcafa000)]
  0x00007f04fd027000 JavaThread "map-output-dispatcher-3" daemon [_thread_blocked, id=28739, stack(0x00007f04dcafa000,0x00007f04dcbfb000)]
  0x00007f04fd025800 JavaThread "map-output-dispatcher-2" daemon [_thread_blocked, id=28738, stack(0x00007f04dcbfb000,0x00007f04dccfc000)]
  0x00007f04fd024800 JavaThread "map-output-dispatcher-1" daemon [_thread_blocked, id=28737, stack(0x00007f04dccfc000,0x00007f04dcdfd000)]
  0x00007f04fd01b000 JavaThread "map-output-dispatcher-0" daemon [_thread_blocked, id=28736, stack(0x00007f04dcdfd000,0x00007f04dcefe000)]
  0x00007f04fd005800 JavaThread "shuffle-server-0" daemon [_thread_blocked, id=28735, stack(0x00007f04dcefe000,0x00007f04dcfff000)]
  0x00007f04fce7b000 JavaThread "dispatcher-event-loop-3" daemon [_thread_blocked, id=28733, stack(0x00007f04e444a000,0x00007f04e454b000)]
  0x00007f04fce6f800 JavaThread "dispatcher-event-loop-2" daemon [_thread_blocked, id=28732, stack(0x00007f04e454b000,0x00007f04e464c000)]
  0x00007f04fce6e000 JavaThread "dispatcher-event-loop-1" daemon [_thread_blocked, id=28731, stack(0x00007f04e464c000,0x00007f04e474d000)]
  0x00007f04fce6d800 JavaThread "dispatcher-event-loop-0" daemon [_thread_blocked, id=28730, stack(0x00007f04e4b7b000,0x00007f04e4c7c000)]
  0x00007f04fcd84000 JavaThread "process reaper" daemon [_thread_blocked, id=28722, stack(0x00007f04e4c7c000,0x00007f04e4cb5000)]
  0x00007f04fc99f800 JavaThread "Service Thread" daemon [_thread_blocked, id=28714, stack(0x00007f04e55ce000,0x00007f04e56cf000)]
  0x00007f04fc99c800 JavaThread "C1 CompilerThread2" daemon [_thread_blocked, id=28712, stack(0x00007f04e56cf000,0x00007f04e57d0000)]
  0x00007f04fc99a800 JavaThread "C2 CompilerThread1" daemon [_thread_blocked, id=28711, stack(0x00007f04e59e7000,0x00007f04e5ae8000)]
  0x00007f04fc998800 JavaThread "C2 CompilerThread0" daemon [_thread_blocked, id=28710, stack(0x00007f04e5ae8000,0x00007f04e5be9000)]
  0x00007f04fc986000 JavaThread "Monitor Ctrl-Break" daemon [_thread_in_native, id=28709, stack(0x00007f04e5be9000,0x00007f04e5cea000)]
  0x00007f04fc188000 JavaThread "Signal Dispatcher" daemon [_thread_blocked, id=28705, stack(0x00007f04ec23d000,0x00007f04ec33e000)]
  0x00007f04fc154800 JavaThread "Finalizer" daemon [_thread_blocked, id=28704, stack(0x00007f04eccfd000,0x00007f04ecdfe000)]
  0x00007f04fc152000 JavaThread "Reference Handler" daemon [_thread_blocked, id=28703, stack(0x00007f04ecdfe000,0x00007f04eceff000)]
  0x00007f04fc013000 JavaThread "main" [_thread_blocked, id=28697, stack(0x00007f05056e6000,0x00007f05057e7000)]

Other Threads:
=>0x00007f04fc148000 VMThread [stack: 0x00007f04eceff000,0x00007f04ed000000] [id=28702]
  0x00007f04fc9a2000 WatcherThread [stack: 0x00007f04e54cd000,0x00007f04e55ce000] [id=28715]

VM state:at safepoint (normal execution)

VM Mutex/Monitor currently owned by a thread:  ([mutex/lock_event])
[0x00007f04fc00a5a0] Threads_lock - owner thread: 0x00007f04fc148000
[0x00007f04fc00fc60] Heap_lock - owner thread: 0x00007f04fc013000

Heap:
 PSYoungGen      total 108544K, used 8187K [0x00000000ed000000, 0x00000000f4700000, 0x0000000100000000)
  eden space 100352K, 0% used [0x00000000ed000000,0x00000000ed000000,0x00000000f3200000)
  from space 8192K, 99% used [0x00000000f3700000,0x00000000f3efeef0,0x00000000f3f00000)
  to   space 7168K, 0% used [0x00000000f4000000,0x00000000f4000000,0x00000000f4700000)
 ParOldGen       total 41472K, used 17543K [0x00000000c7000000, 0x00000000c9880000, 0x00000000ed000000)
  object space 41472K, 42% used [0x00000000c7000000,0x00000000c8121db8,0x00000000c9880000)
 Metaspace       used 51108K, capacity 51474K, committed 51712K, reserved 1093632K
  class space    used 7568K, capacity 7674K, committed 7680K, reserved 1048576K

Card table byte_map: [0x00007f05020ab000,0x00007f0502274000] byte_map_base: 0x00007f0501a73000

Marking Bits: (ParMarkBitMap*) 0x00007f0504bba0a0
 Begin Bits: [0x00007f04e6380000, 0x00007f04e71c0000)
 End Bits:   [0x00007f04e71c0000, 0x00007f04e8000000)

Polling page: 0x00007f050580c000

CodeCache: size=245760Kb used=10280Kb max_used=10280Kb free=235479Kb
 bounds [0x00007f04ed000000, 0x00007f04eda20000, 0x00007f04fc000000]
 total_blobs=4044 nmethods=3503 adapters=453
 compilation: enabled

Compilation events (10 events):
Event: 9,370 Thread 0x00007f04fc99c800 3844   !   3       scala.reflect.internal.pickling.UnPickler$Scan$LazyTypeRef::completeInternal (300 bytes)
Event: 9,377 Thread 0x00007f04fc99c800 nmethod 3844 0x00007f04eda113d0 code [0x00007f04eda11860, 0x00007f04eda14a38]
Event: 9,377 Thread 0x00007f04fc99c800 3845       3       scala.reflect.internal.pickling.UnPickler$Scan$LazyTypeRef$$anonfun$completeInternal$1::<init> (15 bytes)
Event: 9,377 Thread 0x00007f04fc99c800 nmethod 3845 0x00007f04eda0d050 code [0x00007f04eda0d1c0, 0x00007f04eda0d450]
Event: 9,377 Thread 0x00007f04fc99c800 3848       1       scala.reflect.runtime.Settings::verbose (5 bytes)
Event: 9,377 Thread 0x00007f04fc99c800 nmethod 3848 0x00007f04eda0cd90 code [0x00007f04eda0cee0, 0x00007f04eda0cff0]
Event: 9,377 Thread 0x00007f04fc99c800 3849       1       scala.collection.immutable.Range::terminalElement (5 bytes)
Event: 9,377 Thread 0x00007f04fc99c800 nmethod 3849 0x00007f04eda0cad0 code [0x00007f04eda0cc20, 0x00007f04eda0cd30]
Event: 9,391 Thread 0x00007f04fc99c800 3856       3       scala.reflect.internal.Mirrors$RootsBase::getModuleOrClass (10 bytes)
Event: 9,391 Thread 0x00007f04fc99c800 nmethod 3856 0x00007f04eda16790 code [0x00007f04eda16900, 0x00007f04eda16c08]

GC Heap History (10 events):
Event: 5,713 GC heap after
Heap after GC invocations=10 (full 1):
 PSYoungGen      total 66048K, used 5618K [0x00000000ed000000, 0x00000000f2680000, 0x0000000100000000)
  eden space 60416K, 0% used [0x00000000ed000000,0x00000000ed000000,0x00000000f0b00000)
  from space 5632K, 99% used [0x00000000f0b00000,0x00000000f107cac0,0x00000000f1080000)
  to   space 6656K, 0% used [0x00000000f2000000,0x00000000f2000000,0x00000000f2680000)
 ParOldGen       total 29184K, used 8021K [0x00000000c7000000, 0x00000000c8c80000, 0x00000000ed000000)
  object space 29184K, 27% used [0x00000000c7000000,0x00000000c77d5470,0x00000000c8c80000)
 Metaspace       used 28671K, capacity 28974K, committed 29184K, reserved 1075200K
  class space    used 3959K, capacity 4043K, committed 4096K, reserved 1048576K
}
Event: 6,686 GC heap before
{Heap before GC invocations=11 (full 1):
 PSYoungGen      total 66048K, used 66034K [0x00000000ed000000, 0x00000000f2680000, 0x0000000100000000)
  eden space 60416K, 100% used [0x00000000ed000000,0x00000000f0b00000,0x00000000f0b00000)
  from space 5632K, 99% used [0x00000000f0b00000,0x00000000f107cac0,0x00000000f1080000)
  to   space 6656K, 0% used [0x00000000f2000000,0x00000000f2000000,0x00000000f2680000)
 ParOldGen       total 29184K, used 8021K [0x00000000c7000000, 0x00000000c8c80000, 0x00000000ed000000)
  object space 29184K, 27% used [0x00000000c7000000,0x00000000c77d5470,0x00000000c8c80000)
 Metaspace       used 33719K, capacity 33934K, committed 34304K, reserved 1079296K
  class space    used 4743K, capacity 4818K, committed 4864K, reserved 1048576K
Event: 6,695 GC heap after
Heap after GC invocations=11 (full 1):
 PSYoungGen      total 81408K, used 6254K [0x00000000ed000000, 0x00000000f3100000, 0x0000000100000000)
  eden space 74752K, 0% used [0x00000000ed000000,0x00000000ed000000,0x00000000f1900000)
  from space 6656K, 93% used [0x00000000f2000000,0x00000000f261bb48,0x00000000f2680000)
  to   space 7168K, 0% used [0x00000000f1900000,0x00000000f1900000,0x00000000f2000000)
 ParOldGen       total 29184K, used 9405K [0x00000000c7000000, 0x00000000c8c80000, 0x00000000ed000000)
  object space 29184K, 32% used [0x00000000c7000000,0x00000000c792f5d0,0x00000000c8c80000)
 Metaspace       used 33719K, capacity 33934K, committed 34304K, reserved 1079296K
  class space    used 4743K, capacity 4818K, committed 4864K, reserved 1048576K
}
Event: 6,909 GC heap before
{Heap before GC invocations=12 (full 1):
 PSYoungGen      total 81408K, used 20234K [0x00000000ed000000, 0x00000000f3100000, 0x0000000100000000)
  eden space 74752K, 18% used [0x00000000ed000000,0x00000000edda6fd0,0x00000000f1900000)
  from space 6656K, 93% used [0x00000000f2000000,0x00000000f261bb48,0x00000000f2680000)
  to   space 7168K, 0% used [0x00000000f1900000,0x00000000f1900000,0x00000000f2000000)
 ParOldGen       total 29184K, used 9405K [0x00000000c7000000, 0x00000000c8c80000, 0x00000000ed000000)
  object space 29184K, 32% used [0x00000000c7000000,0x00000000c792f5d0,0x00000000c8c80000)
 Metaspace       used 34932K, capacity 35194K, committed 35416K, reserved 1079296K
  class space    used 4947K, capacity 5014K, committed 5120K, reserved 1048576K
Event: 6,914 GC heap after
Heap after GC invocations=12 (full 1):
 PSYoungGen      total 81920K, used 1580K [0x00000000ed000000, 0x00000000f4780000, 0x0000000100000000)
  eden space 74752K, 0% used [0x00000000ed000000,0x00000000ed000000,0x00000000f1900000)
  from space 7168K, 22% used [0x00000000f1900000,0x00000000f1a8b2b8,0x00000000f2000000)
  to   space 7680K, 0% used [0x00000000f4000000,0x00000000f4000000,0x00000000f4780000)
 ParOldGen       total 29184K, used 12097K [0x00000000c7000000, 0x00000000c8c80000, 0x00000000ed000000)
  object space 29184K, 41% used [0x00000000c7000000,0x00000000c7bd04d8,0x00000000c8c80000)
 Metaspace       used 34932K, capacity 35194K, committed 35416K, reserved 1079296K
  class space    used 4947K, capacity 5014K, committed 5120K, reserved 1048576K
}
Event: 6,914 GC heap before
{Heap before GC invocations=13 (full 2):
 PSYoungGen      total 81920K, used 1580K [0x00000000ed000000, 0x00000000f4780000, 0x0000000100000000)
  eden space 74752K, 0% used [0x00000000ed000000,0x00000000ed000000,0x00000000f1900000)
  from space 7168K, 22% used [0x00000000f1900000,0x00000000f1a8b2b8,0x00000000f2000000)
  to   space 7680K, 0% used [0x00000000f4000000,0x00000000f4000000,0x00000000f4780000)
 ParOldGen       total 29184K, used 12097K [0x00000000c7000000, 0x00000000c8c80000, 0x00000000ed000000)
  object space 29184K, 41% used [0x00000000c7000000,0x00000000c7bd04d8,0x00000000c8c80000)
 Metaspace       used 34932K, capacity 35194K, committed 35416K, reserved 1079296K
  class space    used 4947K, capacity 5014K, committed 5120K, reserved 1048576K
Event: 6,952 GC heap after
Heap after GC invocations=13 (full 2):
 PSYoungGen      total 81920K, used 0K [0x00000000ed000000, 0x00000000f4780000, 0x0000000100000000)
  eden space 74752K, 0% used [0x00000000ed000000,0x00000000ed000000,0x00000000f1900000)
  from space 7168K, 0% used [0x00000000f1900000,0x00000000f1900000,0x00000000f2000000)
  to   space 7680K, 0% used [0x00000000f4000000,0x00000000f4000000,0x00000000f4780000)
 ParOldGen       total 41472K, used 9735K [0x00000000c7000000, 0x00000000c9880000, 0x00000000ed000000)
  object space 41472K, 23% used [0x00000000c7000000,0x00000000c7981ed8,0x00000000c9880000)
 Metaspace       used 34924K, capacity 35182K, committed 35416K, reserved 1079296K
  class space    used 4946K, capacity 5012K, committed 5120K, reserved 1048576K
}
Event: 7,727 GC heap before
{Heap before GC invocations=14 (full 2):
 PSYoungGen      total 81920K, used 74752K [0x00000000ed000000, 0x00000000f4780000, 0x0000000100000000)
  eden space 74752K, 100% used [0x00000000ed000000,0x00000000f1900000,0x00000000f1900000)
  from space 7168K, 0% used [0x00000000f1900000,0x00000000f1900000,0x00000000f2000000)
  to   space 7680K, 0% used [0x00000000f4000000,0x00000000f4000000,0x00000000f4780000)
 ParOldGen       total 41472K, used 9735K [0x00000000c7000000, 0x00000000c9880000, 0x00000000ed000000)
  object space 41472K, 23% used [0x00000000c7000000,0x00000000c7981ed8,0x00000000c9880000)
 Metaspace       used 40057K, capacity 40428K, committed 40704K, reserved 1083392K
  class space    used 5748K, capacity 5849K, committed 5888K, reserved 1048576K
Event: 7,735 GC heap after
Heap after GC invocations=14 (full 2):
 PSYoungGen      total 107520K, used 6937K [0x00000000ed000000, 0x00000000f4700000, 0x0000000100000000)
  eden space 100352K, 0% used [0x00000000ed000000,0x00000000ed000000,0x00000000f3200000)
  from space 7168K, 96% used [0x00000000f4000000,0x00000000f46c6648,0x00000000f4700000)
  to   space 8192K, 0% used [0x00000000f3700000,0x00000000f3700000,0x00000000f3f00000)
 ParOldGen       total 41472K, used 9743K [0x00000000c7000000, 0x00000000c9880000, 0x00000000ed000000)
  object space 41472K, 23% used [0x00000000c7000000,0x00000000c7983ed8,0x00000000c9880000)
 Metaspace       used 40057K, capacity 40428K, committed 40704K, reserved 1083392K
  class space    used 5748K, capacity 5849K, committed 5888K, reserved 1048576K
}
Event: 9,427 GC heap before
{Heap before GC invocations=15 (full 2):
 PSYoungGen      total 107520K, used 107289K [0x00000000ed000000, 0x00000000f4700000, 0x0000000100000000)
  eden space 100352K, 100% used [0x00000000ed000000,0x00000000f3200000,0x00000000f3200000)
  from space 7168K, 96% used [0x00000000f4000000,0x00000000f46c6648,0x00000000f4700000)
  to   space 8192K, 0% used [0x00000000f3700000,0x00000000f3700000,0x00000000f3f00000)
 ParOldGen       total 41472K, used 9743K [0x00000000c7000000, 0x00000000c9880000, 0x00000000ed000000)
  object space 41472K, 23% used [0x00000000c7000000,0x00000000c7983ed8,0x00000000c9880000)
 Metaspace       used 51108K, capacity 51474K, committed 51712K, reserved 1093632K
  class space    used 7568K, capacity 7674K, committed 7680K, reserved 1048576K

Deoptimization events (10 events):
Event: 6,995 Thread 0x00007f04fd1a4800 Uncommon trap: reason=class_check action=maybe_recompile pc=0x00007f04ed4133d4 method=java.util.concurrent.ConcurrentHashMap.putVal(Ljava/lang/Object;Ljava/lang/Object;Z)Ljava/lang/Object; @ 192
Event: 7,045 Thread 0x00007f04fce6f800 Uncommon trap: reason=unstable_if action=reinterpret pc=0x00007f04ed52952c method=java.util.WeakHashMap.remove(Ljava/lang/Object;)Ljava/lang/Object; @ 94
Event: 7,128 Thread 0x00007f049801c800 Uncommon trap: reason=unstable_if action=reinterpret pc=0x00007f04ed5118d0 method=java.lang.ClassLoader.getClassLoadingLock(Ljava/lang/String;)Ljava/lang/Object; @ 6
Event: 7,273 Thread 0x00007f04fc013000 Uncommon trap: reason=class_check action=maybe_recompile pc=0x00007f04ed4133d4 method=java.util.concurrent.ConcurrentHashMap.putVal(Ljava/lang/Object;Ljava/lang/Object;Z)Ljava/lang/Object; @ 192
Event: 7,284 Thread 0x00007f04fc013000 Uncommon trap: reason=class_check action=maybe_recompile pc=0x00007f04ed4133d4 method=java.util.concurrent.ConcurrentHashMap.putVal(Ljava/lang/Object;Ljava/lang/Object;Z)Ljava/lang/Object; @ 192
Event: 8,328 Thread 0x00007f04fc013000 Uncommon trap: reason=unstable_if action=reinterpret pc=0x00007f04ed3e1798 method=java.util.BitSet.get(I)Z @ 60
Event: 8,912 Thread 0x00007f04fc013000 Uncommon trap: reason=bimorphic action=maybe_recompile pc=0x00007f04ed87c1a8 method=scala.reflect.runtime.SynchronizedSymbols$SynchronizedSymbol$$anon$8.scala$reflect$runtime$SynchronizedSymbols$SynchronizedSymbol$$$outer()Lscala/reflect/runtime/Synchroni
Event: 8,913 Thread 0x00007f04fc013000 Uncommon trap: reason=bimorphic action=maybe_recompile pc=0x00007f04ed87c1a8 method=scala.reflect.runtime.SynchronizedSymbols$SynchronizedSymbol$$anon$8.scala$reflect$runtime$SynchronizedSymbols$SynchronizedSymbol$$$outer()Lscala/reflect/runtime/Synchroni
Event: 8,913 Thread 0x00007f04fc013000 Uncommon trap: reason=bimorphic action=maybe_recompile pc=0x00007f04ed87c1a8 method=scala.reflect.runtime.SynchronizedSymbols$SynchronizedSymbol$$anon$8.scala$reflect$runtime$SynchronizedSymbols$SynchronizedSymbol$$$outer()Lscala/reflect/runtime/Synchroni
Event: 8,913 Thread 0x00007f04fc013000 Uncommon trap: reason=bimorphic action=maybe_recompile pc=0x00007f04ed87c1a8 method=scala.reflect.runtime.SynchronizedSymbols$SynchronizedSymbol$$anon$8.scala$reflect$runtime$SynchronizedSymbols$SynchronizedSymbol$$$outer()Lscala/reflect/runtime/Synchroni

Classes redefined (0 events):
No events

Internal exceptions (10 events):
Event: 8,797 Thread 0x00007f04fc013000 Exception <a 'java/lang/ClassNotFoundException': java/rmi> (0x00000000f21e0220) thrown at [/HUDSON/workspace/8-2-build-linux-amd64/jdk8u181/11358/hotspot/src/share/vm/classfile/systemDictionary.cpp, line 210]
Event: 8,797 Thread 0x00007f04fc013000 Exception <a 'java/lang/ClassNotFoundException': java/rmi/package> (0x00000000f21e12f8) thrown at [/HUDSON/workspace/8-2-build-linux-amd64/jdk8u181/11358/hotspot/src/share/vm/classfile/systemDictionary.cpp, line 210]
Event: 8,816 Thread 0x00007f04fc013000 Exception <a 'java/lang/ClassNotFoundException': scala/reflect/ScalaSignature> (0x00000000f22a4a38) thrown at [/HUDSON/workspace/8-2-build-linux-amd64/jdk8u181/11358/hotspot/src/share/vm/classfile/systemDictionary.cpp, line 210]
Event: 8,816 Thread 0x00007f04fc013000 Exception <a 'java/lang/ClassNotFoundException': scala/reflect/ScalaLongSignature> (0x00000000f22a50c8) thrown at [/HUDSON/workspace/8-2-build-linux-amd64/jdk8u181/11358/hotspot/src/share/vm/classfile/systemDictionary.cpp, line 210]
Event: 8,835 Thread 0x00007f04fc013000 Exception <a 'java/lang/ClassNotFoundException': java/lang/ref> (0x00000000f22f87c8) thrown at [/HUDSON/workspace/8-2-build-linux-amd64/jdk8u181/11358/hotspot/src/share/vm/classfile/systemDictionary.cpp, line 210]
Event: 8,836 Thread 0x00007f04fc013000 Exception <a 'java/lang/ClassNotFoundException': java/lang/ref/package> (0x00000000f22fa2b0) thrown at [/HUDSON/workspace/8-2-build-linux-amd64/jdk8u181/11358/hotspot/src/share/vm/classfile/systemDictionary.cpp, line 210]
Event: 9,100 Thread 0x00007f04fc013000 Exception <a 'java/lang/ClassNotFoundException': java/lang/invoke> (0x00000000f2bdaff0) thrown at [/HUDSON/workspace/8-2-build-linux-amd64/jdk8u181/11358/hotspot/src/share/vm/classfile/systemDictionary.cpp, line 210]
Event: 9,101 Thread 0x00007f04fc013000 Exception <a 'java/lang/ClassNotFoundException': java/lang/invoke/package> (0x00000000f2bdc220) thrown at [/HUDSON/workspace/8-2-build-linux-amd64/jdk8u181/11358/hotspot/src/share/vm/classfile/systemDictionary.cpp, line 210]
Event: 9,242 Thread 0x00007f04fc013000 Exception <a 'java/lang/ClassNotFoundException': java/lang/annotation> (0x00000000f3002188) thrown at [/HUDSON/workspace/8-2-build-linux-amd64/jdk8u181/11358/hotspot/src/share/vm/classfile/systemDictionary.cpp, line 210]
Event: 9,242 Thread 0x00007f04fc013000 Exception <a 'java/lang/ClassNotFoundException': java/lang/annotation/package> (0x00000000f3003510) thrown at [/HUDSON/workspace/8-2-build-linux-amd64/jdk8u181/11358/hotspot/src/share/vm/classfile/systemDictionary.cpp, line 210]

Events (10 events):
Event: 9,407 loading class scala/runtime/VolatileShortRef done
Event: 9,409 loading class scala/runtime/VolatileCharRef
Event: 9,409 loading class scala/runtime/VolatileCharRef done
Event: 9,409 loading class scala/runtime/VolatileIntRef
Event: 9,409 loading class scala/runtime/VolatileIntRef done
Event: 9,409 loading class scala/runtime/VolatileLongRef
Event: 9,409 loading class scala/runtime/VolatileLongRef done
Event: 9,409 loading class scala/runtime/VolatileFloatRef
Event: 9,409 loading class scala/runtime/VolatileFloatRef done
Event: 9,419 Executing VM operation: ParallelGCFailedAllocation


Dynamic libraries:
00400000-00401000 r-xp 00000000 08:01 5393833                            /usr/lib/jvm/java-8-oracle/bin/java
00600000-00601000 rw-p 00000000 08:01 5393833                            /usr/lib/jvm/java-8-oracle/bin/java
00f6e000-00f8f000 rw-p 00000000 00:00 0                                  [heap]
c7000000-c9880000 rw-p 00000000 00:00 0 
c9880000-ed000000 ---p 00000000 00:00 0 
ed000000-f4700000 rw-p 00000000 00:00 0 
f6c80000-100000000 ---p 00000000 00:00 0 
100000000-100780000 rw-p 00000000 00:00 0 
100780000-140000000 ---p 00000000 00:00 0 
7f0468000000-7f0468021000 rw-p 00000000 00:00 0 
7f0468021000-7f046c000000 ---p 00000000 00:00 0 
7f046cfdd000-7f046d0dd000 rw-p 00000000 00:00 0 
7f046d0dd000-7f046d1dd000 ---p 00000000 00:00 0 
7f046d1dd000-7f046d3dd000 rw-p 00000000 00:00 0 
7f046d3dd000-7f046d5dd000 rw-p 00000000 00:00 0 
7f046d5dd000-7f046d7dd000 rw-p 00000000 00:00 0 
7f046d7dd000-7f046d7e0000 ---p 00000000 00:00 0 
7f046d7e0000-7f046d8de000 rw-p 00000000 00:00 0 
7f046d8de000-7f046d8e1000 ---p 00000000 00:00 0 
7f046d8e1000-7f046d9df000 rw-p 00000000 00:00 0 
7f046d9df000-7f046d9e2000 ---p 00000000 00:00 0 
7f046d9e2000-7f046dae0000 rw-p 00000000 00:00 0 
7f046dae0000-7f046dae3000 ---p 00000000 00:00 0 
7f046dae3000-7f046dde1000 rw-p 00000000 00:00 0 
7f046dde1000-7f046dde4000 ---p 00000000 00:00 0 
7f046dde4000-7f046e0e2000 rw-p 00000000 00:00 0 
7f046e0e2000-7f046e0e5000 ---p 00000000 00:00 0 
7f046e0e5000-7f046e1e3000 rw-p 00000000 00:00 0 
7f046e1e3000-7f046e1e6000 ---p 00000000 00:00 0 
7f046e1e6000-7f046e2e4000 rw-p 00000000 00:00 0 
7f046e2e4000-7f046e2e7000 ---p 00000000 00:00 0 
7f046e2e7000-7f046e5e5000 rw-p 00000000 00:00 0 
7f046e5e5000-7f046e5f2000 r-xp 00000000 08:01 7340060                    /tmp/liblz4-java2111057174255291937.so
7f046e5f2000-7f046e7f1000 ---p 0000d000 08:01 7340060                    /tmp/liblz4-java2111057174255291937.so
7f046e7f1000-7f046e7f2000 rw-p 0000c000 08:01 7340060                    /tmp/liblz4-java2111057174255291937.so
7f046e7f2000-7f046e9f2000 rw-p 00000000 00:00 0 
7f046e9f2000-7f046ebf2000 rw-p 00000000 00:00 0 
7f046ebf2000-7f046ebf5000 ---p 00000000 00:00 0 
7f046ebf5000-7f046eef3000 rw-p 00000000 00:00 0 
7f046eef3000-7f046eef6000 ---p 00000000 00:00 0 
7f046eef6000-7f046eff4000 rw-p 00000000 00:00 0 
7f046eff4000-7f046eff7000 ---p 00000000 00:00 0 
7f046eff7000-7f046f0f5000 rw-p 00000000 00:00 0 
7f046f0f5000-7f046f0f8000 ---p 00000000 00:00 0 
7f046f0f8000-7f046f3f6000 rw-p 00000000 00:00 0 
7f046f3f6000-7f046f3f9000 ---p 00000000 00:00 0 
7f046f3f9000-7f046f4f7000 rw-p 00000000 00:00 0 
7f046f4f7000-7f046f4fa000 ---p 00000000 00:00 0 
7f046f4fa000-7f046f5f8000 rw-p 00000000 00:00 0 
7f046f5f8000-7f046f5fb000 ---p 00000000 00:00 0 
7f046f5fb000-7f046f8f9000 rw-p 00000000 00:00 0 
7f046f8f9000-7f046f8fc000 ---p 00000000 00:00 0 
7f046f8fc000-7f046f9fa000 rw-p 00000000 00:00 0 
7f046f9fa000-7f046f9fd000 ---p 00000000 00:00 0 
7f046f9fd000-7f046fafb000 rw-p 00000000 00:00 0 
7f046fafb000-7f046fafe000 ---p 00000000 00:00 0 
7f046fafe000-7f046fbfc000 rw-p 00000000 00:00 0 
7f046fbfc000-7f046fbff000 ---p 00000000 00:00 0 
7f046fbff000-7f046fcfd000 rw-p 00000000 00:00 0 
7f046fcfd000-7f046fd00000 ---p 00000000 00:00 0 
7f046fd00000-7f046fdfe000 rw-p 00000000 00:00 0 
7f046fdfe000-7f046fe01000 ---p 00000000 00:00 0 
7f046fe01000-7f046feff000 rw-p 00000000 00:00 0 
7f046feff000-7f046ff02000 ---p 00000000 00:00 0 
7f046ff02000-7f0470000000 rw-p 00000000 00:00 0 
7f0470000000-7f0470021000 rw-p 00000000 00:00 0 
7f0470021000-7f0474000000 ---p 00000000 00:00 0 
7f0474000000-7f0474021000 rw-p 00000000 00:00 0 
7f0474021000-7f0478000000 ---p 00000000 00:00 0 
7f0478000000-7f0478021000 rw-p 00000000 00:00 0 
7f0478021000-7f047c000000 ---p 00000000 00:00 0 
7f047c000000-7f047c021000 rw-p 00000000 00:00 0 
7f047c021000-7f0480000000 ---p 00000000 00:00 0 
7f0480000000-7f0480021000 rw-p 00000000 00:00 0 
7f0480021000-7f0484000000 ---p 00000000 00:00 0 
7f0484000000-7f0484021000 rw-p 00000000 00:00 0 
7f0484021000-7f0488000000 ---p 00000000 00:00 0 
7f0488000000-7f0488021000 rw-p 00000000 00:00 0 
7f0488021000-7f048c000000 ---p 00000000 00:00 0 
7f048c000000-7f048c021000 rw-p 00000000 00:00 0 
7f048c021000-7f0490000000 ---p 00000000 00:00 0 
7f0490000000-7f0490021000 rw-p 00000000 00:00 0 
7f0490021000-7f0494000000 ---p 00000000 00:00 0 
7f0494000000-7f0494021000 rw-p 00000000 00:00 0 
7f0494021000-7f0498000000 ---p 00000000 00:00 0 
7f0498000000-7f0498026000 rw-p 00000000 00:00 0 
7f0498026000-7f049c000000 ---p 00000000 00:00 0 
7f049c000000-7f049c024000 rw-p 00000000 00:00 0 
7f049c024000-7f04a0000000 ---p 00000000 00:00 0 
7f04a0000000-7f04a0041000 rw-p 00000000 00:00 0 
7f04a0041000-7f04a4000000 ---p 00000000 00:00 0 
7f04a4000000-7f04a4021000 rw-p 00000000 00:00 0 
7f04a4021000-7f04a8000000 ---p 00000000 00:00 0 
7f04a8000000-7f04a8021000 rw-p 00000000 00:00 0 
7f04a8021000-7f04ac000000 ---p 00000000 00:00 0 
7f04ac000000-7f04ac021000 rw-p 00000000 00:00 0 
7f04ac021000-7f04b0000000 ---p 00000000 00:00 0 
7f04b0000000-7f04b0ad8000 rw-p 00000000 00:00 0 
7f04b0ad8000-7f04b4000000 ---p 00000000 00:00 0 
7f04b4000000-7f04b4021000 rw-p 00000000 00:00 0 
7f04b4021000-7f04b8000000 ---p 00000000 00:00 0 
7f04b8000000-7f04b992b000 rw-p 00000000 00:00 0 
7f04b992b000-7f04bc000000 ---p 00000000 00:00 0 
7f04bc000000-7f04bd952000 rw-p 00000000 00:00 0 
7f04bd952000-7f04c0000000 ---p 00000000 00:00 0 
7f04c0000000-7f04c0021000 rw-p 00000000 00:00 0 
7f04c0021000-7f04c4000000 ---p 00000000 00:00 0 
7f04c4000000-7f04c4043000 rw-p 00000000 00:00 0 
7f04c4043000-7f04c8000000 ---p 00000000 00:00 0 
7f04c8000000-7f04c8021000 rw-p 00000000 00:00 0 
7f04c8021000-7f04cc000000 ---p 00000000 00:00 0 
7f04cc000000-7f04cc021000 rw-p 00000000 00:00 0 
7f04cc021000-7f04d0000000 ---p 00000000 00:00 0 
7f04d0000000-7f04d0021000 rw-p 00000000 00:00 0 
7f04d0021000-7f04d4000000 ---p 00000000 00:00 0 
7f04d4000000-7f04d42a0000 rw-p 00000000 00:00 0 
7f04d42a0000-7f04d8000000 ---p 00000000 00:00 0 
7f04d8000000-7f04d8021000 rw-p 00000000 00:00 0 
7f04d8021000-7f04dc000000 ---p 00000000 00:00 0 
7f04dc0f2000-7f04dc0f5000 ---p 00000000 00:00 0 
7f04dc0f5000-7f04dc1f3000 rw-p 00000000 00:00 0 
7f04dc1f3000-7f04dc1f6000 ---p 00000000 00:00 0 
7f04dc1f6000-7f04dc2f4000 rw-p 00000000 00:00 0 
7f04dc2f4000-7f04dc2f7000 ---p 00000000 00:00 0 
7f04dc2f7000-7f04dc3f5000 rw-p 00000000 00:00 0 
7f04dc3f5000-7f04dc3f8000 ---p 00000000 00:00 0 
7f04dc3f8000-7f04dc6f6000 rw-p 00000000 00:00 0 
7f04dc6f6000-7f04dc6f9000 ---p 00000000 00:00 0 
7f04dc6f9000-7f04dc7f7000 rw-p 00000000 00:00 0 
7f04dc7f7000-7f04dc7fa000 ---p 00000000 00:00 0 
7f04dc7fa000-7f04dc8f8000 rw-p 00000000 00:00 0 
7f04dc8f8000-7f04dc8fb000 ---p 00000000 00:00 0 
7f04dc8fb000-7f04dc9f9000 rw-p 00000000 00:00 0 
7f04dc9f9000-7f04dc9fc000 ---p 00000000 00:00 0 
7f04dc9fc000-7f04dcafa000 rw-p 00000000 00:00 0 
7f04dcafa000-7f04dcafd000 ---p 00000000 00:00 0 
7f04dcafd000-7f04dcbfb000 rw-p 00000000 00:00 0 
7f04dcbfb000-7f04dcbfe000 ---p 00000000 00:00 0 
7f04dcbfe000-7f04dccfc000 rw-p 00000000 00:00 0 
7f04dccfc000-7f04dccff000 ---p 00000000 00:00 0 
7f04dccff000-7f04dcdfd000 rw-p 00000000 00:00 0 
7f04dcdfd000-7f04dce00000 ---p 00000000 00:00 0 
7f04dce00000-7f04dcefe000 rw-p 00000000 00:00 0 
7f04dcefe000-7f04dcf01000 ---p 00000000 00:00 0 
7f04dcf01000-7f04e0000000 rw-p 00000000 00:00 0 
7f04e0000000-7f04e0023000 rw-p 00000000 00:00 0 
7f04e0023000-7f04e4000000 ---p 00000000 00:00 0 
7f04e4039000-7f04e4239000 rw-p 00000000 00:00 0 
7f04e4239000-7f04e424a000 r-xp 00000000 08:01 5395590                    /usr/lib/jvm/java-8-oracle/jre/lib/amd64/libnio.so
7f04e424a000-7f04e4449000 ---p 00011000 08:01 5395590                    /usr/lib/jvm/java-8-oracle/jre/lib/amd64/libnio.so
7f04e4449000-7f04e444a000 rw-p 00010000 08:01 5395590                    /usr/lib/jvm/java-8-oracle/jre/lib/amd64/libnio.so
7f04e444a000-7f04e444d000 ---p 00000000 00:00 0 
7f04e444d000-7f04e454b000 rw-p 00000000 00:00 0 
7f04e454b000-7f04e454e000 ---p 00000000 00:00 0 
7f04e454e000-7f04e464c000 rw-p 00000000 00:00 0 
7f04e464c000-7f04e464f000 ---p 00000000 00:00 0 
7f04e464f000-7f04e494d000 rw-p 00000000 00:00 0 
7f04e494d000-7f04e494e000 r-xp 00000000 08:01 5395571                    /usr/lib/jvm/java-8-oracle/jre/lib/amd64/libjaas_unix.so
7f04e494e000-7f04e4b4d000 ---p 00001000 08:01 5395571                    /usr/lib/jvm/java-8-oracle/jre/lib/amd64/libjaas_unix.so
7f04e4b4d000-7f04e4b4e000 rw-p 00000000 08:01 5395571                    /usr/lib/jvm/java-8-oracle/jre/lib/amd64/libjaas_unix.so
7f04e4b4e000-7f04e4b55000 r--s 00000000 08:01 5639224                    /usr/lib/x86_64-linux-gnu/gconv/gconv-modules.cache
7f04e4b55000-7f04e4b7b000 r--p 00000000 08:01 6577273                    /usr/share/locale-langpack/fr/LC_MESSAGES/libc.mo
7f04e4b7b000-7f04e4b7e000 ---p 00000000 00:00 0 
7f04e4b7e000-7f04e4c7c000 rw-p 00000000 00:00 0 
7f04e4c7c000-7f04e4c7f000 ---p 00000000 00:00 0 
7f04e4c7f000-7f04e4eb5000 rw-p 00000000 00:00 0 
7f04e4eb5000-7f04e50b5000 rw-p 00000000 00:00 0 
7f04e50b5000-7f04e50be000 r-xp 00000000 08:01 5395598                    /usr/lib/jvm/java-8-oracle/jre/lib/amd64/libmanagement.so
7f04e50be000-7f04e52bd000 ---p 00009000 08:01 5395598                    /usr/lib/jvm/java-8-oracle/jre/lib/amd64/libmanagement.so
7f04e52bd000-7f04e52be000 rw-p 00008000 08:01 5395598                    /usr/lib/jvm/java-8-oracle/jre/lib/amd64/libmanagement.so
7f04e52be000-7f04e52c8000 r--s 00116000 08:01 5395412                    /usr/lib/jvm/java-8-oracle/jre/lib/ext/localedata.jar
7f04e52c8000-7f04e54c8000 rw-p 00000000 00:00 0 
7f04e54c8000-7f04e54cd000 r--s 0009d000 08:01 5395400                    /usr/lib/jvm/java-8-oracle/jre/lib/jsse.jar
7f04e54cd000-7f04e54ce000 ---p 00000000 00:00 0 
7f04e54ce000-7f04e55ce000 rw-p 00000000 00:00 0 
7f04e55ce000-7f04e55d1000 ---p 00000000 00:00 0 
7f04e55d1000-7f04e56cf000 rw-p 00000000 00:00 0 
7f04e56cf000-7f04e56d2000 ---p 00000000 00:00 0 
7f04e56d2000-7f04e57d0000 rw-p 00000000 00:00 0 
7f04e57d0000-7f04e57e6000 r-xp 00000000 08:01 5395587                    /usr/lib/jvm/java-8-oracle/jre/lib/amd64/libnet.so
7f04e57e6000-7f04e59e6000 ---p 00016000 08:01 5395587                    /usr/lib/jvm/java-8-oracle/jre/lib/amd64/libnet.so
7f04e59e6000-7f04e59e7000 rw-p 00016000 08:01 5395587                    /usr/lib/jvm/java-8-oracle/jre/lib/amd64/libnet.so
7f04e59e7000-7f04e59ea000 ---p 00000000 00:00 0 
7f04e59ea000-7f04e5ae8000 rw-p 00000000 00:00 0 
7f04e5ae8000-7f04e5aeb000 ---p 00000000 00:00 0 
7f04e5aeb000-7f04e5be9000 rw-p 00000000 00:00 0 
7f04e5be9000-7f04e5bec000 ---p 00000000 00:00 0 
7f04e5bec000-7f04e5cea000 rw-p 00000000 00:00 0 
7f04e5cea000-7f04e5cec000 r--s 0001a000 08:01 4456711                    /home/raphael/Téléchargements/intellij/idea-IC-181.5281.24/lib/idea_rt.jar
7f04e5cec000-7f04e5cf6000 r--s 00095000 08:01 2755421                    /home/raphael/.m2/repository/org/scala-lang/modules/scala-xml_2.11/1.0.2/scala-xml_2.11-1.0.2.jar
7f04e5cf6000-7f04e5d42000 r--s 00412000 08:01 1315892                    /home/raphael/.m2/repository/org/scala-lang/scala-reflect/2.11.7/scala-reflect-2.11.7.jar
7f04e5d42000-7f04e5d46000 r--s 00014000 08:01 9576124                    /home/raphael/.m2/repository/org/tukaani/xz/1.0/xz-1.0.jar
7f04e5d46000-7f04e5d4b000 r--s 00036000 08:01 9459297                    /home/raphael/.m2/repository/org/apache/commons/commons-compress/1.4.1/commons-compress-1.4.1.jar
7f04e5d4b000-7f04e5d57000 r--s 000b6000 08:01 2100030                    /home/raphael/.m2/repository/org/apache/zookeeper/zookeeper/3.4.6/zookeeper-3.4.6.jar
7f04e5d57000-7f04e5d70000 r--s 00150000 08:01 3415790                    /home/raphael/.m2/repository/org/apache/htrace/htrace-core/3.1.0-incubating/htrace-core-3.1.0-incubating.jar
7f04e5d70000-7f04e5d72000 r--s 0000f000 08:01 3415785                    /home/raphael/.m2/repository/org/apache/curator/curator-client/2.7.1/curator-client-2.7.1.jar
7f04e5d72000-7f04e5d77000 r--s 00040000 08:01 3415783                    /home/raphael/.m2/repository/com/jcraft/jsch/0.1.54/jsch-0.1.54.jar
7f04e5d77000-7f04e5d79000 r--s 00012000 08:01 2100026                    /home/raphael/.m2/repository/org/apache/directory/api/api-util/1.0.0-M20/api-util-1.0.0-M20.jar
7f04e5d79000-7f04e5d7b000 r--s 00003000 08:01 1969353                    /home/raphael/.m2/repository/org/apache/directory/api/api-asn1-api/1.0.0-M20/api-asn1-api-1.0.0-M20.jar
7f04e5d7b000-7f04e5d7c000 r--s 0000a000 08:01 1969351                    /home/raphael/.m2/repository/org/apache/directory/server/apacheds-i18n/2.0.0-M15/apacheds-i18n-2.0.0-M15.jar
7f04e5d7c000-7f04e5d8e000 r--s 00097000 08:01 1315890                    /home/raphael/.m2/repository/org/apache/directory/server/apacheds-kerberos-codec/2.0.0-M15/apacheds-kerberos-codec-2.0.0-M15.jar
7f04e5d8e000-7f04e5d94000 r--s 00032000 08:01 1315219                    /home/raphael/.m2/repository/org/apache/httpcomponents/httpcore/4.2.4/httpcore-4.2.4.jar
7f04e5d94000-7f04e5d9d000 r--s 00061000 08:01 10625648                   /home/raphael/.m2/repository/org/apache/httpcomponents/httpclient/4.2.5/httpclient-4.2.5.jar
7f04e5d9d000-7f04e5da0000 r--s 00015000 08:01 1968716                    /home/raphael/.m2/repository/org/apache/hadoop/hadoop-auth/2.7.4/hadoop-auth-2.7.4.jar
7f04e5da0000-7f04e5da5000 r--s 0002a000 08:01 10625643                   /home/raphael/.m2/repository/com/google/code/gson/gson/2.2.4/gson-2.2.4.jar
7f04e5da5000-7f04e5dad000 r--s 0007b000 08:01 10625641                   /home/raphael/.m2/repository/com/google/protobuf/protobuf-java/2.5.0/protobuf-java-2.5.0.jar
7f04e5dad000-7f04e5daf000 r--s 00006000 08:01 9459301                    /home/raphael/.m2/repository/com/thoughtworks/paranamer/paranamer/2.3/paranamer-2.3.jar
7f04e5daf000-7f04e5db6000 r--s 00044000 08:01 10505739                   /home/raphael/.m2/repository/org/apache/avro/avro/1.7.4/avro-1.7.4.jar
7f04e5db6000-7f04e5dc4000 r--s 000b1000 08:01 8925018                    /home/raphael/.m2/repository/org/codehaus/jackson/jackson-mapper-asl/1.9.13/jackson-mapper-asl-1.9.13.jar
7f04e5dc4000-7f04e5dc8000 r--s 00035000 08:01 8657082                    /home/raphael/.m2/repository/org/codehaus/jackson/jackson-core-asl/1.9.13/jackson-core-asl-1.9.13.jar
7f04e5dc8000-7f04e5dcc000 r--s 0002f000 08:01 10505734                   /home/raphael/.m2/repository/commons-beanutils/commons-beanutils-core/1.8.0/commons-beanutils-core-1.8.0.jar
7f04e5dcc000-7f04e5dd1000 r--s 0002a000 08:01 10505726                   /home/raphael/.m2/repository/commons-beanutils/commons-beanutils/1.7.0/commons-beanutils-1.7.0.jar
7f04e5dd1000-7f04e5dd5000 r--s 00020000 08:01 10366408                   /home/raphael/.m2/repository/commons-digester/commons-digester/1.8/commons-digester-1.8.jar
7f04e5dd5000-7f04e5ddb000 r--s 00043000 08:01 10366421                   /home/raphael/.m2/repository/commons-configuration/commons-configuration/1.6/commons-configuration-1.6.jar
7f04e5ddb000-7f04e5de0000 r--s 00041000 08:01 9054290                    /home/raphael/.m2/repository/commons-lang/commons-lang/2.6/commons-lang-2.6.jar
7f04e5de0000-7f04e5de2000 r--s 0000e000 08:01 9840952                    /home/raphael/.m2/repository/commons-logging/commons-logging/1.1.3/commons-logging-1.1.3.jar
7f04e5de2000-7f04e5de3000 r--s 0000a000 08:01 8393574                    /home/raphael/.m2/repository/asm/asm/3.1/asm-3.1.jar
7f04e5de3000-7f04e5df5000 r--s 0009d000 08:01 3415781                    /home/raphael/.m2/repository/com/sun/jersey/jersey-server/1.9/jersey-server-1.9.jar
7f04e5df5000-7f04e5df6000 r--s 00007000 08:01 2629799                    /home/raphael/.m2/repository/org/codehaus/jackson/jackson-xc/1.8.3/jackson-xc-1.8.3.jar
7f04e5df6000-7f04e5df7000 r--s 00004000 08:01 8532177                    /home/raphael/.m2/repository/org/codehaus/jackson/jackson-jaxrs/1.8.3/jackson-jaxrs-1.8.3.jar
7f04e5df7000-7f04e5df9000 r--s 0000e000 08:01 2500995                    /home/raphael/.m2/repository/javax/activation/activation/1.1/activation-1.1.jar
7f04e5df9000-7f04e5dfb000 r--s 00004000 08:01 2500994                    /home/raphael/.m2/repository/javax/xml/stream/stax-api/1.0-2/stax-api-1.0-2.jar
7f04e5dfb000-7f04e5dfe000 r--s 00017000 08:01 2500992                    /home/raphael/.m2/repository/javax/xml/bind/jaxb-api/2.2.2/jaxb-api-2.2.2.jar
7f04e5dfe000-7f04e5e11000 r--s 000c7000 08:01 3415779                    /home/raphael/.m2/repository/com/sun/xml/bind/jaxb-impl/2.2.3-1/jaxb-impl-2.2.3-1.jar
7f04e5e11000-7f04e5e13000 r--s 0000f000 08:01 2629797                    /home/raphael/.m2/repository/org/codehaus/jettison/jettison/1.1/jettison-1.1.jar
7f04e5e13000-7f04e5e17000 r--s 00021000 08:01 3415777                    /home/raphael/.m2/repository/com/sun/jersey/jersey-json/1.9/jersey-json-1.9.jar
7f04e5e17000-7f04e5e21000 r--s 00066000 08:01 3287521                    /home/raphael/.m2/repository/com/sun/jersey/jersey-core/1.9/jersey-core-1.9.jar
7f04e5e21000-7f04e5e24000 r--s 00016000 08:01 3024017                    /home/raphael/.m2/repository/javax/servlet/jsp/jsp-api/2.1/jsp-api-2.1.jar
7f04e5e24000-7f04e5e25000 r--s 00004000 08:01 2363774                    /home/raphael/.m2/repository/org/mortbay/jetty/jetty-sslengine/6.1.26/jetty-sslengine-6.1.26.jar
7f04e5e25000-7f04e5e29000 r--s 00028000 08:01 2232097                    /home/raphael/.m2/repository/org/mortbay/jetty/jetty-util/6.1.26/jetty-util-6.1.26.jar
7f04e5e29000-7f04e5e30000 r--s 0007d000 08:01 2756139                    /home/raphael/.m2/repository/org/mortbay/jetty/jetty/6.1.26/jetty-6.1.26.jar
7f04e5e30000-7f04e5e32000 r--s 00018000 08:01 2628381                    /home/raphael/.m2/repository/javax/servlet/servlet-api/2.5/servlet-api-2.5.jar
7f04e5e32000-7f04e5e3f000 r--s 00083000 08:01 8531988                    /home/raphael/.m2/repository/commons-collections/commons-collections/3.2.2/commons-collections-3.2.2.jar
7f04e5e3f000-7f04e5e43000 r--s 0002a000 08:01 8268877                    /home/raphael/.m2/repository/commons-io/commons-io/2.4/commons-io-2.4.jar
7f04e5e43000-7f04e5e45000 r--s 0000d000 08:01 10229399                   /home/raphael/.m2/repository/commons-codec/commons-codec/1.4/commons-codec-1.4.jar
7f04e5e45000-7f04e5e4b000 r--s 00045000 08:01 10229402                   /home/raphael/.m2/repository/commons-httpclient/commons-httpclient/3.1/commons-httpclient-3.1.jar
7f04e5e4b000-7f04e5e4c000 r--s 00003000 08:01 10229401                   /home/raphael/.m2/repository/xmlenc/xmlenc/0.52/xmlenc-0.52.jar
7f04e5e4c000-7f04e5e4e000 r--s 00009000 08:01 10107194                   /home/raphael/.m2/repository/commons-cli/commons-cli/1.2/commons-cli-1.2.jar
7f04e5e4e000-7f04e5e6f000 r--s 00172000 08:01 10107188                   /home/raphael/.m2/repository/com/google/guava/guava/11.0.2/guava-11.0.2.jar
7f04e5e6f000-7f04e5ee8000 r--s 010f9000 08:01 5393943                    /usr/lib/jvm/java-8-oracle/lib/tools.jar
7f04e5ee8000-7f04e5eea000 r--s 00009000 08:01 2756137                    /home/raphael/.m2/repository/org/apache/hadoop/hadoop-annotations/2.7.4/hadoop-annotations-2.7.4.jar
7f04e5eea000-7f04e5f21000 r--s 00320000 08:01 10106244                   /home/raphael/.m2/repository/org/apache/hadoop/hadoop-common/2.7.4/hadoop-common-2.7.4.jar
7f04e5f21000-7f04e5f35000 r--s 000ec000 08:01 2885523                    /home/raphael/.m2/repository/org/apache/parquet/parquet-jackson/1.7.0/parquet-jackson-1.7.0.jar
7f04e5f35000-7f04e5f3c000 r--s 00058000 08:01 2885519                    /home/raphael/.m2/repository/org/apache/parquet/parquet-format/2.3.0-incubating/parquet-format-2.3.0-incubating.jar
7f04e5f3c000-7f04e5f41000 r--s 0002f000 08:01 2885510                    /home/raphael/.m2/repository/org/apache/parquet/parquet-hadoop/1.7.0/parquet-hadoop-1.7.0.jar
7f04e5f41000-7f04e5f43000 r--s 00004000 08:01 2885515                    /home/raphael/.m2/repository/org/apache/parquet/parquet-generator/1.7.0/parquet-generator-1.7.0.jar
7f04e5f43000-7f04e5f49000 r--s 00040000 08:01 2885511                    /home/raphael/.m2/repository/org/apache/parquet/parquet-encoding/1.7.0/parquet-encoding-1.7.0.jar
7f04e5f49000-7f04e5f4b000 r--s 00004000 08:01 2885521                    /home/raphael/.m2/repository/org/apache/parquet/parquet-common/1.7.0/parquet-common-1.7.0.jar
7f04e5f4b000-7f04e5f61000 r--s 000ca000 08:01 2885513                    /home/raphael/.m2/repository/org/apache/parquet/parquet-column/1.7.0/parquet-column-1.7.0.jar
7f04e5f61000-7f04e5f67000 r--s 00044000 08:01 2755022                    /home/raphael/.m2/repository/org/antlr/antlr4-runtime/4.5.3/antlr4-runtime-4.5.3.jar
7f04e5f67000-7f04e5f69000 r--s 00006000 08:01 2885505                    /home/raphael/.m2/repository/org/codehaus/janino/commons-compiler/2.7.8/commons-compiler-2.7.8.jar
7f04e5f69000-7f04e5f72000 r--s 0008d000 08:01 2885503                    /home/raphael/.m2/repository/org/codehaus/janino/janino/2.7.8/janino-2.7.8.jar
7f04e5f72000-7f04e5ff0000 r--s 00610000 08:01 2885501                    /home/raphael/.m2/repository/org/apache/spark/spark-catalyst_2.11/2.0.1/spark-catalyst_2.11-2.0.1.jar
7f04e5ff0000-7f04e5ff2000 r--s 00006000 08:01 2755321                    /home/raphael/.m2/repository/org/apache/spark/spark-sketch_2.11/2.0.1/spark-sketch_2.11-2.0.1.jar
7f04e5ff2000-7f04e5ff8000 r--s 00041000 08:01 2755327                    /home/raphael/.m2/repository/com/univocity/univocity-parsers/2.1.1/univocity-parsers-2.1.1.jar
7f04e5ff8000-7f04e6070000 r--s 00588000 08:01 2755323                    /home/raphael/.m2/repository/org/apache/spark/spark-sql_2.11/2.0.1/spark-sql_2.11-2.0.1.jar
7f04e6070000-7f04e6071000 r--s 00000000 08:01 2628459                    /home/raphael/.m2/repository/org/spark-project/spark/unused/1.0.0/unused-1.0.0.jar
7f04e6071000-7f04e6072000 r--s 00003000 08:01 2755333                    /home/raphael/.m2/repository/org/apache/spark/spark-tags_2.11/2.0.1/spark-tags_2.11-2.0.1.jar
7f04e6072000-7f04e6075000 r--s 0001a000 08:01 2885532                    /home/raphael/.m2/repository/net/sf/py4j/py4j/0.10.3/py4j-0.10.3.jar
7f04e6075000-7f04e6077000 r--s 00015000 08:01 2885529                    /home/raphael/.m2/repository/net/razorvine/pyrolite/4.9/pyrolite-4.9.jar
7f04e6077000-7f04e6079000 r--s 0000e000 08:01 2628406                    /home/raphael/.m2/repository/oro/oro/2.0.8/oro-2.0.8.jar
7f04e6079000-7f04e608f000 r--s 00124000 08:01 2100029                    /home/raphael/.m2/repository/org/apache/ivy/ivy/2.4.0/ivy-2.4.0.jar
7f04e608f000-7f04e6091000 r--s 00009000 08:01 1969352                    /home/raphael/.m2/repository/com/fasterxml/jackson/module/jackson-module-paranamer/2.6.5/jackson-module-paranamer-2.6.5.jar
7f04e6091000-7f04e609e000 r--s 00071000 08:01 10625649                   /home/raphael/.m2/repository/com/fasterxml/jackson/module/jackson-module-scala_2.11/2.6.5/jackson-module-scala_2.11-2.6.5.jar
7f04e609e000-7f04e60a2000 r--s 0003c000 08:01 9841163                    /home/raphael/.m2/repository/com/fasterxml/jackson/core/jackson-core/2.6.5/jackson-core-2.6.5.jar
7f04e60a2000-7f04e60b3000 r--s 0010d000 08:01 9317932                    /home/raphael/.m2/repository/com/fasterxml/jackson/core/jackson-databind/2.6.5/jackson-databind-2.6.5.jar
7f04e60b3000-7f04e60b5000 r--s 00004000 08:01 2754808                    /home/raphael/.m2/repository/io/dropwizard/metrics/metrics-graphite/3.1.2/metrics-graphite-3.1.2.jar
7f04e60b5000-7f04e60b6000 r--s 00003000 08:01 2754825                    /home/raphael/.m2/repository/io/dropwizard/metrics/metrics-json/3.1.2/metrics-json-3.1.2.jar
7f04e60b6000-7f04e60b8000 r--s 00008000 08:01 2500996                    /home/raphael/.m2/repository/io/dropwizard/metrics/metrics-jvm/3.1.2/metrics-jvm-3.1.2.jar
7f04e60b8000-7f04e60bc000 r--s 00018000 08:01 2363310                    /home/raphael/.m2/repository/io/dropwizard/metrics/metrics-core/3.1.2/metrics-core-3.1.2.jar
7f04e60bc000-7f04e60bf000 r--s 00028000 08:01 2754806                    /home/raphael/.m2/repository/com/clearspring/analytics/stream/2.7.0/stream-2.7.0.jar
7f04e60bf000-7f04e60d7000 r--s 00115000 08:01 2885527                    /home/raphael/.m2/repository/io/netty/netty/3.8.0.Final/netty-3.8.0.Final.jar
7f04e60d7000-7f04e60f9000 r--s 001d4000 08:01 2755402                    /home/raphael/.m2/repository/io/netty/netty-all/4.0.29.Final/netty-all-4.0.29.Final.jar
7f04e60f9000-7f04e6107000 r--s 0012a000 08:01 2885525                    /home/raphael/.m2/repository/org/apache/mesos/mesos/0.21.1/mesos-0.21.1-shaded-protobuf.jar
7f04e6107000-7f04e610a000 r--s 0000e000 08:01 2754795                    /home/raphael/.m2/repository/org/glassfish/jersey/containers/jersey-container-servlet-core/2.22.2/jersey-container-servlet-core-2.22.2.jar
7f04e610a000-7f04e610c000 r--s 00003000 08:01 2754796                    /home/raphael/.m2/repository/org/glassfish/jersey/containers/jersey-container-servlet/2.22.2/jersey-container-servlet-2.22.2.jar
7f04e610c000-7f04e6110000 r--s 0000c000 08:01 2754800                    /home/raphael/.m2/repository/javax/validation/validation-api/1.1.0.Final/validation-api-1.1.0.Final.jar
7f04e6110000-7f04e6112000 r--s 00010000 08:01 2754790                    /home/raphael/.m2/repository/org/glassfish/jersey/media/jersey-media-jaxb/2.22.2/jersey-media-jaxb-2.22.2.jar
7f04e6112000-7f04e6128000 r--s 000d3000 08:01 2754821                    /home/raphael/.m2/repository/org/glassfish/jersey/core/jersey-server/2.22.2/jersey-server-2.22.2.jar
7f04e6128000-7f04e6129000 r--s 00004000 08:01 2754824                    /home/raphael/.m2/repository/org/glassfish/hk2/osgi-resource-locator/1.0.1/osgi-resource-locator-1.0.1.jar
7f04e6129000-7f04e6141000 r--s 000d6000 08:01 2754792                    /home/raphael/.m2/repository/org/glassfish/jersey/bundles/repackaged/jersey-guava/2.22.2/jersey-guava-2.22.2.jar
7f04e6141000-7f04e6143000 r--s 00005000 08:01 2754801                    /home/raphael/.m2/repository/javax/annotation/javax.annotation-api/1.2/javax.annotation-api-1.2.jar
7f04e6143000-7f04e6151000 r--s 0009d000 08:01 2754820                    /home/raphael/.m2/repository/org/glassfish/jersey/core/jersey-common/2.22.2/jersey-common-2.22.2.jar
7f04e6151000-7f04e615b000 r--s 000a5000 08:01 2754812                    /home/raphael/.m2/repository/org/javassist/javassist/3.18.1-GA/javassist-3.18.1-GA.jar
7f04e615b000-7f04e615f000 r--s 00029000 08:01 2754793                    /home/raphael/.m2/repository/org/glassfish/hk2/hk2-locator/2.4.0-b34/hk2-locator-2.4.0-b34.jar
7f04e615f000-7f04e6160000 r--s 00001000 08:01 2754794                    /home/raphael/.m2/repository/org/glassfish/hk2/external/javax.inject/2.4.0-b34/javax.inject-2.4.0-b34.jar
7f04e6160000-7f04e6162000 r--s 00002000 08:01 2754797                    /home/raphael/.m2/repository/org/glassfish/hk2/external/aopalliance-repackaged/2.4.0-b34/aopalliance-repackaged-2.4.0-b34.jar
7f04e6162000-7f04e6166000 r--s 0001a000 08:01 2754809                    /home/raphael/.m2/repository/org/glassfish/hk2/hk2-utils/2.4.0-b34/hk2-utils-2.4.0-b34.jar
7f04e6166000-7f04e616b000 r--s 00027000 08:01 2754802                    /home/raphael/.m2/repository/org/glassfish/hk2/hk2-api/2.4.0-b34/hk2-api-2.4.0-b34.jar
7f04e616b000-7f04e616f000 r--s 00019000 08:01 2754804                    /home/raphael/.m2/repository/javax/ws/rs/javax.ws.rs-api/2.0.1/javax.ws.rs-api-2.0.1.jar
7f04e616f000-7f04e6173000 r--s 00025000 08:01 2754807                    /home/raphael/.m2/repository/org/glassfish/jersey/core/jersey-client/2.22.2/jersey-client-2.22.2.jar
7f04e6173000-7f04e617e000 r--s 0005c000 08:01 9187095                    /home/raphael/.m2/repository/org/scala-lang/modules/scala-parser-combinators_2.11/1.0.1/scala-parser-combinators_2.11-1.0.1.jar
7f04e617e000-7f04e626e000 r--s 00c16000 08:01 8798760                    /home/raphael/.m2/repository/org/scala-lang/scala-compiler/2.11.0/scala-compiler-2.11.0.jar
7f04e626e000-7f04e6280000 r--s 000ab000 08:01 8657080                    /home/raphael/.m2/repository/org/scala-lang/scalap/2.11.0/scalap-2.11.0.jar
7f04e6280000-7f04e6283000 r--s 00012000 08:01 2754785                    /home/raphael/.m2/repository/org/json4s/json4s-ast_2.11/3.2.11/json4s-ast_2.11-3.2.11.jar
7f04e6283000-7f04e628d000 r--s 00086000 08:01 2754783                    /home/raphael/.m2/repository/org/json4s/json4s-core_2.11/3.2.11/json4s-core_2.11-3.2.11.jar
7f04e628d000-7f04e628e000 r--s 00009000 08:01 2754782                    /home/raphael/.m2/repository/org/json4s/json4s-jackson_2.11/3.2.11/json4s-jackson_2.11-3.2.11.jar
7f04e628e000-7f04e6292000 r--s 00030000 08:01 10366423                   /home/raphael/.m2/repository/commons-net/commons-net/2.2/commons-net-2.2.jar
7f04e6292000-7f04e6295000 r--s 0002f000 08:01 2754779                    /home/raphael/.m2/repository/org/roaringbitmap/RoaringBitmap/0.5.11/RoaringBitmap-0.5.11.jar
7f04e6295000-7f04e6297000 r--s 00038000 08:01 2754778                    /home/raphael/.m2/repository/net/jpountz/lz4/lz4/1.3.0/lz4-1.3.0.jar
7f04e6297000-7f04e6299000 r--s 00100000 08:01 9459299                    /home/raphael/.m2/repository/org/xerial/snappy/snappy-java/1.1.2.6/snappy-java-1.1.2.6.jar
7f04e6299000-7f04e629b000 r--s 00012000 08:01 2754775                    /home/raphael/.m2/repository/com/ning/compress-lzf/1.0.3/compress-lzf-1.0.3.jar
7f04e629b000-7f04e629c000 r--s 00002000 08:01 10505742                   /home/raphael/.m2/repository/org/slf4j/slf4j-log4j12/1.7.16/slf4j-log4j12-1.7.16.jar
7f04e629c000-7f04e62a5000 r--s 0006f000 08:01 9841155                    /home/raphael/.m2/repository/log4j/log4j/1.2.17/log4j-1.2.17.jar
7f04e62a5000-7f04e62a7000 r--s 00003000 08:01 9317928                    /home/raphael/.m2/repository/org/slf4j/jcl-over-slf4j/1.7.16/jcl-over-slf4j-1.7.16.jar
7f04e62a7000-7f04e62a9000 r--s 00000000 08:01 8531994                    /home/raphael/.m2/repository/org/slf4j/jul-to-slf4j/1.7.16/jul-to-slf4j-1.7.16.jar
7f04e62a9000-7f04e62aa000 r--s 00009000 08:01 2754773                    /home/raphael/.m2/repository/org/slf4j/slf4j-api/1.7.16/slf4j-api-1.7.16.jar
7f04e62aa000-7f04e62ad000 r--s 00006000 08:01 10107196                   /home/raphael/.m2/repository/com/google/code/findbugs/jsr305/1.3.9/jsr305-1.3.9.jar
7f04e62ad000-7f04e62d1000 r--s 001cd000 08:01 10107192                   /home/raphael/.m2/repository/org/apache/commons/commons-math3/3.4.1/commons-math3-3.4.1.jar
7f04e62d1000-7f04e62d8000 r--s 0005e000 08:01 2755422                    /home/raphael/.m2/repository/org/apache/commons/commons-lang3/3.3.2/commons-lang3-3.3.2.jar
7f04e62d8000-7f04e62db000 r--s 00015000 08:01 2754767                    /home/raphael/.m2/repository/javax/servlet/javax.servlet-api/3.1.0/javax.servlet-api-3.1.0.jar
7f04e62db000-7f04e62e0000 r--s 00027000 08:01 2755404                    /home/raphael/.m2/repository/org/apache/curator/curator-framework/2.4.0/curator-framework-2.4.0.jar
7f04e62e0000-7f04e62e6000 r--s 00035000 08:01 2755384                    /home/raphael/.m2/repository/org/apache/curator/curator-recipes/2.4.0/curator-recipes-2.4.0.jar
7f04e62e6000-7f04e62ec000 r--s 00057000 08:01 2755388                    /home/raphael/.m2/repository/net/java/dev/jets3t/jets3t/0.7.1/jets3t-0.7.1.jar
7f04e62ec000-7f04e62ee000 r--s 00009000 08:01 2755325                    /home/raphael/.m2/repository/org/apache/spark/spark-unsafe_2.11/2.0.1/spark-unsafe_2.11-2.0.1.jar
7f04e62ee000-7f04e62f0000 r--s 0000c000 08:01 2755383                    /home/raphael/.m2/repository/org/apache/spark/spark-network-shuffle_2.11/2.0.1/spark-network-shuffle_2.11-2.0.1.jar
7f04e62f0000-7f04e62f3000 r--s 00009000 08:01 9841165                    /home/raphael/.m2/repository/com/fasterxml/jackson/core/jackson-annotations/2.6.5/jackson-annotations-2.6.5.jar
7f04e62f3000-7f04e62f6000 r--s 000fd000 08:01 2628450                    /home/raphael/.m2/repository/org/fusesource/leveldbjni/leveldbjni-all/1.8/leveldbjni-all-1.8.jar
7f04e62f6000-7f04e6324000 r--s 00212000 08:01 2755371                    /home/raphael/.m2/repository/org/apache/spark/spark-network-common_2.11/2.0.1/spark-network-common_2.11-2.0.1.jar
7f04e6324000-7f04e6327000 r--s 0000e000 08:01 2755400                    /home/raphael/.m2/repository/org/apache/spark/spark-launcher_2.11/2.0.1/spark-launcher_2.11-2.0.1.jar
7f04e6327000-7f04e6328000 r--s 00008000 08:01 2755366                    /home/raphael/.m2/repository/org/apache/hadoop/hadoop-mapreduce-client-jobclient/2.2.0/hadoop-mapreduce-client-jobclient-2.2.0.jar
7f04e6328000-7f04e633a000 r--s 0012c000 08:01 2755385                    /home/raphael/.m2/repository/org/apache/hadoop/hadoop-yarn-common/2.2.0/hadoop-yarn-common-2.2.0.jar
7f04e633a000-7f04e6352000 r--s 0014c000 08:01 2755405                    /home/raphael/.m2/repository/org/apache/hadoop/hadoop-mapreduce-client-core/2.2.0/hadoop-mapreduce-client-core-2.2.0.jar
7f04e6352000-7f04e6363000 r--s 0010a000 08:01 2755392                    /home/raphael/.m2/repository/org/apache/hadoop/hadoop-yarn-api/2.2.0/hadoop-yarn-api-2.2.0.jar
7f04e6363000-7f04e6365000 r--s 00004000 08:01 2755406                    /home/raphael/.m2/repository/org/apache/hadoop/hadoop-mapreduce-client-shuffle/2.2.0/hadoop-mapreduce-client-shuffle-2.2.0.jar
7f04e6365000-7f04e6374000 r--s 0009f000 08:01 2628487                    /home/raphael/.m2/repository/com/google/inject/guice/3.0/guice-3.0.jar
7f04e6374000-7f04e6380000 r--s 00095000 08:01 2755382                    /home/raphael/.m2/repository/org/apache/hadoop/hadoop-mapreduce-client-common/2.2.0/hadoop-mapreduce-client-common-2.2.0.jar
7f04e6380000-7f04e8000000 rw-p 00000000 00:00 0 
7f04e8000000-7f04e8021000 rw-p 00000000 00:00 0 
7f04e8021000-7f04ec000000 ---p 00000000 00:00 0 
7f04ec000000-7f04ec004000 r--s 00027000 08:01 2755381                    /home/raphael/.m2/repository/org/apache/hadoop/hadoop-yarn-server-common/2.2.0/hadoop-yarn-server-common-2.2.0.jar
7f04ec004000-7f04ec006000 r--s 00000000 08:01 2628488                    /home/raphael/.m2/repository/aopalliance/aopalliance/1.0/aopalliance-1.0.jar
7f04ec006000-7f04ec007000 r--s 00000000 08:01 2628486                    /home/raphael/.m2/repository/javax/inject/javax.inject/1/javax.inject-1.jar
7f04ec007000-7f04ec00a000 r--s 00015000 08:01 2755387                    /home/raphael/.m2/repository/org/apache/hadoop/hadoop-yarn-client/2.2.0/hadoop-yarn-client-2.2.0.jar
7f04ec00a000-7f04ec013000 r--s 0006d000 08:01 2755370                    /home/raphael/.m2/repository/org/apache/hadoop/hadoop-mapreduce-client-app/2.2.0/hadoop-mapreduce-client-app-2.2.0.jar
7f04ec013000-7f04ec058000 r--s 004bb000 08:01 2755378                    /home/raphael/.m2/repository/org/apache/hadoop/hadoop-hdfs/2.2.0/hadoop-hdfs-2.2.0.jar
7f04ec058000-7f04ec059000 r--s 00000000 08:01 2755364                    /home/raphael/.m2/repository/org/apache/hadoop/hadoop-client/2.2.0/hadoop-client-2.2.0.jar
7f04ec059000-7f04ec05c000 r--s 00021000 08:01 9841153                    /home/raphael/.m2/repository/org/apache/xbean/xbean-asm5-shaded/4.4/xbean-asm5-shaded-4.4.jar
7f04ec05c000-7f04ec05e000 r--s 0000b000 08:01 9706670                    /home/raphael/.m2/repository/com/twitter/chill-java/0.8.0/chill-java-0.8.0.jar
7f04ec05e000-7f04ec060000 r--s 00009000 08:01 9841151                    /home/raphael/.m2/repository/org/objenesis/objenesis/2.1/objenesis-2.1.jar
7f04ec060000-7f04ec067000 r--s 00051000 08:01 9706665                    /home/raphael/.m2/repository/com/esotericsoftware/kryo-shaded/3.0.3/kryo-shaded-3.0.3.jar
7f04ec067000-7f04ec06c000 r--s 00032000 08:01 9576133                    /home/raphael/.m2/repository/com/twitter/chill_2.11/0.8.0/chill_2.11-0.8.0.jar
7f04ec06c000-7f04ec141000 r--s 00a59000 08:01 2755329                    /home/raphael/.m2/repository/org/apache/spark/spark-core_2.11/2.0.1/spark-core_2.11-2.0.1.jar
7f04ec141000-7f04ec199000 r--s 00523000 08:01 8531997                    /home/raphael/.m2/repository/org/scala-lang/scala-library/2.11.7/scala-library-2.11.7.jar
7f04ec199000-7f04ec1f1000 r--s 00523000 08:01 4867174                    /home/raphael/.ivy2/cache/org.scala-lang/scala-library/jars/scala-library-2.11.7.jar
7f04ec1f1000-7f04ec23d000 r--s 00412000 08:01 8126482                    /home/raphael/.ivy2/cache/org.scala-lang/scala-reflect/jars/scala-reflect-2.11.7.jar
7f04ec23d000-7f04ec240000 ---p 00000000 00:00 0 
7f04ec240000-7f04ec33e000 rw-p 00000000 00:00 0 
7f04ec33e000-7f04eccfd000 r--p 00000000 08:01 5381250                    /usr/lib/locale/locale-archive
7f04eccfd000-7f04ecd00000 ---p 00000000 00:00 0 
7f04ecd00000-7f04ecdfe000 rw-p 00000000 00:00 0 
7f04ecdfe000-7f04ece01000 ---p 00000000 00:00 0 
7f04ece01000-7f04eceff000 rw-p 00000000 00:00 0 
7f04eceff000-7f04ecf00000 ---p 00000000 00:00 0 
7f04ecf00000-7f04ed000000 rw-p 00000000 00:00 0 
7f04ed000000-7f04eda20000 rwxp 00000000 00:00 0 
7f04eda20000-7f04fc000000 ---p 00000000 00:00 0 
7f04fc000000-7f04fdd27000 rw-p 00000000 00:00 0 
7f04fdd27000-7f0500000000 ---p 00000000 00:00 0 
7f0500000000-7f0500007000 r--s 0004e000 08:01 9576134                    /home/raphael/.m2/repository/org/apache/avro/avro-ipc/1.7.7/avro-ipc-1.7.7-tests.jar
7f0500007000-7f050000b000 r--s 0002c000 08:01 9576131                    /home/raphael/.m2/repository/org/apache/avro/avro-ipc/1.7.7/avro-ipc-1.7.7.jar
7f050000b000-7f0500010000 r--s 00028000 08:01 9576128                    /home/raphael/.m2/repository/org/apache/avro/avro-mapred/1.7.7/avro-mapred-1.7.7-hadoop2.jar
7f0500010000-7f050001d000 r--s 000d1000 08:01 4867175                    /home/raphael/.ivy2/cache/org.scala-lang/scala-library/srcs/scala-library-2.11.7-sources.jar
7f050001d000-7f0500022000 r--s 00085000 08:01 5651583                    /home/raphael/.ivy2/cache/org.scala-lang/scala-reflect/srcs/scala-reflect-2.11.7-sources.jar
7f0500022000-7f0500035000 r--s 00345000 08:01 5395381                    /usr/lib/jvm/java-8-oracle/jre/lib/resources.jar
7f0500035000-7f0500048000 r--s 000d6000 08:01 5395284                    /usr/lib/jvm/java-8-oracle/jre/lib/plugin.jar
7f0500048000-7f050004d000 r--s 0009d000 08:01 5395400                    /usr/lib/jvm/java-8-oracle/jre/lib/jsse.jar
7f050004d000-7f0500052000 r--s 00084000 08:01 5395258                    /usr/lib/jvm/java-8-oracle/jre/lib/jfr.jar
7f0500052000-7f050005b000 r--s 0006d000 08:01 5395268                    /usr/lib/jvm/java-8-oracle/jre/lib/javaws.jar
7f050005b000-7f0500077000 r--s 0020b000 08:01 5395259                    /usr/lib/jvm/java-8-oracle/jre/lib/deploy.jar
7f0500077000-7f0500fd5000 rw-p 00000000 00:00 0 
7f0500fd5000-7f05011af000 r--s 03d6b000 08:01 5395342                    /usr/lib/jvm/java-8-oracle/jre/lib/rt.jar
7f05011af000-7f0501b77000 rw-p 00000000 00:00 0 
7f0501b77000-7f0501b78000 ---p 00000000 00:00 0 
7f0501b78000-7f0501c78000 rw-p 00000000 00:00 0 
7f0501c78000-7f0501c79000 ---p 00000000 00:00 0 
7f0501c79000-7f0501d79000 rw-p 00000000 00:00 0 
7f0501d79000-7f0501d7a000 ---p 00000000 00:00 0 
7f0501d7a000-7f0501e7a000 rw-p 00000000 00:00 0 
7f0501e7a000-7f0501e7b000 ---p 00000000 00:00 0 
7f0501e7b000-7f0501f90000 rw-p 00000000 00:00 0 
7f0501f90000-7f05020ab000 ---p 00000000 00:00 0 
7f05020ab000-7f05020c0000 rw-p 00000000 00:00 0 
7f05020c0000-7f05021db000 ---p 00000000 00:00 0 
7f05021db000-7f0502217000 rw-p 00000000 00:00 0 
7f0502217000-7f0502273000 ---p 00000000 00:00 0 
7f0502273000-7f050229d000 rw-p 00000000 00:00 0 
7f050229d000-7f0502634000 ---p 00000000 00:00 0 
7f0502634000-7f050264f000 r-xp 00000000 08:01 5395582                    /usr/lib/jvm/java-8-oracle/jre/lib/amd64/libzip.so
7f050264f000-7f050284f000 ---p 0001b000 08:01 5395582                    /usr/lib/jvm/java-8-oracle/jre/lib/amd64/libzip.so
7f050284f000-7f0502850000 rw-p 0001b000 08:01 5395582                    /usr/lib/jvm/java-8-oracle/jre/lib/amd64/libzip.so
7f0502850000-7f050285b000 r-xp 00000000 08:01 3150453                    /lib/x86_64-linux-gnu/libnss_files-2.23.so
7f050285b000-7f0502a5a000 ---p 0000b000 08:01 3150453                    /lib/x86_64-linux-gnu/libnss_files-2.23.so
7f0502a5a000-7f0502a5b000 r--p 0000a000 08:01 3150453                    /lib/x86_64-linux-gnu/libnss_files-2.23.so
7f0502a5b000-7f0502a5c000 rw-p 0000b000 08:01 3150453                    /lib/x86_64-linux-gnu/libnss_files-2.23.so
7f0502a5c000-7f0502a62000 rw-p 00000000 00:00 0 
7f0502a62000-7f0502a6d000 r-xp 00000000 08:01 3150463                    /lib/x86_64-linux-gnu/libnss_nis-2.23.so
7f0502a6d000-7f0502c6c000 ---p 0000b000 08:01 3150463                    /lib/x86_64-linux-gnu/libnss_nis-2.23.so
7f0502c6c000-7f0502c6d000 r--p 0000a000 08:01 3150463                    /lib/x86_64-linux-gnu/libnss_nis-2.23.so
7f0502c6d000-7f0502c6e000 rw-p 0000b000 08:01 3150463                    /lib/x86_64-linux-gnu/libnss_nis-2.23.so
7f0502c6e000-7f0502c84000 r-xp 00000000 08:01 3150447                    /lib/x86_64-linux-gnu/libnsl-2.23.so
7f0502c84000-7f0502e83000 ---p 00016000 08:01 3150447                    /lib/x86_64-linux-gnu/libnsl-2.23.so
7f0502e83000-7f0502e84000 r--p 00015000 08:01 3150447                    /lib/x86_64-linux-gnu/libnsl-2.23.so
7f0502e84000-7f0502e85000 rw-p 00016000 08:01 3150447                    /lib/x86_64-linux-gnu/libnsl-2.23.so
7f0502e85000-7f0502e87000 rw-p 00000000 00:00 0 
7f0502e87000-7f0502e8f000 r-xp 00000000 08:01 3150449                    /lib/x86_64-linux-gnu/libnss_compat-2.23.so
7f0502e8f000-7f050308e000 ---p 00008000 08:01 3150449                    /lib/x86_64-linux-gnu/libnss_compat-2.23.so
7f050308e000-7f050308f000 r--p 00007000 08:01 3150449                    /lib/x86_64-linux-gnu/libnss_compat-2.23.so
7f050308f000-7f0503090000 rw-p 00008000 08:01 3150449                    /lib/x86_64-linux-gnu/libnss_compat-2.23.so
7f0503090000-7f050309a000 r-xp 00000000 08:01 5395594                    /usr/lib/jvm/java-8-oracle/jre/lib/amd64/libinstrument.so
7f050309a000-7f0503299000 ---p 0000a000 08:01 5395594                    /usr/lib/jvm/java-8-oracle/jre/lib/amd64/libinstrument.so
7f0503299000-7f050329a000 rw-p 00009000 08:01 5395594                    /usr/lib/jvm/java-8-oracle/jre/lib/amd64/libinstrument.so
7f050329a000-7f05032c5000 r-xp 00000000 08:01 5395576                    /usr/lib/jvm/java-8-oracle/jre/lib/amd64/libjava.so
7f05032c5000-7f05034c4000 ---p 0002b000 08:01 5395576                    /usr/lib/jvm/java-8-oracle/jre/lib/amd64/libjava.so
7f05034c4000-7f05034c6000 rw-p 0002a000 08:01 5395576                    /usr/lib/jvm/java-8-oracle/jre/lib/amd64/libjava.so
7f05034c6000-7f05034d3000 r-xp 00000000 08:01 5395581                    /usr/lib/jvm/java-8-oracle/jre/lib/amd64/libverify.so
7f05034d3000-7f05036d3000 ---p 0000d000 08:01 5395581                    /usr/lib/jvm/java-8-oracle/jre/lib/amd64/libverify.so
7f05036d3000-7f05036d5000 rw-p 0000d000 08:01 5395581                    /usr/lib/jvm/java-8-oracle/jre/lib/amd64/libverify.so
7f05036d5000-7f05036dc000 r-xp 00000000 08:01 3150508                    /lib/x86_64-linux-gnu/librt-2.23.so
7f05036dc000-7f05038db000 ---p 00007000 08:01 3150508                    /lib/x86_64-linux-gnu/librt-2.23.so
7f05038db000-7f05038dc000 r--p 00006000 08:01 3150508                    /lib/x86_64-linux-gnu/librt-2.23.so
7f05038dc000-7f05038dd000 rw-p 00007000 08:01 3150508                    /lib/x86_64-linux-gnu/librt-2.23.so
7f05038dd000-7f05039e5000 r-xp 00000000 08:01 3150424                    /lib/x86_64-linux-gnu/libm-2.23.so
7f05039e5000-7f0503be4000 ---p 00108000 08:01 3150424                    /lib/x86_64-linux-gnu/libm-2.23.so
7f0503be4000-7f0503be5000 r--p 00107000 08:01 3150424                    /lib/x86_64-linux-gnu/libm-2.23.so
7f0503be5000-7f0503be6000 rw-p 00108000 08:01 3150424                    /lib/x86_64-linux-gnu/libm-2.23.so
7f0503be6000-7f05048c2000 r-xp 00000000 08:01 5395556                    /usr/lib/jvm/java-8-oracle/jre/lib/amd64/server/libjvm.so
7f05048c2000-7f0504ac2000 ---p 00cdc000 08:01 5395556                    /usr/lib/jvm/java-8-oracle/jre/lib/amd64/server/libjvm.so
7f0504ac2000-7f0504b9c000 rw-p 00cdc000 08:01 5395556                    /usr/lib/jvm/java-8-oracle/jre/lib/amd64/server/libjvm.so
7f0504b9c000-7f0504be7000 rw-p 00000000 00:00 0 
7f0504be7000-7f0504da7000 r-xp 00000000 08:01 3150354                    /lib/x86_64-linux-gnu/libc-2.23.so
7f0504da7000-7f0504fa7000 ---p 001c0000 08:01 3150354                    /lib/x86_64-linux-gnu/libc-2.23.so
7f0504fa7000-7f0504fab000 r--p 001c0000 08:01 3150354                    /lib/x86_64-linux-gnu/libc-2.23.so
7f0504fab000-7f0504fad000 rw-p 001c4000 08:01 3150354                    /lib/x86_64-linux-gnu/libc-2.23.so
7f0504fad000-7f0504fb1000 rw-p 00000000 00:00 0 
7f0504fb1000-7f0504fb4000 r-xp 00000000 08:01 3150378                    /lib/x86_64-linux-gnu/libdl-2.23.so
7f0504fb4000-7f05051b3000 ---p 00003000 08:01 3150378                    /lib/x86_64-linux-gnu/libdl-2.23.so
7f05051b3000-7f05051b4000 r--p 00002000 08:01 3150378                    /lib/x86_64-linux-gnu/libdl-2.23.so
7f05051b4000-7f05051b5000 rw-p 00003000 08:01 3150378                    /lib/x86_64-linux-gnu/libdl-2.23.so
7f05051b5000-7f05051cb000 r-xp 00000000 08:01 5395203                    /usr/lib/jvm/java-8-oracle/lib/amd64/jli/libjli.so
7f05051cb000-7f05053ca000 ---p 00016000 08:01 5395203                    /usr/lib/jvm/java-8-oracle/lib/amd64/jli/libjli.so
7f05053ca000-7f05053cb000 rw-p 00015000 08:01 5395203                    /usr/lib/jvm/java-8-oracle/lib/amd64/jli/libjli.so
7f05053cb000-7f05053e3000 r-xp 00000000 08:01 3150500                    /lib/x86_64-linux-gnu/libpthread-2.23.so
7f05053e3000-7f05055e2000 ---p 00018000 08:01 3150500                    /lib/x86_64-linux-gnu/libpthread-2.23.so
7f05055e2000-7f05055e3000 r--p 00017000 08:01 3150500                    /lib/x86_64-linux-gnu/libpthread-2.23.so
7f05055e3000-7f05055e4000 rw-p 00018000 08:01 3150500                    /lib/x86_64-linux-gnu/libpthread-2.23.so
7f05055e4000-7f05055e8000 rw-p 00000000 00:00 0 
7f05055e8000-7f050560e000 r-xp 00000000 08:01 3150326                    /lib/x86_64-linux-gnu/ld-2.23.so
7f050560e000-7f050560f000 r--s 00001000 08:01 9706669                    /home/raphael/.m2/repository/com/esotericsoftware/minlog/1.3.0/minlog-1.3.0.jar
7f050560f000-7f0505610000 r--s 00000000 08:01 5395265                    /usr/lib/jvm/java-8-oracle/jre/lib/management-agent.jar
7f0505610000-7f0505612000 r--s 00007000 08:01 5395520                    /usr/lib/jvm/java-8-oracle/jre/lib/jfxswt.jar
7f0505612000-7f0505615000 r--s 0001a000 08:01 5395518                    /usr/lib/jvm/java-8-oracle/jre/lib/jce.jar
7f0505615000-7f05056e6000 rw-p 00000000 00:00 0 
7f05056e6000-7f05056e9000 ---p 00000000 00:00 0 
7f05056e9000-7f05057ec000 rw-p 00000000 00:00 0 
7f05057ec000-7f05057f1000 r--s 002f9000 08:01 5395340                    /usr/lib/jvm/java-8-oracle/jre/lib/charsets.jar
7f05057f1000-7f0505803000 rw-p 00000000 00:00 0 
7f0505803000-7f050580b000 rw-s 00000000 08:01 7879464                    /tmp/hsperfdata_raphael/28694
7f050580b000-7f050580c000 rw-p 00000000 00:00 0 
7f050580c000-7f050580d000 ---p 00000000 00:00 0 
7f050580d000-7f050580e000 r--p 00025000 08:01 3150326                    /lib/x86_64-linux-gnu/ld-2.23.so
7f050580e000-7f050580f000 rw-p 00026000 08:01 3150326                    /lib/x86_64-linux-gnu/ld-2.23.so
7f050580f000-7f0505810000 rw-p 00000000 00:00 0 
7ffc87a91000-7ffc87ab6000 rw-p 00000000 00:00 0                          [stack]
7ffc87af3000-7ffc87af6000 r--p 00000000 00:00 0                          [vvar]
7ffc87af6000-7ffc87af8000 r-xp 00000000 00:00 0                          [vdso]
ffffffffff600000-ffffffffff601000 r-xp 00000000 00:00 0                  [vsyscall]

VM Arguments:
jvm_args: -javaagent:/home/raphael/Téléchargements/intellij/idea-IC-181.5281.24/lib/idea_rt.jar=41087:/home/raphael/Téléchargements/intellij/idea-IC-181.5281.24/bin -Dfile.encoding=UTF-8 
java_command: BP2I.DAG.App
java_class_path (initial): /usr/lib/jvm/java-8-oracle/jre/lib/charsets.jar:/usr/lib/jvm/java-8-oracle/jre/lib/deploy.jar:/usr/lib/jvm/java-8-oracle/jre/lib/ext/cldrdata.jar:/usr/lib/jvm/java-8-oracle/jre/lib/ext/dnsns.jar:/usr/lib/jvm/java-8-oracle/jre/lib/ext/jaccess.jar:/usr/lib/jvm/java-8-oracle/jre/lib/ext/jfxrt.jar:/usr/lib/jvm/java-8-oracle/jre/lib/ext/localedata.jar:/usr/lib/jvm/java-8-oracle/jre/lib/ext/nashorn.jar:/usr/lib/jvm/java-8-oracle/jre/lib/ext/sunec.jar:/usr/lib/jvm/java-8-oracle/jre/lib/ext/sunjce_provider.jar:/usr/lib/jvm/java-8-oracle/jre/lib/ext/sunpkcs11.jar:/usr/lib/jvm/java-8-oracle/jre/lib/ext/zipfs.jar:/usr/lib/jvm/java-8-oracle/jre/lib/javaws.jar:/usr/lib/jvm/java-8-oracle/jre/lib/jce.jar:/usr/lib/jvm/java-8-oracle/jre/lib/jfr.jar:/usr/lib/jvm/java-8-oracle/jre/lib/jfxswt.jar:/usr/lib/jvm/java-8-oracle/jre/lib/jsse.jar:/usr/lib/jvm/java-8-oracle/jre/lib/management-agent.jar:/usr/lib/jvm/java-8-oracle/jre/lib/plugin.jar:/usr/lib/jvm/java-8-oracle/jre/lib/resources.jar:/usr/lib/jvm/java-8-oracle/jre/lib/rt.jar:/home/raphael/workspace/BP2I_Spark/target/classes:/home/raphael/.ivy2/cache/org.scala-lang/scala-reflect/jars/scala-reflect-2.11.7.jar:/home/raphael/.ivy2/cache/org.scala-lang/scala-library/jars/scala-library-2.11.7.jar:/home/raphael/.ivy2/cache/org.scala-lang/scala-reflect/srcs/scala-reflect-2.11.7-sources.jar:/home/raphael/.ivy2/cache/org.scala-lang/scala-library/srcs/scala-library-2.11.7-sources.jar:/home/raphael/.m2/repository/org/scala-lang/scala-library/2.11.7/scala-library-2.11.7.jar:/home/raphael/.m2/repository/org/apache/spark/spark-core_2.11/2.0.1/spark-core_2.11-2.0.1.jar:/home/raphael/.m2/repository/org/apache/avro/avro-mapred/1.7.7/avro-mapred-1.7.7-hadoop2.jar:/home/raphael/.m2/repository/org/apache/avro/avro-ipc/1.7.7/avro-ipc-1.7.7.jar:/home/raphael/.m2/repository/org/apache/avro/avro-ipc/1.7.7/avro-ipc-1.7.7-tests.jar:/home/raphael/.m2/repository/com/twitter/chill_2.11/0.8.0/chill_2.11-0.8.0.jar:/home/raphael/.m2/re
Launcher Type: SUN_STANDARD

Environment Variables:
JAVA_HOME=/usr/lib/jvm/java-8-oracle
PATH=/home/raphael/bin:/home/raphael/.local/bin:/usr/local/sbin:/usr/local/bin:/usr/sbin:/usr/bin:/sbin:/bin:/usr/games:/usr/local/games:/snap/bin:/usr/lib/jvm/java-8-oracle/bin:/usr/lib/jvm/java-8-oracle/db/bin:/usr/lib/jvm/java-8-oracle/jre/bin
SHELL=/bin/bash
DISPLAY=:0

Signal Handlers:
SIGSEGV: [libjvm.so+0xad2a40], sa_mask[0]=11111111011111111101111111111110, sa_flags=SA_RESTART|SA_SIGINFO
SIGBUS: [libjvm.so+0xad2a40], sa_mask[0]=11111111011111111101111111111110, sa_flags=SA_RESTART|SA_SIGINFO
SIGFPE: [libjvm.so+0x92a610], sa_mask[0]=11111111011111111101111111111110, sa_flags=SA_RESTART|SA_SIGINFO
SIGPIPE: [libjvm.so+0x92a610], sa_mask[0]=11111111011111111101111111111110, sa_flags=SA_RESTART|SA_SIGINFO
SIGXFSZ: [libjvm.so+0x92a610], sa_mask[0]=11111111011111111101111111111110, sa_flags=SA_RESTART|SA_SIGINFO
SIGILL: [libjvm.so+0x92a610], sa_mask[0]=11111111011111111101111111111110, sa_flags=SA_RESTART|SA_SIGINFO
SIGUSR1: SIG_DFL, sa_mask[0]=00000000000000000000000000000000, sa_flags=none
SIGUSR2: [libjvm.so+0x92be70], sa_mask[0]=00100000000000000000000000000000, sa_flags=SA_RESTART|SA_SIGINFO
SIGHUP: [libjvm.so+0x92d270], sa_mask[0]=11111111011111111101111111111110, sa_flags=SA_RESTART|SA_SIGINFO
SIGINT: [libjvm.so+0x92d270], sa_mask[0]=11111111011111111101111111111110, sa_flags=SA_RESTART|SA_SIGINFO
SIGTERM: [libjvm.so+0x92d270], sa_mask[0]=11111111011111111101111111111110, sa_flags=SA_RESTART|SA_SIGINFO
SIGQUIT: [libjvm.so+0x92d270], sa_mask[0]=11111111011111111101111111111110, sa_flags=SA_RESTART|SA_SIGINFO


---------------  S Y S T E M  ---------------

OS:DISTRIB_ID=Ubuntu
DISTRIB_RELEASE=16.04
DISTRIB_CODENAME=xenial
DISTRIB_DESCRIPTION="Ubuntu 16.04.5 LTS"

uname:Linux 4.15.0-30-generic #32~16.04.1-Ubuntu SMP Thu Jul 26 20:25:39 UTC 2018 x86_64
libc:glibc 2.23 NPTL 2.23 
rlimit: STACK 8192k, CORE 0k, NPROC 14349, NOFILE 1048576, AS infinity
load average:5,16 2,58 1,69

/proc/meminfo:
MemTotal:        3733024 kB
MemFree:           89908 kB
MemAvailable:       4012 kB
Buffers:             344 kB
Cached:           212040 kB
SwapCached:          928 kB
Active:          2824588 kB
Inactive:         576184 kB
Active(anon):    2812572 kB
Inactive(anon):   562572 kB
Active(file):      12016 kB
Inactive(file):    13612 kB
Unevictable:          48 kB
Mlocked:              48 kB
SwapTotal:       3881980 kB
SwapFree:              4 kB
Dirty:               120 kB
Writeback:           336 kB
AnonPages:       3188512 kB
Mapped:           101340 kB
Shmem:            186020 kB
Slab:              94788 kB
SReclaimable:      41352 kB
SUnreclaim:        53436 kB
KernelStack:       17728 kB
PageTables:        65220 kB
NFS_Unstable:          0 kB
Bounce:                0 kB
WritebackTmp:          0 kB
CommitLimit:     5748492 kB
Committed_AS:   15334756 kB
VmallocTotal:   34359738367 kB
VmallocUsed:           0 kB
VmallocChunk:          0 kB
HardwareCorrupted:     0 kB
AnonHugePages:         0 kB
ShmemHugePages:        0 kB
ShmemPmdMapped:        0 kB
CmaTotal:              0 kB
CmaFree:               0 kB
HugePages_Total:       0
HugePages_Free:        0
HugePages_Rsvd:        0
HugePages_Surp:        0
Hugepagesize:       2048 kB
DirectMap4k:      201916 kB
DirectMap2M:     3682304 kB


CPU:total 4 (initial active 4) (2 cores per cpu, 2 threads per core) family 6 model 58 stepping 9, cmov, cx8, fxsr, mmx, sse, sse2, sse3, ssse3, sse4.1, sse4.2, popcnt, avx, aes, clmul, erms, ht, tsc, tscinvbit, tscinv

/proc/cpuinfo:
processor	: 0
vendor_id	: GenuineIntel
cpu family	: 6
model		: 58
model name	: Intel(R) Core(TM) i7-3520M CPU @ 2.90GHz
stepping	: 9
microcode	: 0x1f
cpu MHz		: 1388.338
cache size	: 4096 KB
physical id	: 0
siblings	: 4
core id		: 0
cpu cores	: 2
apicid		: 0
initial apicid	: 0
fpu		: yes
fpu_exception	: yes
cpuid level	: 13
wp		: yes
flags		: fpu vme de pse tsc msr pae mce cx8 apic sep mtrr pge mca cmov pat pse36 clflush dts acpi mmx fxsr sse sse2 ss ht tm pbe syscall nx rdtscp lm constant_tsc arch_perfmon pebs bts rep_good nopl xtopology nonstop_tsc cpuid aperfmperf pni pclmulqdq dtes64 monitor ds_cpl vmx smx est tm2 ssse3 cx16 xtpr pdcm pcid sse4_1 sse4_2 x2apic popcnt tsc_deadline_timer aes xsave avx f16c rdrand lahf_lm cpuid_fault epb pti ibrs ibpb stibp tpr_shadow vnmi flexpriority ept vpid fsgsbase smep erms xsaveopt dtherm ida arat pln pts
bugs		: cpu_meltdown spectre_v1 spectre_v2 spec_store_bypass
bogomips	: 5786.47
clflush size	: 64
cache_alignment	: 64
address sizes	: 36 bits physical, 48 bits virtual
power management:

processor	: 1
vendor_id	: GenuineIntel
cpu family	: 6
model		: 58
model name	: Intel(R) Core(TM) i7-3520M CPU @ 2.90GHz
stepping	: 9
microcode	: 0x1f
cpu MHz		: 1442.508
cache size	: 4096 KB
physical id	: 0
siblings	: 4
core id		: 0
cpu cores	: 3
apicid		: 1
initial apicid	: 1
fpu		: yes
fpu_exception	: yes
cpuid level	: 13
wp		: yes
flags		: fpu vme de pse tsc msr pae mce cx8 apic sep mtrr pge mca cmov pat pse36 clflush dts acpi mmx fxsr sse sse2 ss ht tm pbe syscall nx rdtscp lm constant_tsc arch_perfmon pebs bts rep_good nopl xtopology nonstop_tsc cpuid aperfmperf pni pclmulqdq dtes64 monitor ds_cpl vmx smx est tm2 ssse3 cx16 xtpr pdcm pcid sse4_1 sse4_2 x2apic popcnt tsc_deadline_timer aes xsave avx f16c rdrand lahf_lm cpuid_fault epb pti ibrs ibpb stibp tpr_shadow vnmi flexpriority ept vpid fsgsbase smep erms xsaveopt dtherm ida arat pln pts
bugs		: cpu_meltdown spectre_v1 spectre_v2 spec_store_bypass
bogomips	: 5786.47
clflush size	: 64
cache_alignment	: 64
address sizes	: 36 bits physical, 48 bits virtual
power management:

processor	: 2
vendor_id	: GenuineIntel
cpu family	: 6
model		: 58
model name	: Intel(R) Core(TM) i7-3520M CPU @ 2.90GHz
stepping	: 9
microcode	: 0x1f
cpu MHz		: 1625.643
cache size	: 4096 KB
physical id	: 0
siblings	: 4
core id		: 1
cpu cores	: 4
apicid		: 2
initial apicid	: 2
fpu		: yes
fpu_exception	: yes
cpuid level	: 13
wp		: yes
flags		: fpu vme de pse tsc msr pae mce cx8 apic sep mtrr pge mca cmov pat pse36 clflush dts acpi mmx fxsr sse sse2 ss ht tm pbe syscall nx rdtscp lm constant_tsc arch_perfmon pebs bts rep_good nopl xtopology nonstop_tsc cpuid aperfmperf pni pclmulqdq dtes64 monitor ds_cpl vmx smx est tm2 ssse3 cx16 xtpr pdcm pcid sse4_1 sse4_2 x2apic popcnt tsc_deadline_timer aes xsave avx f16c rdrand lahf_lm cpuid_fault epb pti ibrs ibpb stibp tpr_shadow vnmi flexpriority ept vpid fsgsbase smep erms xsaveopt dtherm ida arat pln pts
bugs		: cpu_meltdown spectre_v1 spectre_v2 spec_store_bypass
bogomips	: 5786.47
clflush size	: 64
cache_alignment	: 64
address sizes	: 36 bits physical, 48 bits virtual
power management:

processor	: 3
vendor_id	: GenuineIntel
cpu family	: 6
model		: 58
model name	: Intel(R) Core(TM) i7-3520M CPU @ 2.90GHz
stepping	: 9
microcode	: 0x1f
cpu MHz		: 1444.526
cache size	: 4096 KB
physical id	: 0
siblings	: 4
core id		: 1
cpu cores	: 1
apicid		: 3
initial apicid	: 3
fpu		: yes
fpu_exception	: yes
cpuid level	: 13
wp		: yes
flags		: fpu vme de pse tsc msr pae mce cx8 apic sep mtrr pge mca cmov pat pse36 clflush dts acpi mmx fxsr sse sse2 ss ht tm pbe syscall nx rdtscp lm constant_tsc arch_perfmon pebs bts rep_good nopl xtopology nonstop_tsc cpuid aperfmperf pni pclmulqdq dtes64 monitor ds_cpl vmx smx est tm2 ssse3 cx16 xtpr pdcm pcid sse4_1 sse4_2 x2apic popcnt tsc_deadline_timer aes xsave avx f16c rdrand lahf_lm cpuid_fault epb pti ibrs ibpb stibp tpr_shadow vnmi flexpriority ept vpid fsgsbase smep erms xsaveopt dtherm ida arat pln pts
bugs		: cpu_meltdown spectre_v1 spectre_v2 spec_store_bypass
bogomips	: 5786.47
clflush size	: 64
cache_alignment	: 64
address sizes	: 36 bits physical, 48 bits virtual
power management:



Memory: 4k page, physical 3733024k(86312k free), swap 3881980k(16k free)

vm_info: Java HotSpot(TM) 64-Bit Server VM (25.181-b13) for linux-amd64 JRE (1.8.0_181-b13), built on Jul  7 2018 00:56:38 by "java_re" with gcc 4.3.0 20080428 (Red Hat 4.3.0-8)

time: Fri Aug 17 09:52:04 2018
elapsed time: 13 seconds (0d 0h 0m 13s)

